TN:
SF:/Users/mmallin/src/artillery_range/llist.c
FN:7,llist_init
FN:14,llist_append
FN:42,llist_walk
FN:58,llist_unlink
FN:84,llist_walk_destroy
FNDA:7,llist_init
FNDA:13,llist_append
FNDA:1,llist_walk
FNDA:13,llist_unlink
FNDA:1,llist_walk_destroy
FNF:5
FNH:5
BRDA:9,0,0,0
BRDA:9,0,1,7
BRDA:19,0,0,0
BRDA:19,0,1,13
BRDA:20,0,0,0
BRDA:20,0,1,13
BRDA:24,0,0,5
BRDA:24,0,1,8
BRDA:32,1,0,15
BRDA:32,1,1,0
BRDA:32,3,2,7
BRDA:32,3,3,8
BRDA:48,0,0,0
BRDA:48,0,1,1
BRDA:51,1,0,5
BRDA:51,1,1,1
BRDA:66,0,0,2
BRDA:66,0,1,11
BRDA:74,0,0,7
BRDA:74,0,1,6
BRDA:91,0,0,0
BRDA:91,0,1,1
BRDA:94,1,0,5
BRDA:94,1,1,1
BRF:24
BRH:18
DA:9,7
DA:10,7
DA:11,7
DA:17,13
DA:19,13
DA:20,13
DA:22,13
DA:24,13
DA:25,5
DA:26,5
DA:27,5
DA:28,5
DA:31,8
DA:32,15
DA:33,7
DA:36,8
DA:37,8
DA:38,8
DA:39,13
DA:46,1
DA:48,1
DA:50,1
DA:51,6
DA:52,5
DA:53,5
DA:55,1
DA:63,13
DA:64,13
DA:66,13
DA:67,2
DA:68,2
DA:71,11
DA:74,13
DA:75,7
DA:76,7
DA:78,13
DA:79,13
DA:80,13
DA:81,13
DA:88,1
DA:89,1
DA:91,1
DA:93,1
DA:94,6
DA:95,5
DA:96,5
DA:97,5
DA:98,5
DA:100,1
LF:49
LH:49
end_of_record
TN:
SF:/usr/local/include/CppUTest/Utest.h
FN:62,_ZN14TestTerminatorC2Ev
FN:69,_ZN20NormalTestTerminatorC2Ev
FN:69,_ZN20NormalTestTerminatorC1Ev
FNDA:87,_ZN14TestTerminatorC2Ev
FNDA:87,_ZN20NormalTestTerminatorC1Ev
FNDA:87,_ZN20NormalTestTerminatorC2Ev
FNF:3
FNH:3
DA:62,87
DA:69,87
LF:2
LH:2
end_of_record
SF:/Users/mmallin/src/artillery_range/test/llist_test.cpp
FN:6,_ZN29TEST_GROUP_CppUTestGroupllistC2Ev
FN:6,_ZN29TEST_GROUP_CppUTestGroupllistD1Ev
FN:6,_ZN29TEST_GROUP_CppUTestGroupllistD0Ev
FN:6,_ZN29TEST_GROUP_CppUTestGroupllistD2Ev
FN:11,_ZN29TEST_GROUP_CppUTestGroupllist5setupEv
FN:19,_ZN29TEST_GROUP_CppUTestGroupllist8teardownEv
FN:26,_ZN29TEST_llist_InitHead_TestShellC2Ev
FN:26,__cxx_global_var_init.1
FN:26,_ZN24TEST_llist_InitHead_TestC2Ev
FN:26,_ZN29TEST_llist_InitHead_TestShellC1Ev
FN:26,_ZN24TEST_llist_InitHead_TestD2Ev
FN:26,_ZN24TEST_llist_InitHead_TestC1Ev
FN:26,_ZN24TEST_llist_InitHead_TestD1Ev
FN:26,_ZN29TEST_llist_InitHead_TestShellD2Ev
FN:26,__cxx_global_var_init
FN:26,_ZN24TEST_llist_InitHead_TestD0Ev
FN:26,_ZN29TEST_llist_InitHead_TestShell10createTestEv
FN:26,_ZN29TEST_llist_InitHead_TestShellD1Ev
FN:26,_ZN24TEST_llist_InitHead_Test8testBodyEv
FN:26,_ZN29TEST_llist_InitHead_TestShellD0Ev
FN:36,__cxx_global_var_init.5
FN:36,_ZN26TEST_llist_AddOneElem_TestC1Ev
FN:36,__cxx_global_var_init.4
FN:36,_ZN31TEST_llist_AddOneElem_TestShellD1Ev
FN:36,_ZN26TEST_llist_AddOneElem_TestD0Ev
FN:36,_ZN31TEST_llist_AddOneElem_TestShellC1Ev
FN:36,_ZN26TEST_llist_AddOneElem_TestC2Ev
FN:36,_ZN31TEST_llist_AddOneElem_TestShell10createTestEv
FN:36,_ZN31TEST_llist_AddOneElem_TestShellC2Ev
FN:36,_ZN26TEST_llist_AddOneElem_TestD1Ev
FN:36,_ZN26TEST_llist_AddOneElem_TestD2Ev
FN:36,_ZN31TEST_llist_AddOneElem_TestShellD0Ev
FN:36,_ZN31TEST_llist_AddOneElem_TestShellD2Ev
FN:36,_ZN26TEST_llist_AddOneElem_Test8testBodyEv
FN:53,_ZN32TEST_llist_AddTwoRemoveLast_TestC1Ev
FN:53,_ZN32TEST_llist_AddTwoRemoveLast_TestD2Ev
FN:53,_ZN32TEST_llist_AddTwoRemoveLast_TestD0Ev
FN:53,_ZN32TEST_llist_AddTwoRemoveLast_TestC2Ev
FN:53,__cxx_global_var_init.8
FN:53,_ZN37TEST_llist_AddTwoRemoveLast_TestShellD0Ev
FN:53,_ZN37TEST_llist_AddTwoRemoveLast_TestShellC1Ev
FN:53,_ZN37TEST_llist_AddTwoRemoveLast_TestShellC2Ev
FN:53,__cxx_global_var_init.7
FN:53,_ZN32TEST_llist_AddTwoRemoveLast_Test8testBodyEv
FN:53,_ZN32TEST_llist_AddTwoRemoveLast_TestD1Ev
FN:53,_ZN37TEST_llist_AddTwoRemoveLast_TestShellD1Ev
FN:53,_ZN37TEST_llist_AddTwoRemoveLast_TestShell10createTestEv
FN:53,_ZN37TEST_llist_AddTwoRemoveLast_TestShellD2Ev
FN:77,__cxx_global_var_init.11
FN:77,_ZN33TEST_llist_AddTwoRemoveFirst_Test8testBodyEv
FN:77,_ZN38TEST_llist_AddTwoRemoveFirst_TestShellC1Ev
FN:77,_ZN33TEST_llist_AddTwoRemoveFirst_TestD1Ev
FN:77,_ZN38TEST_llist_AddTwoRemoveFirst_TestShellC2Ev
FN:77,_ZN33TEST_llist_AddTwoRemoveFirst_TestC2Ev
FN:77,_ZN38TEST_llist_AddTwoRemoveFirst_TestShellD0Ev
FN:77,_ZN38TEST_llist_AddTwoRemoveFirst_TestShell10createTestEv
FN:77,_ZN38TEST_llist_AddTwoRemoveFirst_TestShellD2Ev
FN:77,_ZN33TEST_llist_AddTwoRemoveFirst_TestC1Ev
FN:77,__cxx_global_var_init.10
FN:77,_ZN33TEST_llist_AddTwoRemoveFirst_TestD2Ev
FN:77,_ZN33TEST_llist_AddTwoRemoveFirst_TestD0Ev
FN:77,_ZN38TEST_llist_AddTwoRemoveFirst_TestShellD1Ev
FN:91,_ZN41TEST_llist_AddThreeRemoveMiddle_TestShellC1Ev
FN:91,_ZN36TEST_llist_AddThreeRemoveMiddle_TestD0Ev
FN:91,_ZN36TEST_llist_AddThreeRemoveMiddle_TestD1Ev
FN:91,_ZN41TEST_llist_AddThreeRemoveMiddle_TestShellD1Ev
FN:91,__cxx_global_var_init.14
FN:91,_ZN36TEST_llist_AddThreeRemoveMiddle_Test8testBodyEv
FN:91,_ZN41TEST_llist_AddThreeRemoveMiddle_TestShellD0Ev
FN:91,_ZN41TEST_llist_AddThreeRemoveMiddle_TestShellC2Ev
FN:91,_ZN36TEST_llist_AddThreeRemoveMiddle_TestD2Ev
FN:91,__cxx_global_var_init.13
FN:91,_ZN41TEST_llist_AddThreeRemoveMiddle_TestShell10createTestEv
FN:91,_ZN36TEST_llist_AddThreeRemoveMiddle_TestC1Ev
FN:91,_ZN36TEST_llist_AddThreeRemoveMiddle_TestC2Ev
FN:91,_ZN41TEST_llist_AddThreeRemoveMiddle_TestShellD2Ev
FN:122,_Z15llist_test_walkP14llist_elem_st_Pv
FN:129,_Z23llist_test_destroy_walkP14llist_elem_st_Pv
FN:137,__cxx_global_var_init.17
FN:137,_ZN33TEST_llist_FiveElemWalk_TestShellD2Ev
FN:137,_ZN33TEST_llist_FiveElemWalk_TestShellD0Ev
FN:137,_ZN33TEST_llist_FiveElemWalk_TestShellC2Ev
FN:137,_ZN28TEST_llist_FiveElemWalk_TestD0Ev
FN:137,_ZN28TEST_llist_FiveElemWalk_TestD2Ev
FN:137,_ZN28TEST_llist_FiveElemWalk_Test8testBodyEv
FN:137,_ZN33TEST_llist_FiveElemWalk_TestShell10createTestEv
FN:137,__cxx_global_var_init.16
FN:137,_ZN33TEST_llist_FiveElemWalk_TestShellD1Ev
FN:137,_ZN28TEST_llist_FiveElemWalk_TestC2Ev
FN:137,_ZN28TEST_llist_FiveElemWalk_TestC1Ev
FN:137,_ZN33TEST_llist_FiveElemWalk_TestShellC1Ev
FN:137,_ZN28TEST_llist_FiveElemWalk_TestD1Ev
FNDA:6,_ZN29TEST_GROUP_CppUTestGroupllistC2Ev
FNDA:0,_ZN29TEST_GROUP_CppUTestGroupllistD1Ev
FNDA:0,_ZN29TEST_GROUP_CppUTestGroupllistD0Ev
FNDA:6,_ZN29TEST_GROUP_CppUTestGroupllistD2Ev
FNDA:6,_ZN29TEST_GROUP_CppUTestGroupllist5setupEv
FNDA:6,_ZN29TEST_GROUP_CppUTestGroupllist8teardownEv
FNDA:1,__cxx_global_var_init
FNDA:1,_ZN29TEST_llist_InitHead_TestShellC1Ev
FNDA:1,_ZN29TEST_llist_InitHead_TestShellD1Ev
FNDA:1,__cxx_global_var_init.1
FNDA:1,_ZN24TEST_llist_InitHead_Test8testBodyEv
FNDA:1,_ZN24TEST_llist_InitHead_TestD1Ev
FNDA:1,_ZN24TEST_llist_InitHead_TestD0Ev
FNDA:1,_ZN29TEST_llist_InitHead_TestShellC2Ev
FNDA:0,_ZN29TEST_llist_InitHead_TestShellD0Ev
FNDA:1,_ZN29TEST_llist_InitHead_TestShell10createTestEv
FNDA:1,_ZN24TEST_llist_InitHead_TestC1Ev
FNDA:1,_ZN24TEST_llist_InitHead_TestC2Ev
FNDA:1,_ZN29TEST_llist_InitHead_TestShellD2Ev
FNDA:1,_ZN24TEST_llist_InitHead_TestD2Ev
FNDA:1,__cxx_global_var_init.4
FNDA:1,_ZN31TEST_llist_AddOneElem_TestShellC1Ev
FNDA:1,_ZN31TEST_llist_AddOneElem_TestShellD1Ev
FNDA:1,__cxx_global_var_init.5
FNDA:1,_ZN26TEST_llist_AddOneElem_Test8testBodyEv
FNDA:1,_ZN26TEST_llist_AddOneElem_TestD1Ev
FNDA:1,_ZN26TEST_llist_AddOneElem_TestD0Ev
FNDA:1,_ZN31TEST_llist_AddOneElem_TestShellC2Ev
FNDA:0,_ZN31TEST_llist_AddOneElem_TestShellD0Ev
FNDA:1,_ZN31TEST_llist_AddOneElem_TestShell10createTestEv
FNDA:1,_ZN26TEST_llist_AddOneElem_TestC1Ev
FNDA:1,_ZN26TEST_llist_AddOneElem_TestC2Ev
FNDA:1,_ZN31TEST_llist_AddOneElem_TestShellD2Ev
FNDA:1,_ZN26TEST_llist_AddOneElem_TestD2Ev
FNDA:1,__cxx_global_var_init.7
FNDA:1,_ZN37TEST_llist_AddTwoRemoveLast_TestShellC1Ev
FNDA:1,_ZN37TEST_llist_AddTwoRemoveLast_TestShellD1Ev
FNDA:1,__cxx_global_var_init.8
FNDA:1,_ZN32TEST_llist_AddTwoRemoveLast_Test8testBodyEv
FNDA:1,_ZN32TEST_llist_AddTwoRemoveLast_TestD1Ev
FNDA:1,_ZN32TEST_llist_AddTwoRemoveLast_TestD0Ev
FNDA:1,_ZN37TEST_llist_AddTwoRemoveLast_TestShellC2Ev
FNDA:0,_ZN37TEST_llist_AddTwoRemoveLast_TestShellD0Ev
FNDA:1,_ZN37TEST_llist_AddTwoRemoveLast_TestShell10createTestEv
FNDA:1,_ZN32TEST_llist_AddTwoRemoveLast_TestC1Ev
FNDA:1,_ZN32TEST_llist_AddTwoRemoveLast_TestC2Ev
FNDA:1,_ZN37TEST_llist_AddTwoRemoveLast_TestShellD2Ev
FNDA:1,_ZN32TEST_llist_AddTwoRemoveLast_TestD2Ev
FNDA:1,__cxx_global_var_init.10
FNDA:1,_ZN38TEST_llist_AddTwoRemoveFirst_TestShellC1Ev
FNDA:1,_ZN38TEST_llist_AddTwoRemoveFirst_TestShellD1Ev
FNDA:1,__cxx_global_var_init.11
FNDA:1,_ZN33TEST_llist_AddTwoRemoveFirst_Test8testBodyEv
FNDA:1,_ZN33TEST_llist_AddTwoRemoveFirst_TestD1Ev
FNDA:1,_ZN33TEST_llist_AddTwoRemoveFirst_TestD0Ev
FNDA:1,_ZN38TEST_llist_AddTwoRemoveFirst_TestShellC2Ev
FNDA:0,_ZN38TEST_llist_AddTwoRemoveFirst_TestShellD0Ev
FNDA:1,_ZN38TEST_llist_AddTwoRemoveFirst_TestShell10createTestEv
FNDA:1,_ZN33TEST_llist_AddTwoRemoveFirst_TestC1Ev
FNDA:1,_ZN33TEST_llist_AddTwoRemoveFirst_TestC2Ev
FNDA:1,_ZN38TEST_llist_AddTwoRemoveFirst_TestShellD2Ev
FNDA:1,_ZN33TEST_llist_AddTwoRemoveFirst_TestD2Ev
FNDA:1,__cxx_global_var_init.13
FNDA:1,_ZN41TEST_llist_AddThreeRemoveMiddle_TestShellC1Ev
FNDA:1,_ZN41TEST_llist_AddThreeRemoveMiddle_TestShellD1Ev
FNDA:1,__cxx_global_var_init.14
FNDA:1,_ZN36TEST_llist_AddThreeRemoveMiddle_Test8testBodyEv
FNDA:1,_ZN36TEST_llist_AddThreeRemoveMiddle_TestD1Ev
FNDA:1,_ZN36TEST_llist_AddThreeRemoveMiddle_TestD0Ev
FNDA:1,_ZN41TEST_llist_AddThreeRemoveMiddle_TestShellC2Ev
FNDA:0,_ZN41TEST_llist_AddThreeRemoveMiddle_TestShellD0Ev
FNDA:1,_ZN41TEST_llist_AddThreeRemoveMiddle_TestShell10createTestEv
FNDA:1,_ZN36TEST_llist_AddThreeRemoveMiddle_TestC1Ev
FNDA:1,_ZN36TEST_llist_AddThreeRemoveMiddle_TestC2Ev
FNDA:1,_ZN41TEST_llist_AddThreeRemoveMiddle_TestShellD2Ev
FNDA:1,_ZN36TEST_llist_AddThreeRemoveMiddle_TestD2Ev
FNDA:5,_Z15llist_test_walkP14llist_elem_st_Pv
FNDA:5,_Z23llist_test_destroy_walkP14llist_elem_st_Pv
FNDA:1,__cxx_global_var_init.16
FNDA:1,_ZN33TEST_llist_FiveElemWalk_TestShellC1Ev
FNDA:1,_ZN33TEST_llist_FiveElemWalk_TestShellD1Ev
FNDA:1,__cxx_global_var_init.17
FNDA:1,_ZN28TEST_llist_FiveElemWalk_Test8testBodyEv
FNDA:1,_ZN28TEST_llist_FiveElemWalk_TestD1Ev
FNDA:1,_ZN28TEST_llist_FiveElemWalk_TestD0Ev
FNDA:1,_ZN33TEST_llist_FiveElemWalk_TestShellC2Ev
FNDA:0,_ZN33TEST_llist_FiveElemWalk_TestShellD0Ev
FNDA:1,_ZN33TEST_llist_FiveElemWalk_TestShell10createTestEv
FNDA:1,_ZN28TEST_llist_FiveElemWalk_TestC1Ev
FNDA:1,_ZN28TEST_llist_FiveElemWalk_TestC2Ev
FNDA:1,_ZN33TEST_llist_FiveElemWalk_TestShellD2Ev
FNDA:1,_ZN28TEST_llist_FiveElemWalk_TestD2Ev
FNF:92
FNH:84
BRDA:14,0,0,6
BRDA:14,0,1,0
BRDA:15,0,0,6
BRDA:15,0,1,0
BRDA:21,0,0,6
BRDA:21,0,1,0
BRDA:22,0,0,6
BRDA:22,0,1,0
BRDA:26,10,0,1
BRDA:26,10,1,0
BRDA:32,0,0,1
BRDA:32,0,1,0
BRDA:33,0,0,1
BRDA:33,0,1,0
BRDA:36,10,0,1
BRDA:36,10,1,0
BRDA:41,0,0,1
BRDA:41,0,1,0
BRDA:42,0,0,1
BRDA:42,0,1,0
BRDA:43,0,0,1
BRDA:43,0,1,0
BRDA:44,0,0,1
BRDA:44,0,1,0
BRDA:47,0,0,1
BRDA:47,0,1,0
BRDA:48,0,0,1
BRDA:48,0,1,0
BRDA:49,0,0,1
BRDA:49,0,1,0
BRDA:50,0,0,1
BRDA:50,0,1,0
BRDA:53,10,0,1
BRDA:53,10,1,0
BRDA:59,0,0,1
BRDA:59,0,1,0
BRDA:60,0,0,1
BRDA:60,0,1,0
BRDA:61,0,0,1
BRDA:61,0,1,0
BRDA:62,0,0,1
BRDA:62,0,1,0
BRDA:63,0,0,1
BRDA:63,0,1,0
BRDA:64,0,0,1
BRDA:64,0,1,0
BRDA:67,0,0,1
BRDA:67,0,1,0
BRDA:68,0,0,1
BRDA:68,0,1,0
BRDA:69,0,0,1
BRDA:69,0,1,0
BRDA:70,0,0,1
BRDA:70,0,1,0
BRDA:71,0,0,1
BRDA:71,0,1,0
BRDA:72,0,0,1
BRDA:72,0,1,0
BRDA:77,10,0,1
BRDA:77,10,1,0
BRDA:84,0,0,1
BRDA:84,0,1,0
BRDA:85,0,0,1
BRDA:85,0,1,0
BRDA:86,0,0,1
BRDA:86,0,1,0
BRDA:91,10,0,1
BRDA:91,10,1,0
BRDA:96,1,0,3
BRDA:96,1,1,1
BRDA:100,0,0,1
BRDA:100,0,1,0
BRDA:102,0,0,1
BRDA:102,0,1,0
BRDA:103,0,0,1
BRDA:103,0,1,0
BRDA:105,0,0,1
BRDA:105,0,1,0
BRDA:106,0,0,1
BRDA:106,0,1,0
BRDA:108,0,0,1
BRDA:108,0,1,0
BRDA:109,0,0,1
BRDA:109,0,1,0
BRDA:112,0,0,1
BRDA:112,0,1,0
BRDA:114,0,0,1
BRDA:114,0,1,0
BRDA:115,0,0,1
BRDA:115,0,1,0
BRDA:133,0,0,5
BRDA:133,0,1,0
BRDA:134,0,0,5
BRDA:134,0,1,0
BRDA:137,10,0,1
BRDA:137,10,1,0
BRDA:143,1,0,5
BRDA:143,1,1,1
BRDA:149,0,0,1
BRDA:149,0,1,0
BRF:100
BRH:52
DA:6,6
DA:13,6
DA:14,6
DA:15,6
DA:16,6
DA:21,6
DA:22,6
DA:23,6
DA:26,1
DA:28,1
DA:29,1
DA:31,1
DA:32,1
DA:33,1
DA:34,1
DA:36,1
DA:40,1
DA:41,1
DA:42,1
DA:43,1
DA:44,1
DA:46,1
DA:47,1
DA:48,1
DA:49,1
DA:50,1
DA:51,1
DA:53,1
DA:57,1
DA:58,1
DA:59,1
DA:60,1
DA:61,1
DA:62,1
DA:63,1
DA:64,1
DA:66,1
DA:67,1
DA:68,1
DA:69,1
DA:70,1
DA:71,1
DA:72,1
DA:74,1
DA:75,1
DA:77,1
DA:81,1
DA:82,1
DA:83,1
DA:84,1
DA:85,1
DA:86,1
DA:88,1
DA:89,1
DA:91,1
DA:96,4
DA:97,3
DA:98,3
DA:100,1
DA:102,1
DA:103,1
DA:105,1
DA:106,1
DA:108,1
DA:109,1
DA:111,1
DA:112,1
DA:114,1
DA:115,1
DA:117,1
DA:118,1
DA:119,1
DA:124,5
DA:125,5
DA:126,5
DA:131,5
DA:132,5
DA:133,5
DA:134,5
DA:135,5
DA:137,1
DA:140,1
DA:141,1
DA:143,6
DA:144,5
DA:145,5
DA:147,1
DA:148,1
DA:149,1
DA:151,1
DA:153,1
DA:154,1
DA:155,1
LF:93
LH:93
end_of_record
TN:
SF:/Users/mmallin/src/artillery_range/test/AllTests.cpp
FN:3,main
FNDA:1,main
FNF:1
FNH:1
DA:5,1
LF:1
LH:1
end_of_record
TN:
SF:/Library/Developer/CommandLineTools/usr/include/c++/v1/exception
FN:100,_ZNSt9exceptionC1Ev
FN:100,_ZNSt9exceptionC2Ev
FNDA:3,_ZNSt9exceptionC1Ev
FNDA:3,_ZNSt9exceptionC2Ev
FNF:2
FNH:2
DA:100,3
LF:1
LH:1
end_of_record
SF:/usr/local/include/CppUTest/Utest.h
FN:62,_ZN14TestTerminatorC2Ev
FN:69,_ZN20NormalTestTerminatorC2Ev
FN:69,_ZN20NormalTestTerminatorC1Ev
FNDA:0,_ZN14TestTerminatorC2Ev
FNDA:0,_ZN20NormalTestTerminatorC1Ev
FNDA:0,_ZN20NormalTestTerminatorC2Ev
FNF:3
FNH:0
DA:62,0
DA:69,0
LF:2
LH:0
end_of_record
SF:/usr/local/include/CppUTestExt/MockActualCall.h
FN:47,_ZN14MockActualCall13withParameterERK12SimpleStringi
FN:53,_ZN14MockActualCall13withParameterERK12SimpleStringPv
FNDA:18,_ZN14MockActualCall13withParameterERK12SimpleStringi
FNDA:4,_ZN14MockActualCall13withParameterERK12SimpleStringPv
FNF:2
FNH:2
DA:47,18
DA:53,4
LF:2
LH:2
end_of_record
SF:/usr/local/include/CppUTestExt/MockExpectedCall.h
FN:44,_ZN16MockExpectedCall13withParameterERK12SimpleStringi
FN:50,_ZN16MockExpectedCall13withParameterERK12SimpleStringPv
FNDA:18,_ZN16MockExpectedCall13withParameterERK12SimpleStringi
FNDA:4,_ZN16MockExpectedCall13withParameterERK12SimpleStringPv
FNF:2
FNH:2
DA:44,18
DA:50,4
LF:2
LH:2
end_of_record
SF:/Users/mmallin/src/artillery_range/game_client.c
FN:24,_ZL23game_client_open_socketv
FN:53,_ZL24game_client_close_socketv
FN:64,_ZL21game_client_main_loopv
FN:78,_ZL18game_client_threadPv
FN:92,game_client_start
FN:109,game_client_finish
FNDA:3,_ZL23game_client_open_socketv
FNDA:2,_ZL24game_client_close_socketv
FNDA:3,_ZL21game_client_main_loopv
FNDA:0,_ZL18game_client_threadPv
FNDA:2,game_client_start
FNDA:2,game_client_finish
FNF:6
FNH:5
BRDA:32,0,0,1
BRDA:32,0,1,2
BRDA:41,0,0,1
BRDA:41,0,1,1
BRDA:56,0,0,1
BRDA:56,0,1,1
BRDA:68,0,0,1
BRDA:68,0,1,2
BRDA:82,1,0,-
BRDA:82,1,1,-
BRDA:100,0,0,1
BRDA:100,0,1,1
BRDA:116,0,0,1
BRDA:116,0,1,1
BRF:14
BRH:12
DA:27,3
DA:28,3
DA:30,3
DA:31,3
DA:32,3
DA:33,1
DA:34,1
DA:37,2
DA:39,2
DA:40,2
DA:41,2
DA:42,1
DA:43,1
DA:44,1
DA:45,1
DA:48,1
DA:49,1
DA:50,1
DA:55,2
DA:56,2
DA:57,1
DA:58,1
DA:60,2
DA:61,2
DA:66,3
DA:68,3
DA:69,1
DA:70,1
DA:73,1
DA:74,1
DA:75,3
DA:80,0
DA:82,0
DA:83,0
DA:86,0
DA:88,0
DA:96,2
DA:98,2
DA:100,2
DA:101,1
DA:102,1
DA:103,1
DA:104,1
DA:106,1
DA:113,2
DA:115,2
DA:116,2
DA:117,1
DA:118,1
DA:120,2
DA:121,2
DA:122,2
LF:52
LH:47
end_of_record
SF:/Users/mmallin/src/artillery_range/test/game_client_test.cpp
FN:12,_ZN43TEST_GROUP_CppUTestGroupgame_client_ext_apiD0Ev
FN:12,_ZN43TEST_GROUP_CppUTestGroupgame_client_ext_apiD2Ev
FN:12,_ZN43TEST_GROUP_CppUTestGroupgame_client_ext_apiD1Ev
FN:12,_ZN43TEST_GROUP_CppUTestGroupgame_client_ext_apiC2Ev
FN:24,_ZN43TEST_GROUP_CppUTestGroupgame_client_ext_api8teardownEv
FN:32,_ZN42TEST_GROUP_CppUTestGroupgame_client_socketD2Ev
FN:32,_ZN42TEST_GROUP_CppUTestGroupgame_client_socketD1Ev
FN:32,_ZN42TEST_GROUP_CppUTestGroupgame_client_socketD0Ev
FN:32,_ZN42TEST_GROUP_CppUTestGroupgame_client_socketC2Ev
FN:35,_ZN42TEST_GROUP_CppUTestGroupgame_client_socket5setupEv
FN:50,_ZN42TEST_GROUP_CppUTestGroupgame_client_socket8teardownEv
FN:57,_ZN45TEST_GROUP_CppUTestGroupgame_client_main_loopD1Ev
FN:57,_ZN45TEST_GROUP_CppUTestGroupgame_client_main_loopD2Ev
FN:57,_ZN45TEST_GROUP_CppUTestGroupgame_client_main_loopD0Ev
FN:57,_ZN45TEST_GROUP_CppUTestGroupgame_client_main_loopC2Ev
FN:60,_ZN45TEST_GROUP_CppUTestGroupgame_client_main_loop8teardownEv
FN:70,SDL_Log
FN:79,pthread_create
FN:90,_pthread_join
FN:100,exit
FN:108,socket
FN:120,_connect
FN:133,_close
FN:143,_write
FN:154,_ZN48TEST_game_client_ext_api_setup_success_TestShellC2Ev
FN:154,_ZN43TEST_game_client_ext_api_setup_success_TestC2Ev
FN:154,_ZN48TEST_game_client_ext_api_setup_success_TestShellD1Ev
FN:154,_ZN43TEST_game_client_ext_api_setup_success_TestD1Ev
FN:154,__cxx_global_var_init
FN:154,_ZN48TEST_game_client_ext_api_setup_success_TestShellD0Ev
FN:154,_ZN48TEST_game_client_ext_api_setup_success_TestShellC1Ev
FN:154,_ZN48TEST_game_client_ext_api_setup_success_TestShell10createTestEv
FN:154,_ZN43TEST_game_client_ext_api_setup_success_Test8testBodyEv
FN:154,__cxx_global_var_init.18
FN:154,_ZN43TEST_game_client_ext_api_setup_success_TestC1Ev
FN:154,_ZN43TEST_game_client_ext_api_setup_success_TestD2Ev
FN:154,_ZN43TEST_game_client_ext_api_setup_success_TestD0Ev
FN:154,_ZN48TEST_game_client_ext_api_setup_success_TestShellD2Ev
FN:169,_ZN56TEST_game_client_ext_api_setup_pthread_failure_TestShellD1Ev
FN:169,_ZN56TEST_game_client_ext_api_setup_pthread_failure_TestShellD0Ev
FN:169,_ZN51TEST_game_client_ext_api_setup_pthread_failure_TestD1Ev
FN:169,__cxx_global_var_init.24
FN:169,_ZN56TEST_game_client_ext_api_setup_pthread_failure_TestShellD2Ev
FN:169,_ZN51TEST_game_client_ext_api_setup_pthread_failure_Test8testBodyEv
FN:169,_ZN56TEST_game_client_ext_api_setup_pthread_failure_TestShellC2Ev
FN:169,_ZN51TEST_game_client_ext_api_setup_pthread_failure_TestD2Ev
FN:169,_ZN56TEST_game_client_ext_api_setup_pthread_failure_TestShellC1Ev
FN:169,_ZN51TEST_game_client_ext_api_setup_pthread_failure_TestC2Ev
FN:169,__cxx_global_var_init.25
FN:169,_ZN51TEST_game_client_ext_api_setup_pthread_failure_TestC1Ev
FN:169,_ZN51TEST_game_client_ext_api_setup_pthread_failure_TestD0Ev
FN:169,_ZN56TEST_game_client_ext_api_setup_pthread_failure_TestShell10createTestEv
FN:183,_ZN44TEST_game_client_ext_api_finish_success_TestC2Ev
FN:183,__cxx_global_var_init.30
FN:183,_ZN49TEST_game_client_ext_api_finish_success_TestShell10createTestEv
FN:183,_ZN44TEST_game_client_ext_api_finish_success_TestD1Ev
FN:183,_ZN44TEST_game_client_ext_api_finish_success_TestD0Ev
FN:183,_ZN49TEST_game_client_ext_api_finish_success_TestShellD2Ev
FN:183,_ZN49TEST_game_client_ext_api_finish_success_TestShellC2Ev
FN:183,_ZN44TEST_game_client_ext_api_finish_success_TestD2Ev
FN:183,_ZN49TEST_game_client_ext_api_finish_success_TestShellC1Ev
FN:183,_ZN44TEST_game_client_ext_api_finish_success_TestC1Ev
FN:183,_ZN44TEST_game_client_ext_api_finish_success_Test8testBodyEv
FN:183,_ZN49TEST_game_client_ext_api_finish_success_TestShellD1Ev
FN:183,_ZN49TEST_game_client_ext_api_finish_success_TestShellD0Ev
FN:183,__cxx_global_var_init.31
FN:198,_ZN57TEST_game_client_ext_api_finish_pthread_join_failure_TestD2Ev
FN:198,_ZN62TEST_game_client_ext_api_finish_pthread_join_failure_TestShellC1Ev
FN:198,_ZN62TEST_game_client_ext_api_finish_pthread_join_failure_TestShell10createTestEv
FN:198,_ZN57TEST_game_client_ext_api_finish_pthread_join_failure_TestD1Ev
FN:198,_ZN62TEST_game_client_ext_api_finish_pthread_join_failure_TestShellC2Ev
FN:198,_ZN57TEST_game_client_ext_api_finish_pthread_join_failure_TestD0Ev
FN:198,_ZN62TEST_game_client_ext_api_finish_pthread_join_failure_TestShellD1Ev
FN:198,_ZN57TEST_game_client_ext_api_finish_pthread_join_failure_Test8testBodyEv
FN:198,_ZN57TEST_game_client_ext_api_finish_pthread_join_failure_TestC1Ev
FN:198,__cxx_global_var_init.34
FN:198,_ZN57TEST_game_client_ext_api_finish_pthread_join_failure_TestC2Ev
FN:198,_ZN62TEST_game_client_ext_api_finish_pthread_join_failure_TestShellD2Ev
FN:198,_ZN62TEST_game_client_ext_api_finish_pthread_join_failure_TestShellD0Ev
FN:198,__cxx_global_var_init.33
FN:213,_ZN53TEST_game_client_socket_open_socket_success_TestShellC2Ev
FN:213,_ZN53TEST_game_client_socket_open_socket_success_TestShellD1Ev
FN:213,_ZN53TEST_game_client_socket_open_socket_success_TestShellC1Ev
FN:213,_ZN53TEST_game_client_socket_open_socket_success_TestShell10createTestEv
FN:213,_ZN48TEST_game_client_socket_open_socket_success_Test8testBodyEv
FN:213,__cxx_global_var_init.36
FN:213,__cxx_global_var_init.37
FN:213,_ZN48TEST_game_client_socket_open_socket_success_TestD2Ev
FN:213,_ZN53TEST_game_client_socket_open_socket_success_TestShellD2Ev
FN:213,_ZN48TEST_game_client_socket_open_socket_success_TestD1Ev
FN:213,_ZN48TEST_game_client_socket_open_socket_success_TestC1Ev
FN:213,_ZN53TEST_game_client_socket_open_socket_success_TestShellD0Ev
FN:213,_ZN48TEST_game_client_socket_open_socket_success_TestC2Ev
FN:213,_ZN48TEST_game_client_socket_open_socket_success_TestD0Ev
FN:232,__cxx_global_var_init.40
FN:232,_ZN60TEST_game_client_socket_open_socket_socket_failure_TestShellD1Ev
FN:232,_ZN60TEST_game_client_socket_open_socket_socket_failure_TestShellD0Ev
FN:232,_ZN55TEST_game_client_socket_open_socket_socket_failure_TestD0Ev
FN:232,_ZN55TEST_game_client_socket_open_socket_socket_failure_Test8testBodyEv
FN:232,_ZN55TEST_game_client_socket_open_socket_socket_failure_TestD1Ev
FN:232,_ZN60TEST_game_client_socket_open_socket_socket_failure_TestShell10createTestEv
FN:232,_ZN55TEST_game_client_socket_open_socket_socket_failure_TestC1Ev
FN:232,_ZN60TEST_game_client_socket_open_socket_socket_failure_TestShellC1Ev
FN:232,_ZN60TEST_game_client_socket_open_socket_socket_failure_TestShellD2Ev
FN:232,_ZN55TEST_game_client_socket_open_socket_socket_failure_TestD2Ev
FN:232,_ZN55TEST_game_client_socket_open_socket_socket_failure_TestC2Ev
FN:232,_ZN60TEST_game_client_socket_open_socket_socket_failure_TestShellC2Ev
FN:232,__cxx_global_var_init.41
FN:247,_ZN61TEST_game_client_socket_open_socket_connect_failure_TestShellC2Ev
FN:247,_ZN56TEST_game_client_socket_open_socket_connect_failure_TestD2Ev
FN:247,_ZN56TEST_game_client_socket_open_socket_connect_failure_TestD1Ev
FN:247,_ZN61TEST_game_client_socket_open_socket_connect_failure_TestShell10createTestEv
FN:247,__cxx_global_var_init.43
FN:247,_ZN61TEST_game_client_socket_open_socket_connect_failure_TestShellD2Ev
FN:247,__cxx_global_var_init.44
FN:247,_ZN61TEST_game_client_socket_open_socket_connect_failure_TestShellD0Ev
FN:247,_ZN61TEST_game_client_socket_open_socket_connect_failure_TestShellC1Ev
FN:247,_ZN56TEST_game_client_socket_open_socket_connect_failure_TestD0Ev
FN:247,_ZN56TEST_game_client_socket_open_socket_connect_failure_Test8testBodyEv
FN:247,_ZN56TEST_game_client_socket_open_socket_connect_failure_TestC1Ev
FN:247,_ZN61TEST_game_client_socket_open_socket_connect_failure_TestShellD1Ev
FN:247,_ZN56TEST_game_client_socket_open_socket_connect_failure_TestC2Ev
FN:269,_ZN49TEST_game_client_socket_close_socket_success_TestD0Ev
FN:269,__cxx_global_var_init.46
FN:269,_ZN54TEST_game_client_socket_close_socket_success_TestShellD2Ev
FN:269,_ZN49TEST_game_client_socket_close_socket_success_TestD1Ev
FN:269,_ZN54TEST_game_client_socket_close_socket_success_TestShellD0Ev
FN:269,_ZN49TEST_game_client_socket_close_socket_success_TestC1Ev
FN:269,_ZN49TEST_game_client_socket_close_socket_success_TestC2Ev
FN:269,_ZN54TEST_game_client_socket_close_socket_success_TestShellD1Ev
FN:269,_ZN49TEST_game_client_socket_close_socket_success_Test8testBodyEv
FN:269,_ZN54TEST_game_client_socket_close_socket_success_TestShell10createTestEv
FN:269,_ZN49TEST_game_client_socket_close_socket_success_TestD2Ev
FN:269,_ZN54TEST_game_client_socket_close_socket_success_TestShellC1Ev
FN:269,__cxx_global_var_init.47
FN:269,_ZN54TEST_game_client_socket_close_socket_success_TestShellC2Ev
FN:283,__cxx_global_var_init.50
FN:283,__cxx_global_var_init.49
FN:283,_ZN49TEST_game_client_socket_close_socket_failure_TestD0Ev
FN:283,_ZN54TEST_game_client_socket_close_socket_failure_TestShellC2Ev
FN:283,_ZN49TEST_game_client_socket_close_socket_failure_TestC1Ev
FN:283,_ZN54TEST_game_client_socket_close_socket_failure_TestShellC1Ev
FN:283,_ZN49TEST_game_client_socket_close_socket_failure_TestC2Ev
FN:283,_ZN54TEST_game_client_socket_close_socket_failure_TestShellD2Ev
FN:283,_ZN54TEST_game_client_socket_close_socket_failure_TestShellD0Ev
FN:283,_ZN49TEST_game_client_socket_close_socket_failure_TestD1Ev
FN:283,_ZN49TEST_game_client_socket_close_socket_failure_Test8testBodyEv
FN:283,_ZN54TEST_game_client_socket_close_socket_failure_TestShell10createTestEv
FN:283,_ZN49TEST_game_client_socket_close_socket_failure_TestD2Ev
FN:283,_ZN54TEST_game_client_socket_close_socket_failure_TestShellD1Ev
FN:297,_ZN42TEST_game_client_main_loop_write_once_Test8testBodyEv
FN:297,_ZN42TEST_game_client_main_loop_write_once_TestD1Ev
FN:297,_ZN47TEST_game_client_main_loop_write_once_TestShellD0Ev
FN:297,_ZN42TEST_game_client_main_loop_write_once_TestC1Ev
FN:297,_ZN42TEST_game_client_main_loop_write_once_TestC2Ev
FN:297,_ZN42TEST_game_client_main_loop_write_once_TestD0Ev
FN:297,_ZN47TEST_game_client_main_loop_write_once_TestShellC1Ev
FN:297,_ZN47TEST_game_client_main_loop_write_once_TestShellD2Ev
FN:297,_ZN47TEST_game_client_main_loop_write_once_TestShellC2Ev
FN:297,_ZN47TEST_game_client_main_loop_write_once_TestShell10createTestEv
FN:297,_ZN47TEST_game_client_main_loop_write_once_TestShellD1Ev
FN:297,_ZN42TEST_game_client_main_loop_write_once_TestD2Ev
FN:297,__cxx_global_var_init.52
FN:297,__cxx_global_var_init.53
FNDA:4,_ZN43TEST_GROUP_CppUTestGroupgame_client_ext_apiC2Ev
FNDA:0,_ZN43TEST_GROUP_CppUTestGroupgame_client_ext_apiD1Ev
FNDA:0,_ZN43TEST_GROUP_CppUTestGroupgame_client_ext_apiD0Ev
FNDA:4,_ZN43TEST_GROUP_CppUTestGroupgame_client_ext_apiD2Ev
FNDA:4,_ZN43TEST_GROUP_CppUTestGroupgame_client_ext_api8teardownEv
FNDA:5,_ZN42TEST_GROUP_CppUTestGroupgame_client_socketC2Ev
FNDA:0,_ZN42TEST_GROUP_CppUTestGroupgame_client_socketD1Ev
FNDA:0,_ZN42TEST_GROUP_CppUTestGroupgame_client_socketD0Ev
FNDA:5,_ZN42TEST_GROUP_CppUTestGroupgame_client_socketD2Ev
FNDA:5,_ZN42TEST_GROUP_CppUTestGroupgame_client_socket5setupEv
FNDA:5,_ZN42TEST_GROUP_CppUTestGroupgame_client_socket8teardownEv
FNDA:1,_ZN45TEST_GROUP_CppUTestGroupgame_client_main_loopC2Ev
FNDA:0,_ZN45TEST_GROUP_CppUTestGroupgame_client_main_loopD1Ev
FNDA:0,_ZN45TEST_GROUP_CppUTestGroupgame_client_main_loopD0Ev
FNDA:1,_ZN45TEST_GROUP_CppUTestGroupgame_client_main_loopD2Ev
FNDA:1,_ZN45TEST_GROUP_CppUTestGroupgame_client_main_loop8teardownEv
FNDA:7,SDL_Log
FNDA:2,pthread_create
FNDA:2,_pthread_join
FNDA:3,exit
FNDA:3,socket
FNDA:2,_connect
FNDA:3,_close
FNDA:1,_write
FNDA:1,__cxx_global_var_init
FNDA:1,_ZN48TEST_game_client_ext_api_setup_success_TestShellC1Ev
FNDA:1,_ZN48TEST_game_client_ext_api_setup_success_TestShellD1Ev
FNDA:1,__cxx_global_var_init.18
FNDA:1,_ZN43TEST_game_client_ext_api_setup_success_Test8testBodyEv
FNDA:1,_ZN43TEST_game_client_ext_api_setup_success_TestD1Ev
FNDA:1,_ZN43TEST_game_client_ext_api_setup_success_TestD0Ev
FNDA:1,_ZN48TEST_game_client_ext_api_setup_success_TestShellC2Ev
FNDA:0,_ZN48TEST_game_client_ext_api_setup_success_TestShellD0Ev
FNDA:1,_ZN48TEST_game_client_ext_api_setup_success_TestShell10createTestEv
FNDA:1,_ZN43TEST_game_client_ext_api_setup_success_TestC1Ev
FNDA:1,_ZN43TEST_game_client_ext_api_setup_success_TestC2Ev
FNDA:1,_ZN48TEST_game_client_ext_api_setup_success_TestShellD2Ev
FNDA:1,_ZN43TEST_game_client_ext_api_setup_success_TestD2Ev
FNDA:1,__cxx_global_var_init.24
FNDA:1,_ZN56TEST_game_client_ext_api_setup_pthread_failure_TestShellC1Ev
FNDA:1,_ZN56TEST_game_client_ext_api_setup_pthread_failure_TestShellD1Ev
FNDA:1,__cxx_global_var_init.25
FNDA:1,_ZN51TEST_game_client_ext_api_setup_pthread_failure_Test8testBodyEv
FNDA:1,_ZN51TEST_game_client_ext_api_setup_pthread_failure_TestD1Ev
FNDA:1,_ZN51TEST_game_client_ext_api_setup_pthread_failure_TestD0Ev
FNDA:1,_ZN56TEST_game_client_ext_api_setup_pthread_failure_TestShellC2Ev
FNDA:0,_ZN56TEST_game_client_ext_api_setup_pthread_failure_TestShellD0Ev
FNDA:1,_ZN56TEST_game_client_ext_api_setup_pthread_failure_TestShell10createTestEv
FNDA:1,_ZN51TEST_game_client_ext_api_setup_pthread_failure_TestC1Ev
FNDA:1,_ZN51TEST_game_client_ext_api_setup_pthread_failure_TestC2Ev
FNDA:1,_ZN56TEST_game_client_ext_api_setup_pthread_failure_TestShellD2Ev
FNDA:1,_ZN51TEST_game_client_ext_api_setup_pthread_failure_TestD2Ev
FNDA:1,__cxx_global_var_init.30
FNDA:1,_ZN49TEST_game_client_ext_api_finish_success_TestShellC1Ev
FNDA:1,_ZN49TEST_game_client_ext_api_finish_success_TestShellD1Ev
FNDA:1,__cxx_global_var_init.31
FNDA:1,_ZN44TEST_game_client_ext_api_finish_success_Test8testBodyEv
FNDA:1,_ZN44TEST_game_client_ext_api_finish_success_TestD1Ev
FNDA:1,_ZN44TEST_game_client_ext_api_finish_success_TestD0Ev
FNDA:1,_ZN49TEST_game_client_ext_api_finish_success_TestShellC2Ev
FNDA:0,_ZN49TEST_game_client_ext_api_finish_success_TestShellD0Ev
FNDA:1,_ZN49TEST_game_client_ext_api_finish_success_TestShell10createTestEv
FNDA:1,_ZN44TEST_game_client_ext_api_finish_success_TestC1Ev
FNDA:1,_ZN44TEST_game_client_ext_api_finish_success_TestC2Ev
FNDA:1,_ZN49TEST_game_client_ext_api_finish_success_TestShellD2Ev
FNDA:1,_ZN44TEST_game_client_ext_api_finish_success_TestD2Ev
FNDA:1,__cxx_global_var_init.33
FNDA:1,_ZN62TEST_game_client_ext_api_finish_pthread_join_failure_TestShellC1Ev
FNDA:1,_ZN62TEST_game_client_ext_api_finish_pthread_join_failure_TestShellD1Ev
FNDA:1,__cxx_global_var_init.34
FNDA:1,_ZN57TEST_game_client_ext_api_finish_pthread_join_failure_Test8testBodyEv
FNDA:1,_ZN57TEST_game_client_ext_api_finish_pthread_join_failure_TestD1Ev
FNDA:1,_ZN57TEST_game_client_ext_api_finish_pthread_join_failure_TestD0Ev
FNDA:1,_ZN62TEST_game_client_ext_api_finish_pthread_join_failure_TestShellC2Ev
FNDA:0,_ZN62TEST_game_client_ext_api_finish_pthread_join_failure_TestShellD0Ev
FNDA:1,_ZN62TEST_game_client_ext_api_finish_pthread_join_failure_TestShell10createTestEv
FNDA:1,_ZN57TEST_game_client_ext_api_finish_pthread_join_failure_TestC1Ev
FNDA:1,_ZN57TEST_game_client_ext_api_finish_pthread_join_failure_TestC2Ev
FNDA:1,_ZN62TEST_game_client_ext_api_finish_pthread_join_failure_TestShellD2Ev
FNDA:1,_ZN57TEST_game_client_ext_api_finish_pthread_join_failure_TestD2Ev
FNDA:1,__cxx_global_var_init.36
FNDA:1,_ZN53TEST_game_client_socket_open_socket_success_TestShellC1Ev
FNDA:1,_ZN53TEST_game_client_socket_open_socket_success_TestShellD1Ev
FNDA:1,__cxx_global_var_init.37
FNDA:1,_ZN48TEST_game_client_socket_open_socket_success_Test8testBodyEv
FNDA:1,_ZN48TEST_game_client_socket_open_socket_success_TestD1Ev
FNDA:1,_ZN48TEST_game_client_socket_open_socket_success_TestD0Ev
FNDA:1,_ZN53TEST_game_client_socket_open_socket_success_TestShellC2Ev
FNDA:0,_ZN53TEST_game_client_socket_open_socket_success_TestShellD0Ev
FNDA:1,_ZN53TEST_game_client_socket_open_socket_success_TestShell10createTestEv
FNDA:1,_ZN48TEST_game_client_socket_open_socket_success_TestC1Ev
FNDA:1,_ZN48TEST_game_client_socket_open_socket_success_TestC2Ev
FNDA:1,_ZN53TEST_game_client_socket_open_socket_success_TestShellD2Ev
FNDA:1,_ZN48TEST_game_client_socket_open_socket_success_TestD2Ev
FNDA:1,__cxx_global_var_init.40
FNDA:1,_ZN60TEST_game_client_socket_open_socket_socket_failure_TestShellC1Ev
FNDA:1,_ZN60TEST_game_client_socket_open_socket_socket_failure_TestShellD1Ev
FNDA:1,__cxx_global_var_init.41
FNDA:1,_ZN55TEST_game_client_socket_open_socket_socket_failure_Test8testBodyEv
FNDA:1,_ZN55TEST_game_client_socket_open_socket_socket_failure_TestD1Ev
FNDA:1,_ZN55TEST_game_client_socket_open_socket_socket_failure_TestD0Ev
FNDA:1,_ZN60TEST_game_client_socket_open_socket_socket_failure_TestShellC2Ev
FNDA:0,_ZN60TEST_game_client_socket_open_socket_socket_failure_TestShellD0Ev
FNDA:1,_ZN60TEST_game_client_socket_open_socket_socket_failure_TestShell10createTestEv
FNDA:1,_ZN55TEST_game_client_socket_open_socket_socket_failure_TestC1Ev
FNDA:1,_ZN55TEST_game_client_socket_open_socket_socket_failure_TestC2Ev
FNDA:1,_ZN60TEST_game_client_socket_open_socket_socket_failure_TestShellD2Ev
FNDA:1,_ZN55TEST_game_client_socket_open_socket_socket_failure_TestD2Ev
FNDA:1,__cxx_global_var_init.43
FNDA:1,_ZN61TEST_game_client_socket_open_socket_connect_failure_TestShellC1Ev
FNDA:1,_ZN61TEST_game_client_socket_open_socket_connect_failure_TestShellD1Ev
FNDA:1,__cxx_global_var_init.44
FNDA:1,_ZN56TEST_game_client_socket_open_socket_connect_failure_Test8testBodyEv
FNDA:1,_ZN56TEST_game_client_socket_open_socket_connect_failure_TestD1Ev
FNDA:1,_ZN56TEST_game_client_socket_open_socket_connect_failure_TestD0Ev
FNDA:1,_ZN61TEST_game_client_socket_open_socket_connect_failure_TestShellC2Ev
FNDA:0,_ZN61TEST_game_client_socket_open_socket_connect_failure_TestShellD0Ev
FNDA:1,_ZN61TEST_game_client_socket_open_socket_connect_failure_TestShell10createTestEv
FNDA:1,_ZN56TEST_game_client_socket_open_socket_connect_failure_TestC1Ev
FNDA:1,_ZN56TEST_game_client_socket_open_socket_connect_failure_TestC2Ev
FNDA:1,_ZN61TEST_game_client_socket_open_socket_connect_failure_TestShellD2Ev
FNDA:1,_ZN56TEST_game_client_socket_open_socket_connect_failure_TestD2Ev
FNDA:1,__cxx_global_var_init.46
FNDA:1,_ZN54TEST_game_client_socket_close_socket_success_TestShellC1Ev
FNDA:1,_ZN54TEST_game_client_socket_close_socket_success_TestShellD1Ev
FNDA:1,__cxx_global_var_init.47
FNDA:1,_ZN49TEST_game_client_socket_close_socket_success_Test8testBodyEv
FNDA:1,_ZN49TEST_game_client_socket_close_socket_success_TestD1Ev
FNDA:1,_ZN49TEST_game_client_socket_close_socket_success_TestD0Ev
FNDA:1,_ZN54TEST_game_client_socket_close_socket_success_TestShellC2Ev
FNDA:0,_ZN54TEST_game_client_socket_close_socket_success_TestShellD0Ev
FNDA:1,_ZN54TEST_game_client_socket_close_socket_success_TestShell10createTestEv
FNDA:1,_ZN49TEST_game_client_socket_close_socket_success_TestC1Ev
FNDA:1,_ZN49TEST_game_client_socket_close_socket_success_TestC2Ev
FNDA:1,_ZN54TEST_game_client_socket_close_socket_success_TestShellD2Ev
FNDA:1,_ZN49TEST_game_client_socket_close_socket_success_TestD2Ev
FNDA:1,__cxx_global_var_init.49
FNDA:1,_ZN54TEST_game_client_socket_close_socket_failure_TestShellC1Ev
FNDA:1,_ZN54TEST_game_client_socket_close_socket_failure_TestShellD1Ev
FNDA:1,__cxx_global_var_init.50
FNDA:1,_ZN49TEST_game_client_socket_close_socket_failure_Test8testBodyEv
FNDA:1,_ZN49TEST_game_client_socket_close_socket_failure_TestD1Ev
FNDA:1,_ZN49TEST_game_client_socket_close_socket_failure_TestD0Ev
FNDA:1,_ZN54TEST_game_client_socket_close_socket_failure_TestShellC2Ev
FNDA:0,_ZN54TEST_game_client_socket_close_socket_failure_TestShellD0Ev
FNDA:1,_ZN54TEST_game_client_socket_close_socket_failure_TestShell10createTestEv
FNDA:1,_ZN49TEST_game_client_socket_close_socket_failure_TestC1Ev
FNDA:1,_ZN49TEST_game_client_socket_close_socket_failure_TestC2Ev
FNDA:1,_ZN54TEST_game_client_socket_close_socket_failure_TestShellD2Ev
FNDA:1,_ZN49TEST_game_client_socket_close_socket_failure_TestD2Ev
FNDA:1,__cxx_global_var_init.52
FNDA:1,_ZN47TEST_game_client_main_loop_write_once_TestShellC1Ev
FNDA:1,_ZN47TEST_game_client_main_loop_write_once_TestShellD1Ev
FNDA:1,__cxx_global_var_init.53
FNDA:1,_ZN42TEST_game_client_main_loop_write_once_Test8testBodyEv
FNDA:1,_ZN42TEST_game_client_main_loop_write_once_TestD1Ev
FNDA:1,_ZN42TEST_game_client_main_loop_write_once_TestD0Ev
FNDA:1,_ZN47TEST_game_client_main_loop_write_once_TestShellC2Ev
FNDA:0,_ZN47TEST_game_client_main_loop_write_once_TestShellD0Ev
FNDA:1,_ZN47TEST_game_client_main_loop_write_once_TestShell10createTestEv
FNDA:1,_ZN42TEST_game_client_main_loop_write_once_TestC1Ev
FNDA:1,_ZN42TEST_game_client_main_loop_write_once_TestC2Ev
FNDA:1,_ZN47TEST_game_client_main_loop_write_once_TestShellD2Ev
FNDA:1,_ZN42TEST_game_client_main_loop_write_once_TestD2Ev
FNF:164
FNH:148
BRDA:27,0,0,4
BRDA:27,0,1,0
BRDA:27,1,2,4
BRDA:27,1,3,0
BRDA:28,0,0,4
BRDA:28,0,1,0
BRDA:28,1,2,4
BRDA:28,1,3,0
BRDA:52,0,0,5
BRDA:52,0,1,0
BRDA:52,1,2,5
BRDA:52,1,3,0
BRDA:53,0,0,5
BRDA:53,0,1,0
BRDA:53,1,2,5
BRDA:53,1,3,0
BRDA:63,0,0,1
BRDA:63,0,1,0
BRDA:63,1,2,1
BRDA:63,1,3,0
BRDA:64,0,0,1
BRDA:64,0,1,0
BRDA:64,1,2,1
BRDA:64,1,3,0
BRDA:83,0,0,2
BRDA:83,0,1,0
BRDA:83,1,2,2
BRDA:83,1,3,0
BRDA:83,2,4,2
BRDA:83,2,5,0
BRDA:84,0,0,2
BRDA:84,0,1,0
BRDA:84,1,2,2
BRDA:84,1,3,0
BRDA:85,0,0,2
BRDA:85,0,1,0
BRDA:85,1,2,2
BRDA:85,1,3,0
BRDA:93,0,0,2
BRDA:93,0,1,0
BRDA:93,1,2,2
BRDA:93,1,3,0
BRDA:93,2,4,2
BRDA:93,2,5,0
BRDA:94,0,0,2
BRDA:94,0,1,0
BRDA:94,1,2,2
BRDA:94,1,3,0
BRDA:95,0,0,2
BRDA:95,0,1,0
BRDA:95,1,2,2
BRDA:95,1,3,0
BRDA:102,0,0,3
BRDA:102,0,1,0
BRDA:102,1,2,3
BRDA:102,1,3,0
BRDA:102,2,4,3
BRDA:102,2,5,0
BRDA:103,0,0,3
BRDA:103,0,1,0
BRDA:103,1,2,3
BRDA:103,1,3,0
BRDA:111,0,0,3
BRDA:111,0,1,0
BRDA:111,1,2,3
BRDA:111,1,3,0
BRDA:111,2,4,3
BRDA:111,2,5,0
BRDA:112,0,0,3
BRDA:112,0,1,0
BRDA:112,1,2,3
BRDA:112,1,3,0
BRDA:113,0,0,3
BRDA:113,0,1,0
BRDA:113,1,2,3
BRDA:113,1,3,0
BRDA:114,0,0,3
BRDA:114,0,1,0
BRDA:114,1,2,3
BRDA:114,1,3,0
BRDA:115,0,0,3
BRDA:115,0,1,0
BRDA:115,1,2,3
BRDA:115,1,3,0
BRDA:124,0,0,2
BRDA:124,0,1,0
BRDA:124,1,2,2
BRDA:124,1,3,0
BRDA:124,2,4,2
BRDA:124,2,5,0
BRDA:125,0,0,2
BRDA:125,0,1,0
BRDA:125,1,2,2
BRDA:125,1,3,0
BRDA:126,0,0,2
BRDA:126,0,1,0
BRDA:126,1,2,2
BRDA:126,1,3,0
BRDA:128,0,0,0
BRDA:128,0,1,2
BRDA:128,1,2,-
BRDA:128,1,3,-
BRDA:128,3,4,-
BRDA:128,3,5,-
BRDA:128,4,6,-
BRDA:128,4,7,-
BRDA:128,5,8,-
BRDA:128,5,9,-
BRDA:128,6,10,-
BRDA:128,6,11,-
BRDA:128,11,12,2
BRDA:128,11,13,0
BRDA:136,0,0,3
BRDA:136,0,1,0
BRDA:136,1,2,3
BRDA:136,1,3,0
BRDA:136,2,4,3
BRDA:136,2,5,0
BRDA:137,0,0,3
BRDA:137,0,1,0
BRDA:137,1,2,3
BRDA:137,1,3,0
BRDA:138,0,0,3
BRDA:138,0,1,0
BRDA:138,1,2,3
BRDA:138,1,3,0
BRDA:146,0,0,1
BRDA:146,0,1,0
BRDA:146,1,2,1
BRDA:146,1,3,0
BRDA:146,2,4,1
BRDA:146,2,5,0
BRDA:147,0,0,1
BRDA:147,0,1,0
BRDA:147,1,2,1
BRDA:147,1,3,0
BRDA:148,0,0,1
BRDA:148,0,1,0
BRDA:148,1,2,1
BRDA:148,1,3,0
BRDA:154,10,0,1
BRDA:154,10,1,0
BRDA:158,0,0,1
BRDA:158,0,1,0
BRDA:158,1,2,1
BRDA:158,1,3,0
BRDA:158,2,4,1
BRDA:158,2,5,0
BRDA:159,0,0,1
BRDA:159,0,1,0
BRDA:159,1,2,1
BRDA:159,1,3,0
BRDA:160,0,0,1
BRDA:160,0,1,0
BRDA:160,1,2,1
BRDA:160,1,3,0
BRDA:163,0,0,0
BRDA:163,0,1,1
BRDA:163,1,2,-
BRDA:163,1,3,-
BRDA:163,3,4,-
BRDA:163,3,5,-
BRDA:163,5,6,-
BRDA:163,5,7,-
BRDA:163,6,8,-
BRDA:163,6,9,-
BRDA:163,7,10,-
BRDA:163,7,11,-
BRDA:163,8,12,-
BRDA:163,8,13,-
BRDA:163,13,14,1
BRDA:163,13,15,0
BRDA:164,0,0,0
BRDA:164,0,1,1
BRDA:164,1,2,-
BRDA:164,1,3,-
BRDA:164,3,4,-
BRDA:164,3,5,-
BRDA:164,5,6,-
BRDA:164,5,7,-
BRDA:164,6,8,-
BRDA:164,6,9,-
BRDA:164,7,10,-
BRDA:164,7,11,-
BRDA:164,8,12,-
BRDA:164,8,13,-
BRDA:164,13,14,1
BRDA:164,13,15,0
BRDA:165,0,0,0
BRDA:165,0,1,1
BRDA:165,1,2,-
BRDA:165,1,3,-
BRDA:165,3,4,-
BRDA:165,3,5,-
BRDA:165,5,6,-
BRDA:165,5,7,-
BRDA:165,6,8,-
BRDA:165,6,9,-
BRDA:165,7,10,-
BRDA:165,7,11,-
BRDA:165,8,12,-
BRDA:165,8,13,-
BRDA:165,13,14,1
BRDA:165,13,15,0
BRDA:166,0,0,1
BRDA:166,0,1,0
BRDA:169,10,0,1
BRDA:169,10,1,0
BRDA:172,0,0,1
BRDA:172,0,1,0
BRDA:172,1,2,1
BRDA:172,1,3,0
BRDA:172,2,4,1
BRDA:172,2,5,0
BRDA:173,0,0,1
BRDA:173,0,1,0
BRDA:173,1,2,1
BRDA:173,1,3,0
BRDA:174,0,0,1
BRDA:174,0,1,0
BRDA:174,1,2,1
BRDA:174,1,3,0
BRDA:175,0,0,1
BRDA:175,0,1,0
BRDA:175,1,2,1
BRDA:175,1,3,0
BRDA:175,2,4,1
BRDA:175,2,5,0
BRDA:176,0,0,1
BRDA:176,0,1,0
BRDA:176,1,2,1
BRDA:176,1,3,0
BRDA:178,0,0,0
BRDA:178,0,1,1
BRDA:178,2,2,1
BRDA:178,2,3,0
BRDA:178,3,4,1
BRDA:178,3,5,0
BRDA:178,5,6,0
BRDA:178,5,7,1
BRDA:178,6,8,-
BRDA:178,6,9,-
BRDA:178,7,10,-
BRDA:178,7,11,-
BRDA:178,8,12,-
BRDA:178,8,13,-
BRDA:178,10,14,-
BRDA:178,10,15,-
BRDA:178,11,16,-
BRDA:178,11,17,-
BRDA:178,12,18,-
BRDA:178,12,19,-
BRDA:178,15,20,-
BRDA:178,15,21,-
BRDA:178,18,22,0
BRDA:178,18,23,1
BRDA:178,19,24,0
BRDA:178,19,25,1
BRDA:180,0,0,1
BRDA:180,0,1,0
BRDA:183,10,0,1
BRDA:183,10,1,0
BRDA:188,0,0,1
BRDA:188,0,1,0
BRDA:188,1,2,1
BRDA:188,1,3,0
BRDA:188,2,4,1
BRDA:188,2,5,0
BRDA:189,0,0,1
BRDA:189,0,1,0
BRDA:189,1,2,1
BRDA:189,1,3,0
BRDA:190,0,0,1
BRDA:190,0,1,0
BRDA:190,1,2,1
BRDA:190,1,3,0
BRDA:193,0,0,0
BRDA:193,0,1,1
BRDA:193,1,2,-
BRDA:193,1,3,-
BRDA:193,3,4,-
BRDA:193,3,5,-
BRDA:193,4,6,-
BRDA:193,4,7,-
BRDA:193,5,8,-
BRDA:193,5,9,-
BRDA:193,6,10,-
BRDA:193,6,11,-
BRDA:193,11,12,1
BRDA:193,11,13,0
BRDA:194,0,0,0
BRDA:194,0,1,1
BRDA:194,1,2,-
BRDA:194,1,3,-
BRDA:194,3,4,-
BRDA:194,3,5,-
BRDA:194,4,6,-
BRDA:194,4,7,-
BRDA:194,5,8,-
BRDA:194,5,9,-
BRDA:194,6,10,-
BRDA:194,6,11,-
BRDA:194,11,12,1
BRDA:194,11,13,0
BRDA:195,0,0,0
BRDA:195,0,1,1
BRDA:195,1,2,-
BRDA:195,1,3,-
BRDA:195,3,4,-
BRDA:195,3,5,-
BRDA:195,4,6,-
BRDA:195,4,7,-
BRDA:195,5,8,-
BRDA:195,5,9,-
BRDA:195,6,10,-
BRDA:195,6,11,-
BRDA:195,11,12,1
BRDA:195,11,13,0
BRDA:198,10,0,1
BRDA:198,10,1,0
BRDA:203,0,0,1
BRDA:203,0,1,0
BRDA:203,1,2,1
BRDA:203,1,3,0
BRDA:203,2,4,1
BRDA:203,2,5,0
BRDA:204,0,0,1
BRDA:204,0,1,0
BRDA:204,1,2,1
BRDA:204,1,3,0
BRDA:205,0,0,1
BRDA:205,0,1,0
BRDA:205,1,2,1
BRDA:205,1,3,0
BRDA:208,0,0,0
BRDA:208,0,1,1
BRDA:208,1,2,-
BRDA:208,1,3,-
BRDA:208,3,4,-
BRDA:208,3,5,-
BRDA:208,4,6,-
BRDA:208,4,7,-
BRDA:208,5,8,-
BRDA:208,5,9,-
BRDA:208,6,10,-
BRDA:208,6,11,-
BRDA:208,11,12,1
BRDA:208,11,13,0
BRDA:209,0,0,0
BRDA:209,0,1,1
BRDA:209,1,2,-
BRDA:209,1,3,-
BRDA:209,3,4,-
BRDA:209,3,5,-
BRDA:209,4,6,-
BRDA:209,4,7,-
BRDA:209,5,8,-
BRDA:209,5,9,-
BRDA:209,6,10,-
BRDA:209,6,11,-
BRDA:209,11,12,1
BRDA:209,11,13,0
BRDA:210,0,0,0
BRDA:210,0,1,1
BRDA:210,1,2,-
BRDA:210,1,3,-
BRDA:210,3,4,-
BRDA:210,3,5,-
BRDA:210,4,6,-
BRDA:210,4,7,-
BRDA:210,5,8,-
BRDA:210,5,9,-
BRDA:210,6,10,-
BRDA:210,6,11,-
BRDA:210,11,12,1
BRDA:210,11,13,0
BRDA:213,10,0,1
BRDA:213,10,1,0
BRDA:217,0,0,1
BRDA:217,0,1,0
BRDA:217,1,2,1
BRDA:217,1,3,0
BRDA:217,2,4,1
BRDA:217,2,5,0
BRDA:218,0,0,1
BRDA:218,0,1,0
BRDA:218,1,2,1
BRDA:218,1,3,0
BRDA:219,0,0,1
BRDA:219,0,1,0
BRDA:219,1,2,1
BRDA:219,1,3,0
BRDA:220,0,0,1
BRDA:220,0,1,0
BRDA:220,1,2,1
BRDA:220,1,3,0
BRDA:221,0,0,1
BRDA:221,0,1,0
BRDA:221,1,2,1
BRDA:221,1,3,0
BRDA:224,0,0,1
BRDA:224,0,1,0
BRDA:224,1,2,1
BRDA:224,1,3,0
BRDA:224,2,4,1
BRDA:224,2,5,0
BRDA:225,0,0,1
BRDA:225,0,1,0
BRDA:225,1,2,1
BRDA:225,1,3,0
BRDA:226,0,0,1
BRDA:226,0,1,0
BRDA:226,1,2,1
BRDA:226,1,3,0
BRDA:229,0,0,0
BRDA:229,0,1,1
BRDA:229,1,2,-
BRDA:229,1,3,-
BRDA:229,3,4,-
BRDA:229,3,5,-
BRDA:229,5,6,-
BRDA:229,5,7,-
BRDA:229,6,8,-
BRDA:229,6,9,-
BRDA:229,7,10,-
BRDA:229,7,11,-
BRDA:229,8,12,-
BRDA:229,8,13,-
BRDA:229,13,14,1
BRDA:229,13,15,0
BRDA:232,10,0,1
BRDA:232,10,1,0
BRDA:236,0,0,1
BRDA:236,0,1,0
BRDA:236,1,2,1
BRDA:236,1,3,0
BRDA:236,2,4,1
BRDA:236,2,5,0
BRDA:237,0,0,1
BRDA:237,0,1,0
BRDA:237,1,2,1
BRDA:237,1,3,0
BRDA:238,0,0,1
BRDA:238,0,1,0
BRDA:238,1,2,1
BRDA:238,1,3,0
BRDA:239,0,0,1
BRDA:239,0,1,0
BRDA:239,1,2,1
BRDA:239,1,3,0
BRDA:240,0,0,1
BRDA:240,0,1,0
BRDA:240,1,2,1
BRDA:240,1,3,0
BRDA:241,0,0,1
BRDA:241,0,1,0
BRDA:241,1,2,1
BRDA:241,1,3,0
BRDA:241,2,4,1
BRDA:241,2,5,0
BRDA:242,0,0,1
BRDA:242,0,1,0
BRDA:242,1,2,1
BRDA:242,1,3,0
BRDA:244,0,0,0
BRDA:244,0,1,1
BRDA:244,2,2,1
BRDA:244,2,3,0
BRDA:244,3,4,1
BRDA:244,3,5,0
BRDA:244,5,6,0
BRDA:244,5,7,1
BRDA:244,6,8,-
BRDA:244,6,9,-
BRDA:244,7,10,-
BRDA:244,7,11,-
BRDA:244,8,12,-
BRDA:244,8,13,-
BRDA:244,10,14,-
BRDA:244,10,15,-
BRDA:244,11,16,-
BRDA:244,11,17,-
BRDA:244,12,18,-
BRDA:244,12,19,-
BRDA:244,15,20,-
BRDA:244,15,21,-
BRDA:244,18,22,0
BRDA:244,18,23,1
BRDA:244,19,24,0
BRDA:244,19,25,1
BRDA:247,10,0,1
BRDA:247,10,1,0
BRDA:251,0,0,1
BRDA:251,0,1,0
BRDA:251,1,2,1
BRDA:251,1,3,0
BRDA:251,2,4,1
BRDA:251,2,5,0
BRDA:252,0,0,1
BRDA:252,0,1,0
BRDA:252,1,2,1
BRDA:252,1,3,0
BRDA:253,0,0,1
BRDA:253,0,1,0
BRDA:253,1,2,1
BRDA:253,1,3,0
BRDA:254,0,0,1
BRDA:254,0,1,0
BRDA:254,1,2,1
BRDA:254,1,3,0
BRDA:255,0,0,1
BRDA:255,0,1,0
BRDA:255,1,2,1
BRDA:255,1,3,0
BRDA:256,0,0,1
BRDA:256,0,1,0
BRDA:256,1,2,1
BRDA:256,1,3,0
BRDA:256,2,4,1
BRDA:256,2,5,0
BRDA:257,0,0,1
BRDA:257,0,1,0
BRDA:257,1,2,1
BRDA:257,1,3,0
BRDA:258,0,0,1
BRDA:258,0,1,0
BRDA:258,1,2,1
BRDA:258,1,3,0
BRDA:259,0,0,1
BRDA:259,0,1,0
BRDA:259,1,2,1
BRDA:259,1,3,0
BRDA:259,2,4,1
BRDA:259,2,5,0
BRDA:260,0,0,1
BRDA:260,0,1,0
BRDA:260,1,2,1
BRDA:260,1,3,0
BRDA:261,0,0,1
BRDA:261,0,1,0
BRDA:261,1,2,1
BRDA:261,1,3,0
BRDA:262,0,0,1
BRDA:262,0,1,0
BRDA:262,1,2,1
BRDA:262,1,3,0
BRDA:262,2,4,1
BRDA:262,2,5,0
BRDA:263,0,0,1
BRDA:263,0,1,0
BRDA:263,1,2,1
BRDA:263,1,3,0
BRDA:265,0,0,0
BRDA:265,0,1,1
BRDA:265,2,2,1
BRDA:265,2,3,0
BRDA:265,3,4,1
BRDA:265,3,5,0
BRDA:265,5,6,0
BRDA:265,5,7,1
BRDA:265,6,8,-
BRDA:265,6,9,-
BRDA:265,7,10,-
BRDA:265,7,11,-
BRDA:265,8,12,-
BRDA:265,8,13,-
BRDA:265,10,14,-
BRDA:265,10,15,-
BRDA:265,11,16,-
BRDA:265,11,17,-
BRDA:265,12,18,-
BRDA:265,12,19,-
BRDA:265,15,20,-
BRDA:265,15,21,-
BRDA:265,18,22,0
BRDA:265,18,23,1
BRDA:265,19,24,0
BRDA:265,19,25,1
BRDA:266,0,0,0
BRDA:266,0,1,1
BRDA:266,1,2,-
BRDA:266,1,3,-
BRDA:266,3,4,-
BRDA:266,3,5,-
BRDA:266,4,6,-
BRDA:266,4,7,-
BRDA:266,5,8,-
BRDA:266,5,9,-
BRDA:266,6,10,-
BRDA:266,6,11,-
BRDA:266,11,12,1
BRDA:266,11,13,0
BRDA:269,10,0,1
BRDA:269,10,1,0
BRDA:274,0,0,1
BRDA:274,0,1,0
BRDA:274,1,2,1
BRDA:274,1,3,0
BRDA:274,2,4,1
BRDA:274,2,5,0
BRDA:275,0,0,1
BRDA:275,0,1,0
BRDA:275,1,2,1
BRDA:275,1,3,0
BRDA:276,0,0,1
BRDA:276,0,1,0
BRDA:276,1,2,1
BRDA:276,1,3,0
BRDA:280,0,0,0
BRDA:280,0,1,1
BRDA:280,1,2,-
BRDA:280,1,3,-
BRDA:280,3,4,-
BRDA:280,3,5,-
BRDA:280,4,6,-
BRDA:280,4,7,-
BRDA:280,5,8,-
BRDA:280,5,9,-
BRDA:280,6,10,-
BRDA:280,6,11,-
BRDA:280,11,12,1
BRDA:280,11,13,0
BRDA:283,10,0,1
BRDA:283,10,1,0
BRDA:288,0,0,1
BRDA:288,0,1,0
BRDA:288,1,2,1
BRDA:288,1,3,0
BRDA:288,2,4,1
BRDA:288,2,5,0
BRDA:289,0,0,1
BRDA:289,0,1,0
BRDA:289,1,2,1
BRDA:289,1,3,0
BRDA:290,0,0,1
BRDA:290,0,1,0
BRDA:290,1,2,1
BRDA:290,1,3,0
BRDA:294,0,0,0
BRDA:294,0,1,1
BRDA:294,1,2,-
BRDA:294,1,3,-
BRDA:294,3,4,-
BRDA:294,3,5,-
BRDA:294,4,6,-
BRDA:294,4,7,-
BRDA:294,5,8,-
BRDA:294,5,9,-
BRDA:294,6,10,-
BRDA:294,6,11,-
BRDA:294,11,12,1
BRDA:294,11,13,0
BRDA:297,10,0,1
BRDA:297,10,1,0
BRDA:300,0,0,1
BRDA:300,0,1,0
BRDA:300,1,2,1
BRDA:300,1,3,0
BRDA:300,2,4,1
BRDA:300,2,5,0
BRDA:301,0,0,1
BRDA:301,0,1,0
BRDA:301,1,2,1
BRDA:301,1,3,0
BRDA:302,0,0,1
BRDA:302,0,1,0
BRDA:302,1,2,1
BRDA:302,1,3,0
BRF:668
BRH:239
DA:12,4
DA:14,4
DA:18,4
DA:26,4
DA:27,4
DA:28,4
DA:29,4
DA:32,5
DA:37,5
DA:41,5
DA:46,5
DA:47,5
DA:52,5
DA:53,5
DA:54,5
DA:57,1
DA:62,1
DA:63,1
DA:64,1
DA:65,1
DA:74,7
DA:75,7
DA:76,7
DA:83,2
DA:84,2
DA:85,2
DA:86,2
DA:87,0
DA:93,2
DA:94,2
DA:95,2
DA:96,2
DA:97,0
DA:102,3
DA:103,3
DA:104,3
DA:105,0
DA:111,3
DA:112,3
DA:113,3
DA:114,3
DA:115,3
DA:116,3
DA:117,0
DA:123,2
DA:124,2
DA:125,2
DA:126,2
DA:128,2
DA:129,2
DA:130,0
DA:136,3
DA:137,3
DA:138,3
DA:139,3
DA:140,0
DA:146,1
DA:147,1
DA:148,1
DA:149,1
DA:150,0
DA:154,1
DA:156,1
DA:158,1
DA:159,1
DA:160,1
DA:161,1
DA:163,1
DA:164,1
DA:165,1
DA:166,1
DA:167,1
DA:169,1
DA:171,1
DA:172,1
DA:173,1
DA:174,1
DA:175,1
DA:176,1
DA:178,1
DA:180,1
DA:181,1
DA:183,1
DA:185,1
DA:187,1
DA:188,1
DA:189,1
DA:190,1
DA:191,1
DA:193,1
DA:194,1
DA:195,1
DA:196,1
DA:198,1
DA:200,1
DA:202,1
DA:203,1
DA:204,1
DA:205,1
DA:206,1
DA:208,1
DA:209,1
DA:210,1
DA:211,1
DA:213,1
DA:215,1
DA:217,1
DA:218,1
DA:219,1
DA:220,1
DA:221,1
DA:223,1
DA:224,1
DA:225,1
DA:226,1
DA:227,1
DA:229,1
DA:230,1
DA:232,1
DA:234,1
DA:236,1
DA:237,1
DA:238,1
DA:239,1
DA:240,1
DA:241,1
DA:242,1
DA:244,1
DA:245,1
DA:247,1
DA:249,1
DA:251,1
DA:252,1
DA:253,1
DA:254,1
DA:255,1
DA:256,1
DA:257,1
DA:258,1
DA:259,1
DA:260,1
DA:261,1
DA:262,1
DA:263,1
DA:265,1
DA:266,1
DA:267,1
DA:269,1
DA:271,1
DA:272,1
DA:274,1
DA:275,1
DA:276,1
DA:278,1
DA:280,1
DA:281,1
DA:283,1
DA:285,1
DA:286,1
DA:288,1
DA:289,1
DA:290,1
DA:292,1
DA:294,1
DA:295,1
DA:297,1
DA:299,1
DA:300,1
DA:301,1
DA:302,1
DA:303,1
DA:304,1
DA:305,1
DA:306,1
LF:174
LH:167
end_of_record
