TN:
SF:/Users/mmallin/src/artillery_range/llist.c
FN:7,llist_init
FN:14,llist_append
FN:42,llist_walk
FN:58,llist_unlink
FN:84,llist_walk_destroy
FNDA:14,llist_init
FNDA:26,llist_append
FNDA:2,llist_walk
FNDA:26,llist_unlink
FNDA:2,llist_walk_destroy
FNF:5
FNH:5
BRDA:9,0,0,0
BRDA:9,0,1,14
BRDA:19,0,0,0
BRDA:19,0,1,26
BRDA:20,0,0,0
BRDA:20,0,1,26
BRDA:24,0,0,10
BRDA:24,0,1,16
BRDA:32,1,0,30
BRDA:32,1,1,0
BRDA:32,3,2,14
BRDA:32,3,3,16
BRDA:48,0,0,0
BRDA:48,0,1,2
BRDA:51,1,0,10
BRDA:51,1,1,2
BRDA:66,0,0,4
BRDA:66,0,1,22
BRDA:74,0,0,14
BRDA:74,0,1,12
BRDA:91,0,0,0
BRDA:91,0,1,2
BRDA:94,1,0,10
BRDA:94,1,1,2
BRF:24
BRH:18
DA:9,14
DA:10,14
DA:11,14
DA:17,26
DA:19,26
DA:20,26
DA:22,26
DA:24,26
DA:25,10
DA:26,10
DA:27,10
DA:28,10
DA:31,16
DA:32,30
DA:33,14
DA:36,16
DA:37,16
DA:38,16
DA:39,26
DA:46,2
DA:48,2
DA:50,2
DA:51,12
DA:52,10
DA:53,10
DA:55,2
DA:63,26
DA:64,26
DA:66,26
DA:67,4
DA:68,4
DA:71,22
DA:74,26
DA:75,14
DA:76,14
DA:78,26
DA:79,26
DA:80,26
DA:81,26
DA:88,2
DA:89,2
DA:91,2
DA:93,2
DA:94,12
DA:95,10
DA:96,10
DA:97,10
DA:98,10
DA:100,2
LF:49
LH:49
end_of_record
TN:
SF:/usr/local/include/CppUTest/Utest.h
FN:62,_ZN14TestTerminatorC2Ev
FN:69,_ZN20NormalTestTerminatorC1Ev
FN:69,_ZN20NormalTestTerminatorC2Ev
FNDA:212,_ZN14TestTerminatorC2Ev
FNDA:212,_ZN20NormalTestTerminatorC1Ev
FNDA:212,_ZN20NormalTestTerminatorC2Ev
FNF:3
FNH:3
DA:62,212
DA:69,212
LF:2
LH:2
end_of_record
SF:/Users/mmallin/src/artillery_range/test/llist_test.cpp
FN:6,_ZN29TEST_GROUP_CppUTestGroupllistD2Ev
FN:6,_ZN29TEST_GROUP_CppUTestGroupllistD1Ev
FN:6,_ZN29TEST_GROUP_CppUTestGroupllistC2Ev
FN:6,_ZN29TEST_GROUP_CppUTestGroupllistD0Ev
FN:11,_ZN29TEST_GROUP_CppUTestGroupllist5setupEv
FN:19,_ZN29TEST_GROUP_CppUTestGroupllist8teardownEv
FN:26,_ZN29TEST_llist_InitHead_TestShellC2Ev
FN:26,_ZN24TEST_llist_InitHead_TestD1Ev
FN:26,_ZN29TEST_llist_InitHead_TestShellD2Ev
FN:26,__cxx_global_var_init.1
FN:26,__cxx_global_var_init
FN:26,_ZN29TEST_llist_InitHead_TestShellD0Ev
FN:26,_ZN24TEST_llist_InitHead_TestC2Ev
FN:26,_ZN24TEST_llist_InitHead_TestC1Ev
FN:26,_ZN29TEST_llist_InitHead_TestShellD1Ev
FN:26,_ZN24TEST_llist_InitHead_TestD2Ev
FN:26,_ZN24TEST_llist_InitHead_TestD0Ev
FN:26,_ZN24TEST_llist_InitHead_Test8testBodyEv
FN:26,_ZN29TEST_llist_InitHead_TestShellC1Ev
FN:26,_ZN29TEST_llist_InitHead_TestShell10createTestEv
FN:36,_ZN26TEST_llist_AddOneElem_TestD0Ev
FN:36,_ZN26TEST_llist_AddOneElem_Test8testBodyEv
FN:36,_ZN31TEST_llist_AddOneElem_TestShell10createTestEv
FN:36,_ZN31TEST_llist_AddOneElem_TestShellD1Ev
FN:36,_ZN31TEST_llist_AddOneElem_TestShellC1Ev
FN:36,_ZN26TEST_llist_AddOneElem_TestD2Ev
FN:36,_ZN31TEST_llist_AddOneElem_TestShellD2Ev
FN:36,__cxx_global_var_init.4
FN:36,_ZN26TEST_llist_AddOneElem_TestC2Ev
FN:36,_ZN31TEST_llist_AddOneElem_TestShellC2Ev
FN:36,__cxx_global_var_init.5
FN:36,_ZN26TEST_llist_AddOneElem_TestC1Ev
FN:36,_ZN31TEST_llist_AddOneElem_TestShellD0Ev
FN:36,_ZN26TEST_llist_AddOneElem_TestD1Ev
FN:53,_ZN32TEST_llist_AddTwoRemoveLast_TestD2Ev
FN:53,_ZN37TEST_llist_AddTwoRemoveLast_TestShellD2Ev
FN:53,_ZN37TEST_llist_AddTwoRemoveLast_TestShellC1Ev
FN:53,_ZN37TEST_llist_AddTwoRemoveLast_TestShellD1Ev
FN:53,_ZN32TEST_llist_AddTwoRemoveLast_TestC1Ev
FN:53,_ZN32TEST_llist_AddTwoRemoveLast_Test8testBodyEv
FN:53,_ZN37TEST_llist_AddTwoRemoveLast_TestShell10createTestEv
FN:53,_ZN32TEST_llist_AddTwoRemoveLast_TestC2Ev
FN:53,__cxx_global_var_init.8
FN:53,_ZN37TEST_llist_AddTwoRemoveLast_TestShellD0Ev
FN:53,__cxx_global_var_init.7
FN:53,_ZN37TEST_llist_AddTwoRemoveLast_TestShellC2Ev
FN:53,_ZN32TEST_llist_AddTwoRemoveLast_TestD1Ev
FN:53,_ZN32TEST_llist_AddTwoRemoveLast_TestD0Ev
FN:77,_ZN38TEST_llist_AddTwoRemoveFirst_TestShellC1Ev
FN:77,_ZN38TEST_llist_AddTwoRemoveFirst_TestShellC2Ev
FN:77,_ZN33TEST_llist_AddTwoRemoveFirst_TestD0Ev
FN:77,_ZN38TEST_llist_AddTwoRemoveFirst_TestShellD1Ev
FN:77,_ZN33TEST_llist_AddTwoRemoveFirst_TestC1Ev
FN:77,_ZN38TEST_llist_AddTwoRemoveFirst_TestShell10createTestEv
FN:77,_ZN38TEST_llist_AddTwoRemoveFirst_TestShellD2Ev
FN:77,_ZN33TEST_llist_AddTwoRemoveFirst_TestD1Ev
FN:77,_ZN38TEST_llist_AddTwoRemoveFirst_TestShellD0Ev
FN:77,_ZN33TEST_llist_AddTwoRemoveFirst_TestD2Ev
FN:77,_ZN33TEST_llist_AddTwoRemoveFirst_TestC2Ev
FN:77,__cxx_global_var_init.10
FN:77,_ZN33TEST_llist_AddTwoRemoveFirst_Test8testBodyEv
FN:77,__cxx_global_var_init.11
FN:91,_ZN41TEST_llist_AddThreeRemoveMiddle_TestShell10createTestEv
FN:91,_ZN36TEST_llist_AddThreeRemoveMiddle_TestC2Ev
FN:91,_ZN36TEST_llist_AddThreeRemoveMiddle_TestC1Ev
FN:91,__cxx_global_var_init.13
FN:91,_ZN41TEST_llist_AddThreeRemoveMiddle_TestShellC1Ev
FN:91,_ZN41TEST_llist_AddThreeRemoveMiddle_TestShellD1Ev
FN:91,_ZN41TEST_llist_AddThreeRemoveMiddle_TestShellD2Ev
FN:91,__cxx_global_var_init.14
FN:91,_ZN36TEST_llist_AddThreeRemoveMiddle_TestD1Ev
FN:91,_ZN36TEST_llist_AddThreeRemoveMiddle_TestD0Ev
FN:91,_ZN36TEST_llist_AddThreeRemoveMiddle_Test8testBodyEv
FN:91,_ZN41TEST_llist_AddThreeRemoveMiddle_TestShellD0Ev
FN:91,_ZN36TEST_llist_AddThreeRemoveMiddle_TestD2Ev
FN:91,_ZN41TEST_llist_AddThreeRemoveMiddle_TestShellC2Ev
FN:122,_Z15llist_test_walkP14llist_elem_st_Pv
FN:129,_Z23llist_test_destroy_walkP14llist_elem_st_Pv
FN:137,_ZN28TEST_llist_FiveElemWalk_Test8testBodyEv
FN:137,_ZN33TEST_llist_FiveElemWalk_TestShellD2Ev
FN:137,_ZN28TEST_llist_FiveElemWalk_TestC2Ev
FN:137,_ZN28TEST_llist_FiveElemWalk_TestD1Ev
FN:137,_ZN28TEST_llist_FiveElemWalk_TestD0Ev
FN:137,_ZN33TEST_llist_FiveElemWalk_TestShell10createTestEv
FN:137,_ZN33TEST_llist_FiveElemWalk_TestShellC1Ev
FN:137,_ZN33TEST_llist_FiveElemWalk_TestShellD0Ev
FN:137,_ZN33TEST_llist_FiveElemWalk_TestShellC2Ev
FN:137,_ZN28TEST_llist_FiveElemWalk_TestD2Ev
FN:137,_ZN33TEST_llist_FiveElemWalk_TestShellD1Ev
FN:137,_ZN28TEST_llist_FiveElemWalk_TestC1Ev
FN:137,__cxx_global_var_init.16
FN:137,__cxx_global_var_init.17
FNDA:12,_ZN29TEST_GROUP_CppUTestGroupllistC2Ev
FNDA:0,_ZN29TEST_GROUP_CppUTestGroupllistD1Ev
FNDA:0,_ZN29TEST_GROUP_CppUTestGroupllistD0Ev
FNDA:12,_ZN29TEST_GROUP_CppUTestGroupllistD2Ev
FNDA:12,_ZN29TEST_GROUP_CppUTestGroupllist5setupEv
FNDA:12,_ZN29TEST_GROUP_CppUTestGroupllist8teardownEv
FNDA:2,__cxx_global_var_init
FNDA:2,_ZN29TEST_llist_InitHead_TestShellC1Ev
FNDA:2,_ZN29TEST_llist_InitHead_TestShellD1Ev
FNDA:2,__cxx_global_var_init.1
FNDA:2,_ZN24TEST_llist_InitHead_Test8testBodyEv
FNDA:2,_ZN24TEST_llist_InitHead_TestD1Ev
FNDA:2,_ZN24TEST_llist_InitHead_TestD0Ev
FNDA:2,_ZN29TEST_llist_InitHead_TestShellC2Ev
FNDA:0,_ZN29TEST_llist_InitHead_TestShellD0Ev
FNDA:2,_ZN29TEST_llist_InitHead_TestShell10createTestEv
FNDA:2,_ZN24TEST_llist_InitHead_TestC1Ev
FNDA:2,_ZN24TEST_llist_InitHead_TestC2Ev
FNDA:2,_ZN29TEST_llist_InitHead_TestShellD2Ev
FNDA:2,_ZN24TEST_llist_InitHead_TestD2Ev
FNDA:2,__cxx_global_var_init.4
FNDA:2,_ZN31TEST_llist_AddOneElem_TestShellC1Ev
FNDA:2,_ZN31TEST_llist_AddOneElem_TestShellD1Ev
FNDA:2,__cxx_global_var_init.5
FNDA:2,_ZN26TEST_llist_AddOneElem_Test8testBodyEv
FNDA:2,_ZN26TEST_llist_AddOneElem_TestD1Ev
FNDA:2,_ZN26TEST_llist_AddOneElem_TestD0Ev
FNDA:2,_ZN31TEST_llist_AddOneElem_TestShellC2Ev
FNDA:0,_ZN31TEST_llist_AddOneElem_TestShellD0Ev
FNDA:2,_ZN31TEST_llist_AddOneElem_TestShell10createTestEv
FNDA:2,_ZN26TEST_llist_AddOneElem_TestC1Ev
FNDA:2,_ZN26TEST_llist_AddOneElem_TestC2Ev
FNDA:2,_ZN31TEST_llist_AddOneElem_TestShellD2Ev
FNDA:2,_ZN26TEST_llist_AddOneElem_TestD2Ev
FNDA:2,__cxx_global_var_init.7
FNDA:2,_ZN37TEST_llist_AddTwoRemoveLast_TestShellC1Ev
FNDA:2,_ZN37TEST_llist_AddTwoRemoveLast_TestShellD1Ev
FNDA:2,__cxx_global_var_init.8
FNDA:2,_ZN32TEST_llist_AddTwoRemoveLast_Test8testBodyEv
FNDA:2,_ZN32TEST_llist_AddTwoRemoveLast_TestD1Ev
FNDA:2,_ZN32TEST_llist_AddTwoRemoveLast_TestD0Ev
FNDA:2,_ZN37TEST_llist_AddTwoRemoveLast_TestShellC2Ev
FNDA:0,_ZN37TEST_llist_AddTwoRemoveLast_TestShellD0Ev
FNDA:2,_ZN37TEST_llist_AddTwoRemoveLast_TestShell10createTestEv
FNDA:2,_ZN32TEST_llist_AddTwoRemoveLast_TestC1Ev
FNDA:2,_ZN32TEST_llist_AddTwoRemoveLast_TestC2Ev
FNDA:2,_ZN37TEST_llist_AddTwoRemoveLast_TestShellD2Ev
FNDA:2,_ZN32TEST_llist_AddTwoRemoveLast_TestD2Ev
FNDA:2,__cxx_global_var_init.10
FNDA:2,_ZN38TEST_llist_AddTwoRemoveFirst_TestShellC1Ev
FNDA:2,_ZN38TEST_llist_AddTwoRemoveFirst_TestShellD1Ev
FNDA:2,__cxx_global_var_init.11
FNDA:2,_ZN33TEST_llist_AddTwoRemoveFirst_Test8testBodyEv
FNDA:2,_ZN33TEST_llist_AddTwoRemoveFirst_TestD1Ev
FNDA:2,_ZN33TEST_llist_AddTwoRemoveFirst_TestD0Ev
FNDA:2,_ZN38TEST_llist_AddTwoRemoveFirst_TestShellC2Ev
FNDA:0,_ZN38TEST_llist_AddTwoRemoveFirst_TestShellD0Ev
FNDA:2,_ZN38TEST_llist_AddTwoRemoveFirst_TestShell10createTestEv
FNDA:2,_ZN33TEST_llist_AddTwoRemoveFirst_TestC1Ev
FNDA:2,_ZN33TEST_llist_AddTwoRemoveFirst_TestC2Ev
FNDA:2,_ZN38TEST_llist_AddTwoRemoveFirst_TestShellD2Ev
FNDA:2,_ZN33TEST_llist_AddTwoRemoveFirst_TestD2Ev
FNDA:2,__cxx_global_var_init.13
FNDA:2,_ZN41TEST_llist_AddThreeRemoveMiddle_TestShellC1Ev
FNDA:2,_ZN41TEST_llist_AddThreeRemoveMiddle_TestShellD1Ev
FNDA:2,__cxx_global_var_init.14
FNDA:2,_ZN36TEST_llist_AddThreeRemoveMiddle_Test8testBodyEv
FNDA:2,_ZN36TEST_llist_AddThreeRemoveMiddle_TestD1Ev
FNDA:2,_ZN36TEST_llist_AddThreeRemoveMiddle_TestD0Ev
FNDA:2,_ZN41TEST_llist_AddThreeRemoveMiddle_TestShellC2Ev
FNDA:0,_ZN41TEST_llist_AddThreeRemoveMiddle_TestShellD0Ev
FNDA:2,_ZN41TEST_llist_AddThreeRemoveMiddle_TestShell10createTestEv
FNDA:2,_ZN36TEST_llist_AddThreeRemoveMiddle_TestC1Ev
FNDA:2,_ZN36TEST_llist_AddThreeRemoveMiddle_TestC2Ev
FNDA:2,_ZN41TEST_llist_AddThreeRemoveMiddle_TestShellD2Ev
FNDA:2,_ZN36TEST_llist_AddThreeRemoveMiddle_TestD2Ev
FNDA:10,_Z15llist_test_walkP14llist_elem_st_Pv
FNDA:10,_Z23llist_test_destroy_walkP14llist_elem_st_Pv
FNDA:2,__cxx_global_var_init.16
FNDA:2,_ZN33TEST_llist_FiveElemWalk_TestShellC1Ev
FNDA:2,_ZN33TEST_llist_FiveElemWalk_TestShellD1Ev
FNDA:2,__cxx_global_var_init.17
FNDA:2,_ZN28TEST_llist_FiveElemWalk_Test8testBodyEv
FNDA:2,_ZN28TEST_llist_FiveElemWalk_TestD1Ev
FNDA:2,_ZN28TEST_llist_FiveElemWalk_TestD0Ev
FNDA:2,_ZN33TEST_llist_FiveElemWalk_TestShellC2Ev
FNDA:0,_ZN33TEST_llist_FiveElemWalk_TestShellD0Ev
FNDA:2,_ZN33TEST_llist_FiveElemWalk_TestShell10createTestEv
FNDA:2,_ZN28TEST_llist_FiveElemWalk_TestC1Ev
FNDA:2,_ZN28TEST_llist_FiveElemWalk_TestC2Ev
FNDA:2,_ZN33TEST_llist_FiveElemWalk_TestShellD2Ev
FNDA:2,_ZN28TEST_llist_FiveElemWalk_TestD2Ev
FNF:92
FNH:84
BRDA:14,0,0,12
BRDA:14,0,1,0
BRDA:15,0,0,12
BRDA:15,0,1,0
BRDA:21,0,0,12
BRDA:21,0,1,0
BRDA:22,0,0,12
BRDA:22,0,1,0
BRDA:26,10,0,2
BRDA:26,10,1,0
BRDA:32,0,0,2
BRDA:32,0,1,0
BRDA:33,0,0,2
BRDA:33,0,1,0
BRDA:36,10,0,2
BRDA:36,10,1,0
BRDA:41,0,0,2
BRDA:41,0,1,0
BRDA:42,0,0,2
BRDA:42,0,1,0
BRDA:43,0,0,2
BRDA:43,0,1,0
BRDA:44,0,0,2
BRDA:44,0,1,0
BRDA:47,0,0,2
BRDA:47,0,1,0
BRDA:48,0,0,2
BRDA:48,0,1,0
BRDA:49,0,0,2
BRDA:49,0,1,0
BRDA:50,0,0,2
BRDA:50,0,1,0
BRDA:53,10,0,2
BRDA:53,10,1,0
BRDA:59,0,0,2
BRDA:59,0,1,0
BRDA:60,0,0,2
BRDA:60,0,1,0
BRDA:61,0,0,2
BRDA:61,0,1,0
BRDA:62,0,0,2
BRDA:62,0,1,0
BRDA:63,0,0,2
BRDA:63,0,1,0
BRDA:64,0,0,2
BRDA:64,0,1,0
BRDA:67,0,0,2
BRDA:67,0,1,0
BRDA:68,0,0,2
BRDA:68,0,1,0
BRDA:69,0,0,2
BRDA:69,0,1,0
BRDA:70,0,0,2
BRDA:70,0,1,0
BRDA:71,0,0,2
BRDA:71,0,1,0
BRDA:72,0,0,2
BRDA:72,0,1,0
BRDA:77,10,0,2
BRDA:77,10,1,0
BRDA:84,0,0,2
BRDA:84,0,1,0
BRDA:85,0,0,2
BRDA:85,0,1,0
BRDA:86,0,0,2
BRDA:86,0,1,0
BRDA:91,10,0,2
BRDA:91,10,1,0
BRDA:96,1,0,6
BRDA:96,1,1,2
BRDA:100,0,0,2
BRDA:100,0,1,0
BRDA:102,0,0,2
BRDA:102,0,1,0
BRDA:103,0,0,2
BRDA:103,0,1,0
BRDA:105,0,0,2
BRDA:105,0,1,0
BRDA:106,0,0,2
BRDA:106,0,1,0
BRDA:108,0,0,2
BRDA:108,0,1,0
BRDA:109,0,0,2
BRDA:109,0,1,0
BRDA:112,0,0,2
BRDA:112,0,1,0
BRDA:114,0,0,2
BRDA:114,0,1,0
BRDA:115,0,0,2
BRDA:115,0,1,0
BRDA:133,0,0,10
BRDA:133,0,1,0
BRDA:134,0,0,10
BRDA:134,0,1,0
BRDA:137,10,0,2
BRDA:137,10,1,0
BRDA:143,1,0,10
BRDA:143,1,1,2
BRDA:149,0,0,2
BRDA:149,0,1,0
BRF:100
BRH:52
DA:6,12
DA:13,12
DA:14,12
DA:15,12
DA:16,12
DA:21,12
DA:22,12
DA:23,12
DA:26,2
DA:28,2
DA:29,2
DA:31,2
DA:32,2
DA:33,2
DA:34,2
DA:36,2
DA:40,2
DA:41,2
DA:42,2
DA:43,2
DA:44,2
DA:46,2
DA:47,2
DA:48,2
DA:49,2
DA:50,2
DA:51,2
DA:53,2
DA:57,2
DA:58,2
DA:59,2
DA:60,2
DA:61,2
DA:62,2
DA:63,2
DA:64,2
DA:66,2
DA:67,2
DA:68,2
DA:69,2
DA:70,2
DA:71,2
DA:72,2
DA:74,2
DA:75,2
DA:77,2
DA:81,2
DA:82,2
DA:83,2
DA:84,2
DA:85,2
DA:86,2
DA:88,2
DA:89,2
DA:91,2
DA:96,8
DA:97,6
DA:98,6
DA:100,2
DA:102,2
DA:103,2
DA:105,2
DA:106,2
DA:108,2
DA:109,2
DA:111,2
DA:112,2
DA:114,2
DA:115,2
DA:117,2
DA:118,2
DA:119,2
DA:124,10
DA:125,10
DA:126,10
DA:131,10
DA:132,10
DA:133,10
DA:134,10
DA:135,10
DA:137,2
DA:140,2
DA:141,2
DA:143,12
DA:144,10
DA:145,10
DA:147,2
DA:148,2
DA:149,2
DA:151,2
DA:153,2
DA:154,2
DA:155,2
LF:93
LH:93
end_of_record
TN:
SF:/Users/mmallin/src/artillery_range/test/AllTests.cpp
FN:3,main
FNDA:2,main
FNF:1
FNH:1
DA:5,2
LF:1
LH:1
end_of_record
TN:
SF:/usr/include/sys/_types/_fd_def.h
FN:56,_ZL17__darwin_fd_issetiPK6fd_set
FNDA:112,_ZL17__darwin_fd_issetiPK6fd_set
FNF:1
FNH:1
DA:58,112
LF:1
LH:1
end_of_record
SF:/usr/local/include/CppUTest/Utest.h
FN:62,_ZN14TestTerminatorC2Ev
FN:69,_ZN20NormalTestTerminatorC1Ev
FN:69,_ZN20NormalTestTerminatorC2Ev
FNDA:0,_ZN14TestTerminatorC2Ev
FNDA:0,_ZN20NormalTestTerminatorC1Ev
FNDA:0,_ZN20NormalTestTerminatorC2Ev
FNF:3
FNH:0
DA:62,0
DA:69,0
LF:2
LH:0
end_of_record
SF:/usr/local/include/CppUTestExt/MockExpectedCall.h
FN:44,_ZN16MockExpectedCall13withParameterERK12SimpleStringi
FN:50,_ZN16MockExpectedCall13withParameterERK12SimpleStringPv
FNDA:0,_ZN16MockExpectedCall13withParameterERK12SimpleStringi
FNDA:0,_ZN16MockExpectedCall13withParameterERK12SimpleStringPv
FNF:2
FNH:0
DA:44,0
DA:50,0
LF:2
LH:0
end_of_record
SF:/Users/mmallin/src/artillery_range/game_server.c
FN:31,game_server_get_running_bind_info
FN:37,_ZL23game_server_open_socketv
FN:85,_ZL42game_server_network_close_open_connectionsv
FN:100,_ZL24game_server_close_socketv
FN:113,_ZL43game_server_network_open_pending_connectionv
FN:155,_ZL40game_server_network_handle_pending_connsv
FN:181,_ZL38game_server_network_handle_socket_readi
FN:196,_ZL40game_server_network_handle_pending_readsv
FN:235,_ZL26game_server_handle_networkv
FN:242,_ZL18game_server_threadPv
FN:263,game_server_start
FN:278,game_server_finish
FNDA:2,game_server_get_running_bind_info
FNDA:8,_ZL23game_server_open_socketv
FNDA:6,_ZL42game_server_network_close_open_connectionsv
FNDA:6,_ZL24game_server_close_socketv
FNDA:22,_ZL43game_server_network_open_pending_connectionv
FNDA:24,_ZL40game_server_network_handle_pending_connsv
FNDA:112,_ZL38game_server_network_handle_socket_readi
FNDA:24,_ZL40game_server_network_handle_pending_readsv
FNDA:24,_ZL26game_server_handle_networkv
FNDA:0,_ZL18game_server_threadPv
FNDA:4,game_server_start
FNDA:4,game_server_finish
FNF:12
FNH:11
BRDA:50,0,0,2
BRDA:50,0,1,6
BRDA:58,0,0,2
BRDA:58,0,1,4
BRDA:66,0,0,2
BRDA:66,0,1,2
BRDA:77,0,0,0
BRDA:77,0,1,2
BRDA:88,2,0,22
BRDA:88,2,1,6
BRDA:92,0,0,4
BRDA:92,0,1,2
BRDA:105,0,0,0
BRDA:105,0,1,6
BRDA:125,0,0,0
BRDA:125,0,1,22
BRDA:130,0,0,0
BRDA:130,0,1,22
BRDA:140,0,0,0
BRDA:140,0,1,22
BRDA:169,0,0,0
BRDA:169,0,1,24
BRDA:175,0,0,22
BRDA:175,0,1,2
BRDA:187,0,0,112
BRDA:187,0,1,0
BRDA:206,1,0,112
BRDA:206,1,1,24
BRDA:209,0,0,112
BRDA:209,0,1,0
BRDA:220,0,0,0
BRDA:220,0,1,24
BRDA:225,1,0,112
BRDA:225,1,1,24
BRDA:226,0,0,112
BRDA:226,0,1,0
BRDA:248,1,0,-
BRDA:248,1,1,-
BRDA:249,0,0,-
BRDA:249,0,1,-
BRDA:269,0,0,2
BRDA:269,0,1,2
BRDA:285,0,0,2
BRDA:285,0,1,2
BRF:44
BRH:30
DA:33,2
DA:46,8
DA:48,8
DA:49,8
DA:50,8
DA:51,2
DA:52,2
DA:55,6
DA:58,6
DA:59,2
DA:60,2
DA:61,2
DA:64,4
DA:66,4
DA:67,2
DA:68,2
DA:69,2
DA:72,2
DA:77,2
DA:78,2
DA:79,2
DA:80,2
DA:81,2
DA:82,2
DA:88,28
DA:89,22
DA:90,22
DA:92,6
DA:93,4
DA:94,4
DA:95,4
DA:96,4
DA:97,6
DA:102,6
DA:104,6
DA:105,6
DA:106,0
DA:107,0
DA:109,6
DA:110,6
DA:117,22
DA:120,22
DA:122,22
DA:123,22
DA:125,22
DA:126,0
DA:127,0
DA:130,22
DA:131,0
DA:132,0
DA:133,0
DA:136,22
DA:137,22
DA:138,22
DA:140,22
DA:141,0
DA:142,0
DA:143,0
DA:146,22
DA:147,22
DA:148,22
DA:149,22
DA:150,22
DA:152,22
DA:157,24
DA:161,24
DA:162,24
DA:164,24
DA:169,24
DA:170,0
DA:171,0
DA:172,0
DA:175,24
DA:176,22
DA:177,22
DA:178,24
DA:184,112
DA:186,112
DA:187,112
DA:188,112
DA:189,112
DA:192,0
DA:193,112
DA:198,24
DA:200,24
DA:204,24
DA:206,136
DA:207,112
DA:209,112
DA:211,112
DA:213,24
DA:220,24
DA:221,0
DA:222,0
DA:225,136
DA:226,112
DA:228,112
DA:229,112
DA:230,112
DA:231,112
DA:232,24
DA:237,24
DA:238,24
DA:239,24
DA:244,0
DA:246,0
DA:248,0
DA:249,0
DA:250,0
DA:251,0
DA:252,0
DA:254,0
DA:257,0
DA:259,0
DA:267,4
DA:269,4
DA:270,2
DA:271,2
DA:272,2
DA:273,2
DA:275,2
DA:282,4
DA:284,4
DA:285,4
DA:286,2
DA:287,2
DA:288,4
LF:127
LH:101
end_of_record
SF:/Users/mmallin/src/artillery_range/test/game_server_test.cpp
FN:10,_ZN43TEST_GROUP_CppUTestGroupgame_server_ext_apiD0Ev
FN:10,_ZN43TEST_GROUP_CppUTestGroupgame_server_ext_apiD2Ev
FN:10,_ZN43TEST_GROUP_CppUTestGroupgame_server_ext_apiD1Ev
FN:10,_ZN43TEST_GROUP_CppUTestGroupgame_server_ext_apiC2Ev
FN:13,_ZN43TEST_GROUP_CppUTestGroupgame_server_ext_api8teardownEv
FN:20,_ZN49TEST_GROUP_CppUTestGroupgame_server_listen_socketD2Ev
FN:20,_ZN49TEST_GROUP_CppUTestGroupgame_server_listen_socketD1Ev
FN:20,_ZN49TEST_GROUP_CppUTestGroupgame_server_listen_socketD0Ev
FN:20,_ZN49TEST_GROUP_CppUTestGroupgame_server_listen_socketC2Ev
FN:23,_ZN49TEST_GROUP_CppUTestGroupgame_server_listen_socket8teardownEv
FN:30,_ZN43TEST_GROUP_CppUTestGroupgame_server_networkD0Ev
FN:30,_ZN43TEST_GROUP_CppUTestGroupgame_server_networkD1Ev
FN:30,_ZN43TEST_GROUP_CppUTestGroupgame_server_networkD2Ev
FN:30,_ZN43TEST_GROUP_CppUTestGroupgame_server_networkC2Ev
FN:33,_ZN43TEST_GROUP_CppUTestGroupgame_server_network8teardownEv
FN:54,_ZN48TEST_game_server_ext_api_get_bind_info_TestShellD2Ev
FN:54,_ZN43TEST_game_server_ext_api_get_bind_info_TestD2Ev
FN:54,_ZN48TEST_game_server_ext_api_get_bind_info_TestShellC1Ev
FN:54,_ZN48TEST_game_server_ext_api_get_bind_info_TestShell10createTestEv
FN:54,_ZN43TEST_game_server_ext_api_get_bind_info_TestC2Ev
FN:54,_ZN43TEST_game_server_ext_api_get_bind_info_Test8testBodyEv
FN:54,_ZN43TEST_game_server_ext_api_get_bind_info_TestD1Ev
FN:54,_ZN48TEST_game_server_ext_api_get_bind_info_TestShellC2Ev
FN:54,_ZN43TEST_game_server_ext_api_get_bind_info_TestC1Ev
FN:54,__cxx_global_var_init.2
FN:54,_ZN48TEST_game_server_ext_api_get_bind_info_TestShellD1Ev
FN:54,_ZN48TEST_game_server_ext_api_get_bind_info_TestShellD0Ev
FN:54,__cxx_global_var_init
FN:54,_ZN43TEST_game_server_ext_api_get_bind_info_TestD0Ev
FN:60,_ZN43TEST_game_server_ext_api_start_success_TestC2Ev
FN:60,__cxx_global_var_init.8
FN:60,_ZN48TEST_game_server_ext_api_start_success_TestShellD2Ev
FN:60,_ZN43TEST_game_server_ext_api_start_success_TestD1Ev
FN:60,_ZN43TEST_game_server_ext_api_start_success_TestD0Ev
FN:60,__cxx_global_var_init.7
FN:60,_ZN43TEST_game_server_ext_api_start_success_TestD2Ev
FN:60,_ZN48TEST_game_server_ext_api_start_success_TestShellD1Ev
FN:60,_ZN48TEST_game_server_ext_api_start_success_TestShellC2Ev
FN:60,_ZN48TEST_game_server_ext_api_start_success_TestShell10createTestEv
FN:60,_ZN48TEST_game_server_ext_api_start_success_TestShellD0Ev
FN:60,_ZN43TEST_game_server_ext_api_start_success_TestC1Ev
FN:60,_ZN43TEST_game_server_ext_api_start_success_Test8testBodyEv
FN:60,_ZN48TEST_game_server_ext_api_start_success_TestShellC1Ev
FN:72,_ZN58TEST_game_server_ext_api_start_pthread_create_failure_TestD2Ev
FN:72,_ZN58TEST_game_server_ext_api_start_pthread_create_failure_TestD0Ev
FN:72,_ZN58TEST_game_server_ext_api_start_pthread_create_failure_Test8testBodyEv
FN:72,_ZN58TEST_game_server_ext_api_start_pthread_create_failure_TestD1Ev
FN:72,__cxx_global_var_init.15
FN:72,_ZN63TEST_game_server_ext_api_start_pthread_create_failure_TestShellD0Ev
FN:72,_ZN63TEST_game_server_ext_api_start_pthread_create_failure_TestShell10createTestEv
FN:72,_ZN58TEST_game_server_ext_api_start_pthread_create_failure_TestC2Ev
FN:72,_ZN58TEST_game_server_ext_api_start_pthread_create_failure_TestC1Ev
FN:72,_ZN63TEST_game_server_ext_api_start_pthread_create_failure_TestShellC2Ev
FN:72,_ZN63TEST_game_server_ext_api_start_pthread_create_failure_TestShellD1Ev
FN:72,__cxx_global_var_init.14
FN:72,_ZN63TEST_game_server_ext_api_start_pthread_create_failure_TestShellC1Ev
FN:72,_ZN63TEST_game_server_ext_api_start_pthread_create_failure_TestShellD2Ev
FN:86,__cxx_global_var_init.20
FN:86,_ZN49TEST_game_server_ext_api_finish_success_TestShell10createTestEv
FN:86,_ZN49TEST_game_server_ext_api_finish_success_TestShellD0Ev
FN:86,_ZN49TEST_game_server_ext_api_finish_success_TestShellD1Ev
FN:86,_ZN44TEST_game_server_ext_api_finish_success_TestC2Ev
FN:86,_ZN49TEST_game_server_ext_api_finish_success_TestShellC2Ev
FN:86,_ZN44TEST_game_server_ext_api_finish_success_TestD1Ev
FN:86,_ZN44TEST_game_server_ext_api_finish_success_TestD2Ev
FN:86,__cxx_global_var_init.21
FN:86,_ZN44TEST_game_server_ext_api_finish_success_Test8testBodyEv
FN:86,_ZN44TEST_game_server_ext_api_finish_success_TestC1Ev
FN:86,_ZN49TEST_game_server_ext_api_finish_success_TestShellD2Ev
FN:86,_ZN49TEST_game_server_ext_api_finish_success_TestShellC1Ev
FN:86,_ZN44TEST_game_server_ext_api_finish_success_TestD0Ev
FN:98,_ZN62TEST_game_server_ext_api_finish_pthread_join_failure_TestShellD1Ev
FN:98,_ZN62TEST_game_server_ext_api_finish_pthread_join_failure_TestShellC1Ev
FN:98,_ZN62TEST_game_server_ext_api_finish_pthread_join_failure_TestShellC2Ev
FN:98,_ZN57TEST_game_server_ext_api_finish_pthread_join_failure_TestD1Ev
FN:98,__cxx_global_var_init.25
FN:98,_ZN57TEST_game_server_ext_api_finish_pthread_join_failure_Test8testBodyEv
FN:98,_ZN62TEST_game_server_ext_api_finish_pthread_join_failure_TestShell10createTestEv
FN:98,_ZN62TEST_game_server_ext_api_finish_pthread_join_failure_TestShellD0Ev
FN:98,_ZN62TEST_game_server_ext_api_finish_pthread_join_failure_TestShellD2Ev
FN:98,__cxx_global_var_init.24
FN:98,_ZN57TEST_game_server_ext_api_finish_pthread_join_failure_TestC2Ev
FN:98,_ZN57TEST_game_server_ext_api_finish_pthread_join_failure_TestD0Ev
FN:98,_ZN57TEST_game_server_ext_api_finish_pthread_join_failure_TestD2Ev
FN:98,_ZN57TEST_game_server_ext_api_finish_pthread_join_failure_TestC1Ev
FN:110,_ZN55TEST_game_server_listen_socket_open_socket_success_TestC2Ev
FN:110,_ZN55TEST_game_server_listen_socket_open_socket_success_TestD2Ev
FN:110,_ZN60TEST_game_server_listen_socket_open_socket_success_TestShellD0Ev
FN:110,_ZN55TEST_game_server_listen_socket_open_socket_success_TestD1Ev
FN:110,_ZN60TEST_game_server_listen_socket_open_socket_success_TestShellD2Ev
FN:110,_ZN55TEST_game_server_listen_socket_open_socket_success_TestD0Ev
FN:110,_ZN60TEST_game_server_listen_socket_open_socket_success_TestShellD1Ev
FN:110,_ZN60TEST_game_server_listen_socket_open_socket_success_TestShellC2Ev
FN:110,_ZN55TEST_game_server_listen_socket_open_socket_success_Test8testBodyEv
FN:110,__cxx_global_var_init.28
FN:110,__cxx_global_var_init.27
FN:110,_ZN60TEST_game_server_listen_socket_open_socket_success_TestShellC1Ev
FN:110,_ZN55TEST_game_server_listen_socket_open_socket_success_TestC1Ev
FN:110,_ZN60TEST_game_server_listen_socket_open_socket_success_TestShell10createTestEv
FN:130,_ZN62TEST_game_server_listen_socket_open_socket_socket_failure_TestD2Ev
FN:130,_ZN62TEST_game_server_listen_socket_open_socket_socket_failure_TestC1Ev
FN:130,_ZN67TEST_game_server_listen_socket_open_socket_socket_failure_TestShellD2Ev
FN:130,_ZN67TEST_game_server_listen_socket_open_socket_socket_failure_TestShellC1Ev
FN:130,_ZN67TEST_game_server_listen_socket_open_socket_socket_failure_TestShellC2Ev
FN:130,_ZN67TEST_game_server_listen_socket_open_socket_socket_failure_TestShellD0Ev
FN:130,_ZN62TEST_game_server_listen_socket_open_socket_socket_failure_TestC2Ev
FN:130,__cxx_global_var_init.37
FN:130,_ZN62TEST_game_server_listen_socket_open_socket_socket_failure_TestD0Ev
FN:130,_ZN62TEST_game_server_listen_socket_open_socket_socket_failure_Test8testBodyEv
FN:130,_ZN62TEST_game_server_listen_socket_open_socket_socket_failure_TestD1Ev
FN:130,_ZN67TEST_game_server_listen_socket_open_socket_socket_failure_TestShell10createTestEv
FN:130,_ZN67TEST_game_server_listen_socket_open_socket_socket_failure_TestShellD1Ev
FN:130,__cxx_global_var_init.38
FN:146,_ZN65TEST_game_server_listen_socket_open_socket_bind_failure_TestShell10createTestEv
FN:146,_ZN65TEST_game_server_listen_socket_open_socket_bind_failure_TestShellD0Ev
FN:146,_ZN60TEST_game_server_listen_socket_open_socket_bind_failure_TestD1Ev
FN:146,_ZN65TEST_game_server_listen_socket_open_socket_bind_failure_TestShellC1Ev
FN:146,__cxx_global_var_init.41
FN:146,_ZN65TEST_game_server_listen_socket_open_socket_bind_failure_TestShellC2Ev
FN:146,_ZN60TEST_game_server_listen_socket_open_socket_bind_failure_TestC2Ev
FN:146,__cxx_global_var_init.42
FN:146,_ZN60TEST_game_server_listen_socket_open_socket_bind_failure_TestD0Ev
FN:146,_ZN65TEST_game_server_listen_socket_open_socket_bind_failure_TestShellD2Ev
FN:146,_ZN60TEST_game_server_listen_socket_open_socket_bind_failure_Test8testBodyEv
FN:146,_ZN60TEST_game_server_listen_socket_open_socket_bind_failure_TestD2Ev
FN:146,_ZN65TEST_game_server_listen_socket_open_socket_bind_failure_TestShellD1Ev
FN:146,_ZN60TEST_game_server_listen_socket_open_socket_bind_failure_TestC1Ev
FN:168,_ZN67TEST_game_server_listen_socket_open_socket_listen_failure_TestShell10createTestEv
FN:168,__cxx_global_var_init.46
FN:168,_ZN62TEST_game_server_listen_socket_open_socket_listen_failure_TestC2Ev
FN:168,_ZN67TEST_game_server_listen_socket_open_socket_listen_failure_TestShellC1Ev
FN:168,_ZN67TEST_game_server_listen_socket_open_socket_listen_failure_TestShellC2Ev
FN:168,_ZN62TEST_game_server_listen_socket_open_socket_listen_failure_TestC1Ev
FN:168,_ZN62TEST_game_server_listen_socket_open_socket_listen_failure_TestD0Ev
FN:168,_ZN67TEST_game_server_listen_socket_open_socket_listen_failure_TestShellD2Ev
FN:168,__cxx_global_var_init.47
FN:168,_ZN67TEST_game_server_listen_socket_open_socket_listen_failure_TestShellD0Ev
FN:168,_ZN62TEST_game_server_listen_socket_open_socket_listen_failure_TestD1Ev
FN:168,_ZN67TEST_game_server_listen_socket_open_socket_listen_failure_TestShellD1Ev
FN:168,_ZN62TEST_game_server_listen_socket_open_socket_listen_failure_Test8testBodyEv
FN:168,_ZN62TEST_game_server_listen_socket_open_socket_listen_failure_TestD2Ev
FN:194,_ZN59TEST_game_server_network_handle_no_pending_connections_TestD0Ev
FN:194,_ZN64TEST_game_server_network_handle_no_pending_connections_TestShell10createTestEv
FN:194,_ZN59TEST_game_server_network_handle_no_pending_connections_TestC2Ev
FN:194,_ZN59TEST_game_server_network_handle_no_pending_connections_TestD2Ev
FN:194,_ZN59TEST_game_server_network_handle_no_pending_connections_Test8testBodyEv
FN:194,_ZN64TEST_game_server_network_handle_no_pending_connections_TestShellD0Ev
FN:194,__cxx_global_var_init.50
FN:194,__cxx_global_var_init.49
FN:194,_ZN64TEST_game_server_network_handle_no_pending_connections_TestShellC1Ev
FN:194,_ZN64TEST_game_server_network_handle_no_pending_connections_TestShellD1Ev
FN:194,_ZN64TEST_game_server_network_handle_no_pending_connections_TestShellD2Ev
FN:194,_ZN59TEST_game_server_network_handle_no_pending_connections_TestC1Ev
FN:194,_ZN59TEST_game_server_network_handle_no_pending_connections_TestD1Ev
FN:194,_ZN64TEST_game_server_network_handle_no_pending_connections_TestShellC2Ev
FN:208,_ZN59TEST_game_server_network_handle_one_pending_connection_TestC2Ev
FN:208,_ZN64TEST_game_server_network_handle_one_pending_connection_TestShellD2Ev
FN:208,_ZN59TEST_game_server_network_handle_one_pending_connection_TestD0Ev
FN:208,_ZN64TEST_game_server_network_handle_one_pending_connection_TestShellC2Ev
FN:208,_ZN64TEST_game_server_network_handle_one_pending_connection_TestShellC1Ev
FN:208,_ZN59TEST_game_server_network_handle_one_pending_connection_Test8testBodyEv
FN:208,_ZN64TEST_game_server_network_handle_one_pending_connection_TestShellD0Ev
FN:208,_ZN59TEST_game_server_network_handle_one_pending_connection_TestD1Ev
FN:208,_ZN64TEST_game_server_network_handle_one_pending_connection_TestShell10createTestEv
FN:208,__cxx_global_var_init.56
FN:208,__cxx_global_var_init.55
FN:208,_ZN64TEST_game_server_network_handle_one_pending_connection_TestShellD1Ev
FN:208,_ZN59TEST_game_server_network_handle_one_pending_connection_TestC1Ev
FN:208,_ZN59TEST_game_server_network_handle_one_pending_connection_TestD2Ev
FN:230,_ZN64TEST_game_server_network_handle_10_pending_connections_TestShellD1Ev
FN:230,_ZN59TEST_game_server_network_handle_10_pending_connections_TestD1Ev
FN:230,_ZN64TEST_game_server_network_handle_10_pending_connections_TestShellC1Ev
FN:230,_ZN64TEST_game_server_network_handle_10_pending_connections_TestShell10createTestEv
FN:230,_ZN59TEST_game_server_network_handle_10_pending_connections_Test8testBodyEv
FN:230,_ZN59TEST_game_server_network_handle_10_pending_connections_TestD0Ev
FN:230,__cxx_global_var_init.60
FN:230,_ZN59TEST_game_server_network_handle_10_pending_connections_TestD2Ev
FN:230,_ZN64TEST_game_server_network_handle_10_pending_connections_TestShellD2Ev
FN:230,_ZN64TEST_game_server_network_handle_10_pending_connections_TestShellC2Ev
FN:230,_ZN59TEST_game_server_network_handle_10_pending_connections_TestC1Ev
FN:230,__cxx_global_var_init.61
FN:230,_ZN59TEST_game_server_network_handle_10_pending_connections_TestC2Ev
FN:230,_ZN64TEST_game_server_network_handle_10_pending_connections_TestShellD0Ev
FNDA:10,_ZN43TEST_GROUP_CppUTestGroupgame_server_ext_apiC2Ev
FNDA:0,_ZN43TEST_GROUP_CppUTestGroupgame_server_ext_apiD1Ev
FNDA:0,_ZN43TEST_GROUP_CppUTestGroupgame_server_ext_apiD0Ev
FNDA:10,_ZN43TEST_GROUP_CppUTestGroupgame_server_ext_apiD2Ev
FNDA:10,_ZN43TEST_GROUP_CppUTestGroupgame_server_ext_api8teardownEv
FNDA:8,_ZN49TEST_GROUP_CppUTestGroupgame_server_listen_socketC2Ev
FNDA:0,_ZN49TEST_GROUP_CppUTestGroupgame_server_listen_socketD1Ev
FNDA:0,_ZN49TEST_GROUP_CppUTestGroupgame_server_listen_socketD0Ev
FNDA:8,_ZN49TEST_GROUP_CppUTestGroupgame_server_listen_socketD2Ev
FNDA:8,_ZN49TEST_GROUP_CppUTestGroupgame_server_listen_socket8teardownEv
FNDA:6,_ZN43TEST_GROUP_CppUTestGroupgame_server_networkC2Ev
FNDA:0,_ZN43TEST_GROUP_CppUTestGroupgame_server_networkD1Ev
FNDA:0,_ZN43TEST_GROUP_CppUTestGroupgame_server_networkD0Ev
FNDA:6,_ZN43TEST_GROUP_CppUTestGroupgame_server_networkD2Ev
FNDA:6,_ZN43TEST_GROUP_CppUTestGroupgame_server_network8teardownEv
FNDA:2,__cxx_global_var_init
FNDA:2,_ZN48TEST_game_server_ext_api_get_bind_info_TestShellC1Ev
FNDA:2,_ZN48TEST_game_server_ext_api_get_bind_info_TestShellD1Ev
FNDA:2,__cxx_global_var_init.2
FNDA:2,_ZN43TEST_game_server_ext_api_get_bind_info_Test8testBodyEv
FNDA:2,_ZN43TEST_game_server_ext_api_get_bind_info_TestD1Ev
FNDA:2,_ZN43TEST_game_server_ext_api_get_bind_info_TestD0Ev
FNDA:2,_ZN48TEST_game_server_ext_api_get_bind_info_TestShellC2Ev
FNDA:0,_ZN48TEST_game_server_ext_api_get_bind_info_TestShellD0Ev
FNDA:2,_ZN48TEST_game_server_ext_api_get_bind_info_TestShell10createTestEv
FNDA:2,_ZN43TEST_game_server_ext_api_get_bind_info_TestC1Ev
FNDA:2,_ZN43TEST_game_server_ext_api_get_bind_info_TestC2Ev
FNDA:2,_ZN48TEST_game_server_ext_api_get_bind_info_TestShellD2Ev
FNDA:2,_ZN43TEST_game_server_ext_api_get_bind_info_TestD2Ev
FNDA:2,__cxx_global_var_init.7
FNDA:2,_ZN48TEST_game_server_ext_api_start_success_TestShellC1Ev
FNDA:2,_ZN48TEST_game_server_ext_api_start_success_TestShellD1Ev
FNDA:2,__cxx_global_var_init.8
FNDA:2,_ZN43TEST_game_server_ext_api_start_success_Test8testBodyEv
FNDA:2,_ZN43TEST_game_server_ext_api_start_success_TestD1Ev
FNDA:2,_ZN43TEST_game_server_ext_api_start_success_TestD0Ev
FNDA:2,_ZN48TEST_game_server_ext_api_start_success_TestShellC2Ev
FNDA:0,_ZN48TEST_game_server_ext_api_start_success_TestShellD0Ev
FNDA:2,_ZN48TEST_game_server_ext_api_start_success_TestShell10createTestEv
FNDA:2,_ZN43TEST_game_server_ext_api_start_success_TestC1Ev
FNDA:2,_ZN43TEST_game_server_ext_api_start_success_TestC2Ev
FNDA:2,_ZN48TEST_game_server_ext_api_start_success_TestShellD2Ev
FNDA:2,_ZN43TEST_game_server_ext_api_start_success_TestD2Ev
FNDA:2,__cxx_global_var_init.14
FNDA:2,_ZN63TEST_game_server_ext_api_start_pthread_create_failure_TestShellC1Ev
FNDA:2,_ZN63TEST_game_server_ext_api_start_pthread_create_failure_TestShellD1Ev
FNDA:2,__cxx_global_var_init.15
FNDA:2,_ZN58TEST_game_server_ext_api_start_pthread_create_failure_Test8testBodyEv
FNDA:2,_ZN58TEST_game_server_ext_api_start_pthread_create_failure_TestD1Ev
FNDA:2,_ZN58TEST_game_server_ext_api_start_pthread_create_failure_TestD0Ev
FNDA:2,_ZN63TEST_game_server_ext_api_start_pthread_create_failure_TestShellC2Ev
FNDA:0,_ZN63TEST_game_server_ext_api_start_pthread_create_failure_TestShellD0Ev
FNDA:2,_ZN63TEST_game_server_ext_api_start_pthread_create_failure_TestShell10createTestEv
FNDA:2,_ZN58TEST_game_server_ext_api_start_pthread_create_failure_TestC1Ev
FNDA:2,_ZN58TEST_game_server_ext_api_start_pthread_create_failure_TestC2Ev
FNDA:2,_ZN63TEST_game_server_ext_api_start_pthread_create_failure_TestShellD2Ev
FNDA:2,_ZN58TEST_game_server_ext_api_start_pthread_create_failure_TestD2Ev
FNDA:2,__cxx_global_var_init.20
FNDA:2,_ZN49TEST_game_server_ext_api_finish_success_TestShellC1Ev
FNDA:2,_ZN49TEST_game_server_ext_api_finish_success_TestShellD1Ev
FNDA:2,__cxx_global_var_init.21
FNDA:2,_ZN44TEST_game_server_ext_api_finish_success_Test8testBodyEv
FNDA:2,_ZN44TEST_game_server_ext_api_finish_success_TestD1Ev
FNDA:2,_ZN44TEST_game_server_ext_api_finish_success_TestD0Ev
FNDA:2,_ZN49TEST_game_server_ext_api_finish_success_TestShellC2Ev
FNDA:0,_ZN49TEST_game_server_ext_api_finish_success_TestShellD0Ev
FNDA:2,_ZN49TEST_game_server_ext_api_finish_success_TestShell10createTestEv
FNDA:2,_ZN44TEST_game_server_ext_api_finish_success_TestC1Ev
FNDA:2,_ZN44TEST_game_server_ext_api_finish_success_TestC2Ev
FNDA:2,_ZN49TEST_game_server_ext_api_finish_success_TestShellD2Ev
FNDA:2,_ZN44TEST_game_server_ext_api_finish_success_TestD2Ev
FNDA:2,__cxx_global_var_init.24
FNDA:2,_ZN62TEST_game_server_ext_api_finish_pthread_join_failure_TestShellC1Ev
FNDA:2,_ZN62TEST_game_server_ext_api_finish_pthread_join_failure_TestShellD1Ev
FNDA:2,__cxx_global_var_init.25
FNDA:2,_ZN57TEST_game_server_ext_api_finish_pthread_join_failure_Test8testBodyEv
FNDA:2,_ZN57TEST_game_server_ext_api_finish_pthread_join_failure_TestD1Ev
FNDA:2,_ZN57TEST_game_server_ext_api_finish_pthread_join_failure_TestD0Ev
FNDA:2,_ZN62TEST_game_server_ext_api_finish_pthread_join_failure_TestShellC2Ev
FNDA:0,_ZN62TEST_game_server_ext_api_finish_pthread_join_failure_TestShellD0Ev
FNDA:2,_ZN62TEST_game_server_ext_api_finish_pthread_join_failure_TestShell10createTestEv
FNDA:2,_ZN57TEST_game_server_ext_api_finish_pthread_join_failure_TestC1Ev
FNDA:2,_ZN57TEST_game_server_ext_api_finish_pthread_join_failure_TestC2Ev
FNDA:2,_ZN62TEST_game_server_ext_api_finish_pthread_join_failure_TestShellD2Ev
FNDA:2,_ZN57TEST_game_server_ext_api_finish_pthread_join_failure_TestD2Ev
FNDA:2,__cxx_global_var_init.27
FNDA:2,_ZN60TEST_game_server_listen_socket_open_socket_success_TestShellC1Ev
FNDA:2,_ZN60TEST_game_server_listen_socket_open_socket_success_TestShellD1Ev
FNDA:2,__cxx_global_var_init.28
FNDA:2,_ZN55TEST_game_server_listen_socket_open_socket_success_Test8testBodyEv
FNDA:2,_ZN55TEST_game_server_listen_socket_open_socket_success_TestD1Ev
FNDA:2,_ZN55TEST_game_server_listen_socket_open_socket_success_TestD0Ev
FNDA:2,_ZN60TEST_game_server_listen_socket_open_socket_success_TestShellC2Ev
FNDA:0,_ZN60TEST_game_server_listen_socket_open_socket_success_TestShellD0Ev
FNDA:2,_ZN60TEST_game_server_listen_socket_open_socket_success_TestShell10createTestEv
FNDA:2,_ZN55TEST_game_server_listen_socket_open_socket_success_TestC1Ev
FNDA:2,_ZN55TEST_game_server_listen_socket_open_socket_success_TestC2Ev
FNDA:2,_ZN60TEST_game_server_listen_socket_open_socket_success_TestShellD2Ev
FNDA:2,_ZN55TEST_game_server_listen_socket_open_socket_success_TestD2Ev
FNDA:2,__cxx_global_var_init.37
FNDA:2,_ZN67TEST_game_server_listen_socket_open_socket_socket_failure_TestShellC1Ev
FNDA:2,_ZN67TEST_game_server_listen_socket_open_socket_socket_failure_TestShellD1Ev
FNDA:2,__cxx_global_var_init.38
FNDA:2,_ZN62TEST_game_server_listen_socket_open_socket_socket_failure_Test8testBodyEv
FNDA:2,_ZN62TEST_game_server_listen_socket_open_socket_socket_failure_TestD1Ev
FNDA:2,_ZN62TEST_game_server_listen_socket_open_socket_socket_failure_TestD0Ev
FNDA:2,_ZN67TEST_game_server_listen_socket_open_socket_socket_failure_TestShellC2Ev
FNDA:0,_ZN67TEST_game_server_listen_socket_open_socket_socket_failure_TestShellD0Ev
FNDA:2,_ZN67TEST_game_server_listen_socket_open_socket_socket_failure_TestShell10createTestEv
FNDA:2,_ZN62TEST_game_server_listen_socket_open_socket_socket_failure_TestC1Ev
FNDA:2,_ZN62TEST_game_server_listen_socket_open_socket_socket_failure_TestC2Ev
FNDA:2,_ZN67TEST_game_server_listen_socket_open_socket_socket_failure_TestShellD2Ev
FNDA:2,_ZN62TEST_game_server_listen_socket_open_socket_socket_failure_TestD2Ev
FNDA:2,__cxx_global_var_init.41
FNDA:2,_ZN65TEST_game_server_listen_socket_open_socket_bind_failure_TestShellC1Ev
FNDA:2,_ZN65TEST_game_server_listen_socket_open_socket_bind_failure_TestShellD1Ev
FNDA:2,__cxx_global_var_init.42
FNDA:2,_ZN60TEST_game_server_listen_socket_open_socket_bind_failure_Test8testBodyEv
FNDA:2,_ZN60TEST_game_server_listen_socket_open_socket_bind_failure_TestD1Ev
FNDA:2,_ZN60TEST_game_server_listen_socket_open_socket_bind_failure_TestD0Ev
FNDA:2,_ZN65TEST_game_server_listen_socket_open_socket_bind_failure_TestShellC2Ev
FNDA:0,_ZN65TEST_game_server_listen_socket_open_socket_bind_failure_TestShellD0Ev
FNDA:2,_ZN65TEST_game_server_listen_socket_open_socket_bind_failure_TestShell10createTestEv
FNDA:2,_ZN60TEST_game_server_listen_socket_open_socket_bind_failure_TestC1Ev
FNDA:2,_ZN60TEST_game_server_listen_socket_open_socket_bind_failure_TestC2Ev
FNDA:2,_ZN65TEST_game_server_listen_socket_open_socket_bind_failure_TestShellD2Ev
FNDA:2,_ZN60TEST_game_server_listen_socket_open_socket_bind_failure_TestD2Ev
FNDA:2,__cxx_global_var_init.46
FNDA:2,_ZN67TEST_game_server_listen_socket_open_socket_listen_failure_TestShellC1Ev
FNDA:2,_ZN67TEST_game_server_listen_socket_open_socket_listen_failure_TestShellD1Ev
FNDA:2,__cxx_global_var_init.47
FNDA:2,_ZN62TEST_game_server_listen_socket_open_socket_listen_failure_Test8testBodyEv
FNDA:2,_ZN62TEST_game_server_listen_socket_open_socket_listen_failure_TestD1Ev
FNDA:2,_ZN62TEST_game_server_listen_socket_open_socket_listen_failure_TestD0Ev
FNDA:2,_ZN67TEST_game_server_listen_socket_open_socket_listen_failure_TestShellC2Ev
FNDA:0,_ZN67TEST_game_server_listen_socket_open_socket_listen_failure_TestShellD0Ev
FNDA:2,_ZN67TEST_game_server_listen_socket_open_socket_listen_failure_TestShell10createTestEv
FNDA:2,_ZN62TEST_game_server_listen_socket_open_socket_listen_failure_TestC1Ev
FNDA:2,_ZN62TEST_game_server_listen_socket_open_socket_listen_failure_TestC2Ev
FNDA:2,_ZN67TEST_game_server_listen_socket_open_socket_listen_failure_TestShellD2Ev
FNDA:2,_ZN62TEST_game_server_listen_socket_open_socket_listen_failure_TestD2Ev
FNDA:2,__cxx_global_var_init.49
FNDA:2,_ZN64TEST_game_server_network_handle_no_pending_connections_TestShellC1Ev
FNDA:2,_ZN64TEST_game_server_network_handle_no_pending_connections_TestShellD1Ev
FNDA:2,__cxx_global_var_init.50
FNDA:2,_ZN59TEST_game_server_network_handle_no_pending_connections_Test8testBodyEv
FNDA:2,_ZN59TEST_game_server_network_handle_no_pending_connections_TestD1Ev
FNDA:2,_ZN59TEST_game_server_network_handle_no_pending_connections_TestD0Ev
FNDA:2,_ZN64TEST_game_server_network_handle_no_pending_connections_TestShellC2Ev
FNDA:0,_ZN64TEST_game_server_network_handle_no_pending_connections_TestShellD0Ev
FNDA:2,_ZN64TEST_game_server_network_handle_no_pending_connections_TestShell10createTestEv
FNDA:2,_ZN59TEST_game_server_network_handle_no_pending_connections_TestC1Ev
FNDA:2,_ZN59TEST_game_server_network_handle_no_pending_connections_TestC2Ev
FNDA:2,_ZN64TEST_game_server_network_handle_no_pending_connections_TestShellD2Ev
FNDA:2,_ZN59TEST_game_server_network_handle_no_pending_connections_TestD2Ev
FNDA:2,__cxx_global_var_init.55
FNDA:2,_ZN64TEST_game_server_network_handle_one_pending_connection_TestShellC1Ev
FNDA:2,_ZN64TEST_game_server_network_handle_one_pending_connection_TestShellD1Ev
FNDA:2,__cxx_global_var_init.56
FNDA:2,_ZN59TEST_game_server_network_handle_one_pending_connection_Test8testBodyEv
FNDA:2,_ZN59TEST_game_server_network_handle_one_pending_connection_TestD1Ev
FNDA:2,_ZN59TEST_game_server_network_handle_one_pending_connection_TestD0Ev
FNDA:2,_ZN64TEST_game_server_network_handle_one_pending_connection_TestShellC2Ev
FNDA:0,_ZN64TEST_game_server_network_handle_one_pending_connection_TestShellD0Ev
FNDA:2,_ZN64TEST_game_server_network_handle_one_pending_connection_TestShell10createTestEv
FNDA:2,_ZN59TEST_game_server_network_handle_one_pending_connection_TestC1Ev
FNDA:2,_ZN59TEST_game_server_network_handle_one_pending_connection_TestC2Ev
FNDA:2,_ZN64TEST_game_server_network_handle_one_pending_connection_TestShellD2Ev
FNDA:2,_ZN59TEST_game_server_network_handle_one_pending_connection_TestD2Ev
FNDA:2,__cxx_global_var_init.60
FNDA:2,_ZN64TEST_game_server_network_handle_10_pending_connections_TestShellC1Ev
FNDA:2,_ZN64TEST_game_server_network_handle_10_pending_connections_TestShellD1Ev
FNDA:2,__cxx_global_var_init.61
FNDA:2,_ZN59TEST_game_server_network_handle_10_pending_connections_Test8testBodyEv
FNDA:2,_ZN59TEST_game_server_network_handle_10_pending_connections_TestD1Ev
FNDA:2,_ZN59TEST_game_server_network_handle_10_pending_connections_TestD0Ev
FNDA:2,_ZN64TEST_game_server_network_handle_10_pending_connections_TestShellC2Ev
FNDA:0,_ZN64TEST_game_server_network_handle_10_pending_connections_TestShellD0Ev
FNDA:2,_ZN64TEST_game_server_network_handle_10_pending_connections_TestShell10createTestEv
FNDA:2,_ZN59TEST_game_server_network_handle_10_pending_connections_TestC1Ev
FNDA:2,_ZN59TEST_game_server_network_handle_10_pending_connections_TestC2Ev
FNDA:2,_ZN64TEST_game_server_network_handle_10_pending_connections_TestShellD2Ev
FNDA:2,_ZN59TEST_game_server_network_handle_10_pending_connections_TestD2Ev
FNF:183
FNH:165
BRDA:15,0,0,10
BRDA:15,0,1,0
BRDA:15,1,2,10
BRDA:15,1,3,0
BRDA:16,0,0,10
BRDA:16,0,1,0
BRDA:16,1,2,10
BRDA:16,1,3,0
BRDA:25,0,0,8
BRDA:25,0,1,0
BRDA:25,1,2,8
BRDA:25,1,3,0
BRDA:26,0,0,8
BRDA:26,0,1,0
BRDA:26,1,2,8
BRDA:26,1,3,0
BRDA:38,1,0,22
BRDA:38,1,1,6
BRDA:39,0,0,22
BRDA:39,0,1,0
BRDA:39,1,2,22
BRDA:39,1,3,0
BRDA:39,2,4,22
BRDA:39,2,5,0
BRDA:40,0,0,22
BRDA:40,0,1,0
BRDA:40,1,2,22
BRDA:40,1,3,0
BRDA:41,0,0,22
BRDA:41,0,1,0
BRDA:41,1,2,22
BRDA:41,1,3,0
BRDA:44,0,0,6
BRDA:44,0,1,0
BRDA:44,1,2,6
BRDA:44,1,3,0
BRDA:44,2,4,6
BRDA:44,2,5,0
BRDA:45,0,0,6
BRDA:45,0,1,0
BRDA:45,1,2,6
BRDA:45,1,3,0
BRDA:46,0,0,6
BRDA:46,0,1,0
BRDA:46,1,2,6
BRDA:46,1,3,0
BRDA:49,0,0,6
BRDA:49,0,1,0
BRDA:49,1,2,6
BRDA:49,1,3,0
BRDA:50,0,0,6
BRDA:50,0,1,0
BRDA:50,1,2,6
BRDA:50,1,3,0
BRDA:54,10,0,2
BRDA:54,10,1,0
BRDA:56,0,0,0
BRDA:56,0,1,2
BRDA:56,1,2,-
BRDA:56,1,3,-
BRDA:56,3,4,-
BRDA:56,3,5,-
BRDA:56,4,6,-
BRDA:56,4,7,-
BRDA:56,5,8,-
BRDA:56,5,9,-
BRDA:56,6,10,-
BRDA:56,6,11,-
BRDA:56,11,12,2
BRDA:56,11,13,0
BRDA:60,10,0,2
BRDA:60,10,1,0
BRDA:64,0,0,2
BRDA:64,0,1,0
BRDA:64,1,2,2
BRDA:64,1,3,0
BRDA:64,2,4,2
BRDA:64,2,5,0
BRDA:65,0,0,2
BRDA:65,0,1,0
BRDA:65,1,2,2
BRDA:65,1,3,0
BRDA:66,0,0,2
BRDA:66,0,1,0
BRDA:66,1,2,2
BRDA:66,1,3,0
BRDA:69,0,0,0
BRDA:69,0,1,2
BRDA:69,1,2,-
BRDA:69,1,3,-
BRDA:69,3,4,-
BRDA:69,3,5,-
BRDA:69,4,6,-
BRDA:69,4,7,-
BRDA:69,5,8,-
BRDA:69,5,9,-
BRDA:69,6,10,-
BRDA:69,6,11,-
BRDA:69,11,12,2
BRDA:69,11,13,0
BRDA:72,10,0,2
BRDA:72,10,1,0
BRDA:76,0,0,2
BRDA:76,0,1,0
BRDA:76,1,2,2
BRDA:76,1,3,0
BRDA:76,2,4,2
BRDA:76,2,5,0
BRDA:77,0,0,2
BRDA:77,0,1,0
BRDA:77,1,2,2
BRDA:77,1,3,0
BRDA:78,0,0,2
BRDA:78,0,1,0
BRDA:78,1,2,2
BRDA:78,1,3,0
BRDA:79,0,0,2
BRDA:79,0,1,0
BRDA:79,1,2,2
BRDA:79,1,3,0
BRDA:79,2,4,2
BRDA:79,2,5,0
BRDA:80,0,0,2
BRDA:80,0,1,0
BRDA:80,1,2,2
BRDA:80,1,3,0
BRDA:82,0,0,0
BRDA:82,0,1,2
BRDA:82,2,2,2
BRDA:82,2,3,0
BRDA:82,3,4,2
BRDA:82,3,5,0
BRDA:82,5,6,0
BRDA:82,5,7,2
BRDA:82,6,8,-
BRDA:82,6,9,-
BRDA:82,7,10,-
BRDA:82,7,11,-
BRDA:82,8,12,-
BRDA:82,8,13,-
BRDA:82,10,14,-
BRDA:82,10,15,-
BRDA:82,11,16,-
BRDA:82,11,17,-
BRDA:82,12,18,-
BRDA:82,12,19,-
BRDA:82,15,20,-
BRDA:82,15,21,-
BRDA:82,18,22,0
BRDA:82,18,23,2
BRDA:82,19,24,0
BRDA:82,19,25,2
BRDA:83,0,0,0
BRDA:83,0,1,2
BRDA:83,1,2,-
BRDA:83,1,3,-
BRDA:83,3,4,-
BRDA:83,3,5,-
BRDA:83,4,6,-
BRDA:83,4,7,-
BRDA:83,5,8,-
BRDA:83,5,9,-
BRDA:83,6,10,-
BRDA:83,6,11,-
BRDA:83,11,12,2
BRDA:83,11,13,0
BRDA:86,10,0,2
BRDA:86,10,1,0
BRDA:90,0,0,2
BRDA:90,0,1,0
BRDA:90,1,2,2
BRDA:90,1,3,0
BRDA:90,2,4,2
BRDA:90,2,5,0
BRDA:91,0,0,2
BRDA:91,0,1,0
BRDA:91,1,2,2
BRDA:91,1,3,0
BRDA:92,0,0,2
BRDA:92,0,1,0
BRDA:92,1,2,2
BRDA:92,1,3,0
BRDA:95,0,0,0
BRDA:95,0,1,2
BRDA:95,1,2,-
BRDA:95,1,3,-
BRDA:95,3,4,-
BRDA:95,3,5,-
BRDA:95,4,6,-
BRDA:95,4,7,-
BRDA:95,5,8,-
BRDA:95,5,9,-
BRDA:95,6,10,-
BRDA:95,6,11,-
BRDA:95,11,12,2
BRDA:95,11,13,0
BRDA:98,10,0,2
BRDA:98,10,1,0
BRDA:102,0,0,2
BRDA:102,0,1,0
BRDA:102,1,2,2
BRDA:102,1,3,0
BRDA:102,2,4,2
BRDA:102,2,5,0
BRDA:103,0,0,2
BRDA:103,0,1,0
BRDA:103,1,2,2
BRDA:103,1,3,0
BRDA:104,0,0,2
BRDA:104,0,1,0
BRDA:104,1,2,2
BRDA:104,1,3,0
BRDA:107,0,0,0
BRDA:107,0,1,2
BRDA:107,1,2,-
BRDA:107,1,3,-
BRDA:107,3,4,-
BRDA:107,3,5,-
BRDA:107,4,6,-
BRDA:107,4,7,-
BRDA:107,5,8,-
BRDA:107,5,9,-
BRDA:107,6,10,-
BRDA:107,6,11,-
BRDA:107,11,12,2
BRDA:107,11,13,0
BRDA:110,10,0,2
BRDA:110,10,1,0
BRDA:115,0,0,2
BRDA:115,0,1,0
BRDA:115,1,2,2
BRDA:115,1,3,0
BRDA:115,2,4,2
BRDA:115,2,5,0
BRDA:116,0,0,2
BRDA:116,0,1,0
BRDA:116,1,2,2
BRDA:116,1,3,0
BRDA:117,0,0,2
BRDA:117,0,1,0
BRDA:117,1,2,2
BRDA:117,1,3,0
BRDA:118,0,0,2
BRDA:118,0,1,0
BRDA:118,1,2,2
BRDA:118,1,3,0
BRDA:119,0,0,2
BRDA:119,0,1,0
BRDA:119,1,2,2
BRDA:119,1,3,0
BRDA:121,0,0,2
BRDA:121,0,1,0
BRDA:121,1,2,2
BRDA:121,1,3,0
BRDA:121,2,4,2
BRDA:121,2,5,0
BRDA:122,0,0,2
BRDA:122,0,1,0
BRDA:122,1,2,2
BRDA:122,1,3,0
BRDA:123,0,0,2
BRDA:123,0,1,0
BRDA:123,1,2,2
BRDA:123,1,3,0
BRDA:124,0,0,2
BRDA:124,0,1,0
BRDA:124,1,2,2
BRDA:124,1,3,0
BRDA:124,2,4,2
BRDA:124,2,5,0
BRDA:125,0,0,2
BRDA:125,0,1,0
BRDA:125,1,2,2
BRDA:125,1,3,0
BRDA:126,0,0,2
BRDA:126,0,1,0
BRDA:126,1,2,2
BRDA:126,1,3,0
BRDA:130,10,0,2
BRDA:130,10,1,0
BRDA:134,0,0,2
BRDA:134,0,1,0
BRDA:134,1,2,2
BRDA:134,1,3,0
BRDA:134,2,4,2
BRDA:134,2,5,0
BRDA:135,0,0,2
BRDA:135,0,1,0
BRDA:135,1,2,2
BRDA:135,1,3,0
BRDA:136,0,0,2
BRDA:136,0,1,0
BRDA:136,1,2,2
BRDA:136,1,3,0
BRDA:137,0,0,2
BRDA:137,0,1,0
BRDA:137,1,2,2
BRDA:137,1,3,0
BRDA:138,0,0,2
BRDA:138,0,1,0
BRDA:138,1,2,2
BRDA:138,1,3,0
BRDA:139,0,0,2
BRDA:139,0,1,0
BRDA:139,1,2,2
BRDA:139,1,3,0
BRDA:139,2,4,2
BRDA:139,2,5,0
BRDA:140,0,0,2
BRDA:140,0,1,0
BRDA:140,1,2,2
BRDA:140,1,3,0
BRDA:142,0,0,0
BRDA:142,0,1,2
BRDA:142,2,2,2
BRDA:142,2,3,0
BRDA:142,3,4,2
BRDA:142,3,5,0
BRDA:142,5,6,0
BRDA:142,5,7,2
BRDA:142,6,8,-
BRDA:142,6,9,-
BRDA:142,7,10,-
BRDA:142,7,11,-
BRDA:142,8,12,-
BRDA:142,8,13,-
BRDA:142,10,14,-
BRDA:142,10,15,-
BRDA:142,11,16,-
BRDA:142,11,17,-
BRDA:142,12,18,-
BRDA:142,12,19,-
BRDA:142,15,20,-
BRDA:142,15,21,-
BRDA:142,18,22,0
BRDA:142,18,23,2
BRDA:142,19,24,0
BRDA:142,19,25,2
BRDA:143,0,0,0
BRDA:143,0,1,2
BRDA:143,1,2,-
BRDA:143,1,3,-
BRDA:143,3,4,-
BRDA:143,3,5,-
BRDA:143,4,6,-
BRDA:143,4,7,-
BRDA:143,5,8,-
BRDA:143,5,9,-
BRDA:143,6,10,-
BRDA:143,6,11,-
BRDA:143,11,12,2
BRDA:143,11,13,0
BRDA:146,10,0,2
BRDA:146,10,1,0
BRDA:151,0,0,2
BRDA:151,0,1,0
BRDA:151,1,2,2
BRDA:151,1,3,0
BRDA:151,2,4,2
BRDA:151,2,5,0
BRDA:152,0,0,2
BRDA:152,0,1,0
BRDA:152,1,2,2
BRDA:152,1,3,0
BRDA:153,0,0,2
BRDA:153,0,1,0
BRDA:153,1,2,2
BRDA:153,1,3,0
BRDA:154,0,0,2
BRDA:154,0,1,0
BRDA:154,1,2,2
BRDA:154,1,3,0
BRDA:155,0,0,2
BRDA:155,0,1,0
BRDA:155,1,2,2
BRDA:155,1,3,0
BRDA:157,0,0,2
BRDA:157,0,1,0
BRDA:157,1,2,2
BRDA:157,1,3,0
BRDA:157,2,4,2
BRDA:157,2,5,0
BRDA:158,0,0,2
BRDA:158,0,1,0
BRDA:158,1,2,2
BRDA:158,1,3,0
BRDA:159,0,0,2
BRDA:159,0,1,0
BRDA:159,1,2,2
BRDA:159,1,3,0
BRDA:160,0,0,2
BRDA:160,0,1,0
BRDA:160,1,2,2
BRDA:160,1,3,0
BRDA:160,2,4,2
BRDA:160,2,5,0
BRDA:161,0,0,2
BRDA:161,0,1,0
BRDA:161,1,2,2
BRDA:161,1,3,0
BRDA:162,0,0,2
BRDA:162,0,1,0
BRDA:162,1,2,2
BRDA:162,1,3,0
BRDA:163,0,0,2
BRDA:163,0,1,0
BRDA:163,1,2,2
BRDA:163,1,3,0
BRDA:163,2,4,2
BRDA:163,2,5,0
BRDA:164,0,0,2
BRDA:164,0,1,0
BRDA:164,1,2,2
BRDA:164,1,3,0
BRDA:165,0,0,0
BRDA:165,0,1,2
BRDA:165,2,2,2
BRDA:165,2,3,0
BRDA:165,3,4,2
BRDA:165,3,5,0
BRDA:165,5,6,0
BRDA:165,5,7,2
BRDA:165,6,8,-
BRDA:165,6,9,-
BRDA:165,7,10,-
BRDA:165,7,11,-
BRDA:165,8,12,-
BRDA:165,8,13,-
BRDA:165,10,14,-
BRDA:165,10,15,-
BRDA:165,11,16,-
BRDA:165,11,17,-
BRDA:165,12,18,-
BRDA:165,12,19,-
BRDA:165,15,20,-
BRDA:165,15,21,-
BRDA:165,18,22,0
BRDA:165,18,23,2
BRDA:165,19,24,0
BRDA:165,19,25,2
BRDA:168,10,0,2
BRDA:168,10,1,0
BRDA:174,0,0,2
BRDA:174,0,1,0
BRDA:174,1,2,2
BRDA:174,1,3,0
BRDA:174,2,4,2
BRDA:174,2,5,0
BRDA:175,0,0,2
BRDA:175,0,1,0
BRDA:175,1,2,2
BRDA:175,1,3,0
BRDA:176,0,0,2
BRDA:176,0,1,0
BRDA:176,1,2,2
BRDA:176,1,3,0
BRDA:177,0,0,2
BRDA:177,0,1,0
BRDA:177,1,2,2
BRDA:177,1,3,0
BRDA:178,0,0,2
BRDA:178,0,1,0
BRDA:178,1,2,2
BRDA:178,1,3,0
BRDA:180,0,0,2
BRDA:180,0,1,0
BRDA:180,1,2,2
BRDA:180,1,3,0
BRDA:180,2,4,2
BRDA:180,2,5,0
BRDA:181,0,0,2
BRDA:181,0,1,0
BRDA:181,1,2,2
BRDA:181,1,3,0
BRDA:182,0,0,2
BRDA:182,0,1,0
BRDA:182,1,2,2
BRDA:182,1,3,0
BRDA:183,0,0,2
BRDA:183,0,1,0
BRDA:183,1,2,2
BRDA:183,1,3,0
BRDA:183,2,4,2
BRDA:183,2,5,0
BRDA:184,0,0,2
BRDA:184,0,1,0
BRDA:184,1,2,2
BRDA:184,1,3,0
BRDA:185,0,0,2
BRDA:185,0,1,0
BRDA:185,1,2,2
BRDA:185,1,3,0
BRDA:186,0,0,2
BRDA:186,0,1,0
BRDA:186,1,2,2
BRDA:186,1,3,0
BRDA:186,2,4,2
BRDA:186,2,5,0
BRDA:187,0,0,2
BRDA:187,0,1,0
BRDA:187,1,2,2
BRDA:187,1,3,0
BRDA:188,0,0,2
BRDA:188,0,1,0
BRDA:188,1,2,2
BRDA:188,1,3,0
BRDA:189,0,0,2
BRDA:189,0,1,0
BRDA:189,1,2,2
BRDA:189,1,3,0
BRDA:189,2,4,2
BRDA:189,2,5,0
BRDA:190,0,0,2
BRDA:190,0,1,0
BRDA:190,1,2,2
BRDA:190,1,3,0
BRDA:191,0,0,0
BRDA:191,0,1,2
BRDA:191,2,2,2
BRDA:191,2,3,0
BRDA:191,3,4,2
BRDA:191,3,5,0
BRDA:191,5,6,0
BRDA:191,5,7,2
BRDA:191,6,8,-
BRDA:191,6,9,-
BRDA:191,7,10,-
BRDA:191,7,11,-
BRDA:191,8,12,-
BRDA:191,8,13,-
BRDA:191,10,14,-
BRDA:191,10,15,-
BRDA:191,11,16,-
BRDA:191,11,17,-
BRDA:191,12,18,-
BRDA:191,12,19,-
BRDA:191,15,20,-
BRDA:191,15,21,-
BRDA:191,18,22,0
BRDA:191,18,23,2
BRDA:191,19,24,0
BRDA:191,19,25,2
BRDA:194,10,0,2
BRDA:194,10,1,0
BRDA:198,0,0,2
BRDA:198,0,1,0
BRDA:198,1,2,2
BRDA:198,1,3,0
BRDA:198,2,4,2
BRDA:198,2,5,0
BRDA:199,0,0,2
BRDA:199,0,1,0
BRDA:199,1,2,2
BRDA:199,1,3,0
BRDA:201,0,0,2
BRDA:201,0,1,0
BRDA:201,1,2,2
BRDA:201,1,3,0
BRDA:201,2,4,2
BRDA:201,2,5,0
BRDA:202,0,0,2
BRDA:202,0,1,0
BRDA:202,1,2,2
BRDA:202,1,3,0
BRDA:208,10,0,2
BRDA:208,10,1,0
BRDA:214,0,0,2
BRDA:214,0,1,0
BRDA:214,1,2,2
BRDA:214,1,3,0
BRDA:214,2,4,2
BRDA:214,2,5,0
BRDA:215,0,0,2
BRDA:215,0,1,0
BRDA:215,1,2,2
BRDA:215,1,3,0
BRDA:217,0,0,2
BRDA:217,0,1,0
BRDA:217,1,2,2
BRDA:217,1,3,0
BRDA:217,2,4,2
BRDA:217,2,5,0
BRDA:218,0,0,2
BRDA:218,0,1,0
BRDA:218,1,2,2
BRDA:218,1,3,0
BRDA:221,0,0,2
BRDA:221,0,1,0
BRDA:221,1,2,2
BRDA:221,1,3,0
BRDA:221,2,4,2
BRDA:221,2,5,0
BRDA:222,0,0,2
BRDA:222,0,1,0
BRDA:222,1,2,2
BRDA:222,1,3,0
BRDA:226,0,0,0
BRDA:226,0,1,2
BRDA:226,1,2,-
BRDA:226,1,3,-
BRDA:226,3,4,-
BRDA:226,3,5,-
BRDA:226,4,6,-
BRDA:226,4,7,-
BRDA:226,5,8,-
BRDA:226,5,9,-
BRDA:226,6,10,-
BRDA:226,6,11,-
BRDA:226,11,12,2
BRDA:226,11,13,0
BRDA:227,0,0,0
BRDA:227,0,1,2
BRDA:227,1,2,-
BRDA:227,1,3,-
BRDA:227,3,4,-
BRDA:227,3,5,-
BRDA:227,4,6,-
BRDA:227,4,7,-
BRDA:227,5,8,-
BRDA:227,5,9,-
BRDA:227,6,10,-
BRDA:227,6,11,-
BRDA:227,11,12,2
BRDA:227,11,13,0
BRDA:230,10,0,2
BRDA:230,10,1,0
BRDA:237,1,0,20
BRDA:237,1,1,2
BRDA:238,0,0,20
BRDA:238,0,1,0
BRDA:238,1,2,20
BRDA:238,1,3,0
BRDA:238,2,4,20
BRDA:238,2,5,0
BRDA:239,0,0,20
BRDA:239,0,1,0
BRDA:239,1,2,20
BRDA:239,1,3,0
BRDA:241,0,0,20
BRDA:241,0,1,0
BRDA:241,1,2,20
BRDA:241,1,3,0
BRDA:241,2,4,20
BRDA:241,2,5,0
BRDA:242,0,0,20
BRDA:242,0,1,0
BRDA:242,1,2,20
BRDA:242,1,3,0
BRDA:244,0,0,20
BRDA:244,0,1,0
BRDA:244,1,2,20
BRDA:244,1,3,0
BRDA:244,2,4,20
BRDA:244,2,5,0
BRDA:245,0,0,20
BRDA:245,0,1,0
BRDA:245,1,2,20
BRDA:245,1,3,0
BRDA:252,0,0,0
BRDA:252,0,1,2
BRDA:252,1,2,-
BRDA:252,1,3,-
BRDA:252,3,4,-
BRDA:252,3,5,-
BRDA:252,4,6,-
BRDA:252,4,7,-
BRDA:252,5,8,-
BRDA:252,5,9,-
BRDA:252,6,10,-
BRDA:252,6,11,-
BRDA:252,11,12,2
BRDA:252,11,13,0
BRDA:254,1,0,20
BRDA:254,1,1,2
BRDA:255,0,0,0
BRDA:255,0,1,20
BRDA:255,1,2,-
BRDA:255,1,3,-
BRDA:255,3,4,-
BRDA:255,3,5,-
BRDA:255,5,6,-
BRDA:255,5,7,-
BRDA:255,6,8,-
BRDA:255,6,9,-
BRDA:255,7,10,-
BRDA:255,7,11,-
BRDA:255,8,12,-
BRDA:255,8,13,-
BRDA:255,13,14,20
BRDA:255,13,15,0
BRF:690
BRH:269
DA:10,10
DA:15,10
DA:16,10
DA:17,10
DA:20,8
DA:25,8
DA:26,8
DA:27,8
DA:30,6
DA:36,6
DA:38,28
DA:39,22
DA:40,22
DA:41,22
DA:42,22
DA:44,6
DA:45,6
DA:46,6
DA:47,6
DA:49,6
DA:50,6
DA:51,6
DA:54,2
DA:56,2
DA:58,2
DA:60,2
DA:62,2
DA:64,2
DA:65,2
DA:66,2
DA:68,2
DA:69,2
DA:70,2
DA:72,2
DA:74,2
DA:76,2
DA:77,2
DA:78,2
DA:79,2
DA:80,2
DA:82,2
DA:83,2
DA:84,2
DA:86,2
DA:88,2
DA:90,2
DA:91,2
DA:92,2
DA:94,2
DA:95,2
DA:96,2
DA:98,2
DA:100,2
DA:102,2
DA:103,2
DA:104,2
DA:106,2
DA:107,2
DA:108,2
DA:110,2
DA:112,2
DA:113,2
DA:115,2
DA:116,2
DA:117,2
DA:118,2
DA:119,2
DA:121,2
DA:122,2
DA:123,2
DA:124,2
DA:125,2
DA:126,2
DA:127,2
DA:128,2
DA:130,2
DA:132,2
DA:134,2
DA:135,2
DA:136,2
DA:137,2
DA:138,2
DA:139,2
DA:140,2
DA:142,2
DA:143,2
DA:144,2
DA:146,2
DA:148,2
DA:149,2
DA:151,2
DA:152,2
DA:153,2
DA:154,2
DA:155,2
DA:157,2
DA:158,2
DA:159,2
DA:160,2
DA:161,2
DA:162,2
DA:163,2
DA:164,2
DA:165,2
DA:166,2
DA:168,2
DA:170,2
DA:171,2
DA:172,2
DA:174,2
DA:175,2
DA:176,2
DA:177,2
DA:178,2
DA:180,2
DA:181,2
DA:182,2
DA:183,2
DA:184,2
DA:185,2
DA:186,2
DA:187,2
DA:188,2
DA:189,2
DA:190,2
DA:191,2
DA:192,2
DA:194,2
DA:196,2
DA:198,2
DA:199,2
DA:201,2
DA:202,2
DA:205,2
DA:206,2
DA:208,2
DA:210,2
DA:211,2
DA:212,2
DA:214,2
DA:215,2
DA:217,2
DA:218,2
DA:221,2
DA:222,2
DA:225,2
DA:226,2
DA:227,2
DA:228,2
DA:230,2
DA:232,2
DA:233,2
DA:234,2
DA:237,22
DA:238,20
DA:239,20
DA:241,20
DA:242,20
DA:244,20
DA:245,20
DA:247,20
DA:249,20
DA:250,20
DA:252,2
DA:254,22
DA:255,20
DA:257,20
DA:258,2
LF:168
LH:168
end_of_record
TN:
SF:/usr/local/include/CppUTest/Utest.h
FN:62,_ZN14TestTerminatorC2Ev
FN:69,_ZN20NormalTestTerminatorC1Ev
FN:69,_ZN20NormalTestTerminatorC2Ev
FNDA:0,_ZN14TestTerminatorC2Ev
FNDA:0,_ZN20NormalTestTerminatorC1Ev
FNDA:0,_ZN20NormalTestTerminatorC2Ev
FNF:3
FNH:0
DA:62,0
DA:69,0
LF:2
LH:0
end_of_record
SF:/usr/local/include/CppUTestExt/MockExpectedCall.h
FN:44,_ZN16MockExpectedCall13withParameterERK12SimpleStringi
FN:50,_ZN16MockExpectedCall13withParameterERK12SimpleStringPv
FNDA:110,_ZN16MockExpectedCall13withParameterERK12SimpleStringi
FNDA:16,_ZN16MockExpectedCall13withParameterERK12SimpleStringPv
FNF:2
FNH:2
DA:44,110
DA:50,16
LF:2
LH:2
end_of_record
SF:/Users/mmallin/src/artillery_range/game_client.c
FN:24,_ZL23game_client_open_socketv
FN:53,_ZL24game_client_close_socketv
FN:64,_ZL21game_client_main_loopv
FN:78,_ZL18game_client_threadPv
FN:92,game_client_start
FN:109,game_client_finish
FNDA:6,_ZL23game_client_open_socketv
FNDA:4,_ZL24game_client_close_socketv
FNDA:6,_ZL21game_client_main_loopv
FNDA:0,_ZL18game_client_threadPv
FNDA:4,game_client_start
FNDA:4,game_client_finish
FNF:6
FNH:5
BRDA:32,0,0,2
BRDA:32,0,1,4
BRDA:41,0,0,2
BRDA:41,0,1,2
BRDA:56,0,0,2
BRDA:56,0,1,2
BRDA:68,0,0,2
BRDA:68,0,1,4
BRDA:82,1,0,-
BRDA:82,1,1,-
BRDA:100,0,0,2
BRDA:100,0,1,2
BRDA:116,0,0,2
BRDA:116,0,1,2
BRF:14
BRH:12
DA:27,6
DA:28,6
DA:30,6
DA:31,6
DA:32,6
DA:33,2
DA:34,2
DA:37,4
DA:39,4
DA:40,4
DA:41,4
DA:42,2
DA:43,2
DA:44,2
DA:45,2
DA:48,2
DA:49,2
DA:50,2
DA:55,4
DA:56,4
DA:57,2
DA:58,2
DA:60,4
DA:61,4
DA:66,6
DA:68,6
DA:69,2
DA:70,2
DA:73,2
DA:74,2
DA:75,6
DA:80,0
DA:82,0
DA:83,0
DA:86,0
DA:88,0
DA:96,4
DA:98,4
DA:100,4
DA:101,2
DA:102,2
DA:103,2
DA:104,2
DA:106,2
DA:113,4
DA:115,4
DA:116,4
DA:117,2
DA:118,2
DA:120,4
DA:121,4
DA:122,4
LF:52
LH:47
end_of_record
SF:/Users/mmallin/src/artillery_range/test/game_client_test.cpp
FN:12,_ZN43TEST_GROUP_CppUTestGroupgame_client_ext_apiD1Ev
FN:12,_ZN43TEST_GROUP_CppUTestGroupgame_client_ext_apiD2Ev
FN:12,_ZN43TEST_GROUP_CppUTestGroupgame_client_ext_apiC2Ev
FN:12,_ZN43TEST_GROUP_CppUTestGroupgame_client_ext_apiD0Ev
FN:24,_ZN43TEST_GROUP_CppUTestGroupgame_client_ext_api8teardownEv
FN:32,_ZN42TEST_GROUP_CppUTestGroupgame_client_socketD0Ev
FN:32,_ZN42TEST_GROUP_CppUTestGroupgame_client_socketC2Ev
FN:32,_ZN42TEST_GROUP_CppUTestGroupgame_client_socketD1Ev
FN:32,_ZN42TEST_GROUP_CppUTestGroupgame_client_socketD2Ev
FN:35,_ZN42TEST_GROUP_CppUTestGroupgame_client_socket5setupEv
FN:50,_ZN42TEST_GROUP_CppUTestGroupgame_client_socket8teardownEv
FN:57,_ZN45TEST_GROUP_CppUTestGroupgame_client_main_loopD1Ev
FN:57,_ZN45TEST_GROUP_CppUTestGroupgame_client_main_loopD2Ev
FN:57,_ZN45TEST_GROUP_CppUTestGroupgame_client_main_loopC2Ev
FN:57,_ZN45TEST_GROUP_CppUTestGroupgame_client_main_loopD0Ev
FN:60,_ZN45TEST_GROUP_CppUTestGroupgame_client_main_loop8teardownEv
FN:68,_ZN43TEST_game_client_ext_api_setup_success_TestD2Ev
FN:68,_ZN43TEST_game_client_ext_api_setup_success_Test8testBodyEv
FN:68,_ZN43TEST_game_client_ext_api_setup_success_TestC2Ev
FN:68,__cxx_global_var_init
FN:68,_ZN48TEST_game_client_ext_api_setup_success_TestShellD2Ev
FN:68,_ZN48TEST_game_client_ext_api_setup_success_TestShellD0Ev
FN:68,_ZN48TEST_game_client_ext_api_setup_success_TestShellC2Ev
FN:68,_ZN43TEST_game_client_ext_api_setup_success_TestC1Ev
FN:68,_ZN43TEST_game_client_ext_api_setup_success_TestD1Ev
FN:68,_ZN48TEST_game_client_ext_api_setup_success_TestShellC1Ev
FN:68,_ZN48TEST_game_client_ext_api_setup_success_TestShell10createTestEv
FN:68,_ZN43TEST_game_client_ext_api_setup_success_TestD0Ev
FN:68,_ZN48TEST_game_client_ext_api_setup_success_TestShellD1Ev
FN:68,__cxx_global_var_init.2
FN:83,_ZN51TEST_game_client_ext_api_setup_pthread_failure_TestD1Ev
FN:83,_ZN56TEST_game_client_ext_api_setup_pthread_failure_TestShellC2Ev
FN:83,_ZN51TEST_game_client_ext_api_setup_pthread_failure_Test8testBodyEv
FN:83,_ZN56TEST_game_client_ext_api_setup_pthread_failure_TestShellD0Ev
FN:83,_ZN56TEST_game_client_ext_api_setup_pthread_failure_TestShellD2Ev
FN:83,__cxx_global_var_init.14
FN:83,_ZN56TEST_game_client_ext_api_setup_pthread_failure_TestShellD1Ev
FN:83,_ZN51TEST_game_client_ext_api_setup_pthread_failure_TestD0Ev
FN:83,_ZN51TEST_game_client_ext_api_setup_pthread_failure_TestC1Ev
FN:83,_ZN56TEST_game_client_ext_api_setup_pthread_failure_TestShellC1Ev
FN:83,_ZN56TEST_game_client_ext_api_setup_pthread_failure_TestShell10createTestEv
FN:83,__cxx_global_var_init.15
FN:83,_ZN51TEST_game_client_ext_api_setup_pthread_failure_TestC2Ev
FN:83,_ZN51TEST_game_client_ext_api_setup_pthread_failure_TestD2Ev
FN:97,_ZN49TEST_game_client_ext_api_finish_success_TestShell10createTestEv
FN:97,_ZN49TEST_game_client_ext_api_finish_success_TestShellD2Ev
FN:97,_ZN44TEST_game_client_ext_api_finish_success_TestC2Ev
FN:97,__cxx_global_var_init.22
FN:97,_ZN49TEST_game_client_ext_api_finish_success_TestShellD1Ev
FN:97,_ZN49TEST_game_client_ext_api_finish_success_TestShellD0Ev
FN:97,_ZN49TEST_game_client_ext_api_finish_success_TestShellC2Ev
FN:97,_ZN49TEST_game_client_ext_api_finish_success_TestShellC1Ev
FN:97,_ZN44TEST_game_client_ext_api_finish_success_TestD2Ev
FN:97,_ZN44TEST_game_client_ext_api_finish_success_TestD0Ev
FN:97,_ZN44TEST_game_client_ext_api_finish_success_TestD1Ev
FN:97,_ZN44TEST_game_client_ext_api_finish_success_TestC1Ev
FN:97,_ZN44TEST_game_client_ext_api_finish_success_Test8testBodyEv
FN:97,__cxx_global_var_init.21
FN:112,_ZN57TEST_game_client_ext_api_finish_pthread_join_failure_TestD2Ev
FN:112,_ZN62TEST_game_client_ext_api_finish_pthread_join_failure_TestShellD2Ev
FN:112,_ZN62TEST_game_client_ext_api_finish_pthread_join_failure_TestShell10createTestEv
FN:112,_ZN57TEST_game_client_ext_api_finish_pthread_join_failure_TestC1Ev
FN:112,_ZN62TEST_game_client_ext_api_finish_pthread_join_failure_TestShellC2Ev
FN:112,_ZN57TEST_game_client_ext_api_finish_pthread_join_failure_TestC2Ev
FN:112,_ZN57TEST_game_client_ext_api_finish_pthread_join_failure_TestD0Ev
FN:112,__cxx_global_var_init.26
FN:112,_ZN62TEST_game_client_ext_api_finish_pthread_join_failure_TestShellD0Ev
FN:112,_ZN62TEST_game_client_ext_api_finish_pthread_join_failure_TestShellC1Ev
FN:112,__cxx_global_var_init.25
FN:112,_ZN62TEST_game_client_ext_api_finish_pthread_join_failure_TestShellD1Ev
FN:112,_ZN57TEST_game_client_ext_api_finish_pthread_join_failure_Test8testBodyEv
FN:112,_ZN57TEST_game_client_ext_api_finish_pthread_join_failure_TestD1Ev
FN:127,_ZN48TEST_game_client_socket_open_socket_success_Test8testBodyEv
FN:127,_ZN53TEST_game_client_socket_open_socket_success_TestShellC1Ev
FN:127,__cxx_global_var_init.28
FN:127,_ZN48TEST_game_client_socket_open_socket_success_TestC1Ev
FN:127,_ZN53TEST_game_client_socket_open_socket_success_TestShellC2Ev
FN:127,_ZN53TEST_game_client_socket_open_socket_success_TestShellD2Ev
FN:127,_ZN48TEST_game_client_socket_open_socket_success_TestD0Ev
FN:127,_ZN48TEST_game_client_socket_open_socket_success_TestD2Ev
FN:127,_ZN48TEST_game_client_socket_open_socket_success_TestC2Ev
FN:127,_ZN53TEST_game_client_socket_open_socket_success_TestShell10createTestEv
FN:127,_ZN53TEST_game_client_socket_open_socket_success_TestShellD1Ev
FN:127,_ZN48TEST_game_client_socket_open_socket_success_TestD1Ev
FN:127,__cxx_global_var_init.29
FN:127,_ZN53TEST_game_client_socket_open_socket_success_TestShellD0Ev
FN:146,_ZN60TEST_game_client_socket_open_socket_socket_failure_TestShellD0Ev
FN:146,__cxx_global_var_init.37
FN:146,_ZN55TEST_game_client_socket_open_socket_socket_failure_TestD2Ev
FN:146,_ZN60TEST_game_client_socket_open_socket_socket_failure_TestShellD2Ev
FN:146,__cxx_global_var_init.38
FN:146,_ZN60TEST_game_client_socket_open_socket_socket_failure_TestShell10createTestEv
FN:146,_ZN55TEST_game_client_socket_open_socket_socket_failure_Test8testBodyEv
FN:146,_ZN55TEST_game_client_socket_open_socket_socket_failure_TestD1Ev
FN:146,_ZN60TEST_game_client_socket_open_socket_socket_failure_TestShellC2Ev
FN:146,_ZN60TEST_game_client_socket_open_socket_socket_failure_TestShellC1Ev
FN:146,_ZN55TEST_game_client_socket_open_socket_socket_failure_TestD0Ev
FN:146,_ZN55TEST_game_client_socket_open_socket_socket_failure_TestC1Ev
FN:146,_ZN55TEST_game_client_socket_open_socket_socket_failure_TestC2Ev
FN:146,_ZN60TEST_game_client_socket_open_socket_socket_failure_TestShellD1Ev
FN:161,_ZN61TEST_game_client_socket_open_socket_connect_failure_TestShell10createTestEv
FN:161,_ZN61TEST_game_client_socket_open_socket_connect_failure_TestShellD0Ev
FN:161,_ZN56TEST_game_client_socket_open_socket_connect_failure_TestC2Ev
FN:161,_ZN61TEST_game_client_socket_open_socket_connect_failure_TestShellD2Ev
FN:161,_ZN56TEST_game_client_socket_open_socket_connect_failure_Test8testBodyEv
FN:161,_ZN56TEST_game_client_socket_open_socket_connect_failure_TestD2Ev
FN:161,_ZN61TEST_game_client_socket_open_socket_connect_failure_TestShellD1Ev
FN:161,_ZN56TEST_game_client_socket_open_socket_connect_failure_TestD1Ev
FN:161,_ZN61TEST_game_client_socket_open_socket_connect_failure_TestShellC2Ev
FN:161,_ZN61TEST_game_client_socket_open_socket_connect_failure_TestShellC1Ev
FN:161,__cxx_global_var_init.41
FN:161,_ZN56TEST_game_client_socket_open_socket_connect_failure_TestD0Ev
FN:161,_ZN56TEST_game_client_socket_open_socket_connect_failure_TestC1Ev
FN:161,__cxx_global_var_init.40
FN:183,_ZN54TEST_game_client_socket_close_socket_success_TestShellC2Ev
FN:183,_ZN49TEST_game_client_socket_close_socket_success_TestD1Ev
FN:183,_ZN54TEST_game_client_socket_close_socket_success_TestShellD0Ev
FN:183,_ZN49TEST_game_client_socket_close_socket_success_Test8testBodyEv
FN:183,__cxx_global_var_init.46
FN:183,_ZN49TEST_game_client_socket_close_socket_success_TestD2Ev
FN:183,_ZN54TEST_game_client_socket_close_socket_success_TestShellD1Ev
FN:183,_ZN54TEST_game_client_socket_close_socket_success_TestShellC1Ev
FN:183,_ZN54TEST_game_client_socket_close_socket_success_TestShell10createTestEv
FN:183,_ZN49TEST_game_client_socket_close_socket_success_TestC1Ev
FN:183,_ZN49TEST_game_client_socket_close_socket_success_TestC2Ev
FN:183,_ZN49TEST_game_client_socket_close_socket_success_TestD0Ev
FN:183,__cxx_global_var_init.45
FN:183,_ZN54TEST_game_client_socket_close_socket_success_TestShellD2Ev
FN:197,_ZN49TEST_game_client_socket_close_socket_failure_TestC1Ev
FN:197,_ZN54TEST_game_client_socket_close_socket_failure_TestShell10createTestEv
FN:197,_ZN49TEST_game_client_socket_close_socket_failure_TestD1Ev
FN:197,_ZN54TEST_game_client_socket_close_socket_failure_TestShellD0Ev
FN:197,_ZN49TEST_game_client_socket_close_socket_failure_TestD0Ev
FN:197,_ZN49TEST_game_client_socket_close_socket_failure_TestD2Ev
FN:197,_ZN54TEST_game_client_socket_close_socket_failure_TestShellC2Ev
FN:197,_ZN54TEST_game_client_socket_close_socket_failure_TestShellD2Ev
FN:197,_ZN49TEST_game_client_socket_close_socket_failure_TestC2Ev
FN:197,__cxx_global_var_init.48
FN:197,_ZN54TEST_game_client_socket_close_socket_failure_TestShellC1Ev
FN:197,_ZN54TEST_game_client_socket_close_socket_failure_TestShellD1Ev
FN:197,_ZN49TEST_game_client_socket_close_socket_failure_Test8testBodyEv
FN:197,__cxx_global_var_init.49
FN:211,_ZN47TEST_game_client_main_loop_write_once_TestShellD1Ev
FN:211,_ZN42TEST_game_client_main_loop_write_once_TestD2Ev
FN:211,_ZN42TEST_game_client_main_loop_write_once_Test8testBodyEv
FN:211,_ZN47TEST_game_client_main_loop_write_once_TestShell10createTestEv
FN:211,_ZN47TEST_game_client_main_loop_write_once_TestShellD0Ev
FN:211,_ZN42TEST_game_client_main_loop_write_once_TestC1Ev
FN:211,_ZN47TEST_game_client_main_loop_write_once_TestShellC1Ev
FN:211,_ZN42TEST_game_client_main_loop_write_once_TestD1Ev
FN:211,__cxx_global_var_init.51
FN:211,_ZN47TEST_game_client_main_loop_write_once_TestShellD2Ev
FN:211,_ZN47TEST_game_client_main_loop_write_once_TestShellC2Ev
FN:211,__cxx_global_var_init.52
FN:211,_ZN42TEST_game_client_main_loop_write_once_TestC2Ev
FN:211,_ZN42TEST_game_client_main_loop_write_once_TestD0Ev
FNDA:8,_ZN43TEST_GROUP_CppUTestGroupgame_client_ext_apiC2Ev
FNDA:0,_ZN43TEST_GROUP_CppUTestGroupgame_client_ext_apiD1Ev
FNDA:0,_ZN43TEST_GROUP_CppUTestGroupgame_client_ext_apiD0Ev
FNDA:8,_ZN43TEST_GROUP_CppUTestGroupgame_client_ext_apiD2Ev
FNDA:8,_ZN43TEST_GROUP_CppUTestGroupgame_client_ext_api8teardownEv
FNDA:10,_ZN42TEST_GROUP_CppUTestGroupgame_client_socketC2Ev
FNDA:0,_ZN42TEST_GROUP_CppUTestGroupgame_client_socketD1Ev
FNDA:0,_ZN42TEST_GROUP_CppUTestGroupgame_client_socketD0Ev
FNDA:10,_ZN42TEST_GROUP_CppUTestGroupgame_client_socketD2Ev
FNDA:10,_ZN42TEST_GROUP_CppUTestGroupgame_client_socket5setupEv
FNDA:10,_ZN42TEST_GROUP_CppUTestGroupgame_client_socket8teardownEv
FNDA:2,_ZN45TEST_GROUP_CppUTestGroupgame_client_main_loopC2Ev
FNDA:0,_ZN45TEST_GROUP_CppUTestGroupgame_client_main_loopD1Ev
FNDA:0,_ZN45TEST_GROUP_CppUTestGroupgame_client_main_loopD0Ev
FNDA:2,_ZN45TEST_GROUP_CppUTestGroupgame_client_main_loopD2Ev
FNDA:2,_ZN45TEST_GROUP_CppUTestGroupgame_client_main_loop8teardownEv
FNDA:2,__cxx_global_var_init
FNDA:2,_ZN48TEST_game_client_ext_api_setup_success_TestShellC1Ev
FNDA:2,_ZN48TEST_game_client_ext_api_setup_success_TestShellD1Ev
FNDA:2,__cxx_global_var_init.2
FNDA:2,_ZN43TEST_game_client_ext_api_setup_success_Test8testBodyEv
FNDA:2,_ZN43TEST_game_client_ext_api_setup_success_TestD1Ev
FNDA:2,_ZN43TEST_game_client_ext_api_setup_success_TestD0Ev
FNDA:2,_ZN48TEST_game_client_ext_api_setup_success_TestShellC2Ev
FNDA:0,_ZN48TEST_game_client_ext_api_setup_success_TestShellD0Ev
FNDA:2,_ZN48TEST_game_client_ext_api_setup_success_TestShell10createTestEv
FNDA:2,_ZN43TEST_game_client_ext_api_setup_success_TestC1Ev
FNDA:2,_ZN43TEST_game_client_ext_api_setup_success_TestC2Ev
FNDA:2,_ZN48TEST_game_client_ext_api_setup_success_TestShellD2Ev
FNDA:2,_ZN43TEST_game_client_ext_api_setup_success_TestD2Ev
FNDA:2,__cxx_global_var_init.14
FNDA:2,_ZN56TEST_game_client_ext_api_setup_pthread_failure_TestShellC1Ev
FNDA:2,_ZN56TEST_game_client_ext_api_setup_pthread_failure_TestShellD1Ev
FNDA:2,__cxx_global_var_init.15
FNDA:2,_ZN51TEST_game_client_ext_api_setup_pthread_failure_Test8testBodyEv
FNDA:2,_ZN51TEST_game_client_ext_api_setup_pthread_failure_TestD1Ev
FNDA:2,_ZN51TEST_game_client_ext_api_setup_pthread_failure_TestD0Ev
FNDA:2,_ZN56TEST_game_client_ext_api_setup_pthread_failure_TestShellC2Ev
FNDA:0,_ZN56TEST_game_client_ext_api_setup_pthread_failure_TestShellD0Ev
FNDA:2,_ZN56TEST_game_client_ext_api_setup_pthread_failure_TestShell10createTestEv
FNDA:2,_ZN51TEST_game_client_ext_api_setup_pthread_failure_TestC1Ev
FNDA:2,_ZN51TEST_game_client_ext_api_setup_pthread_failure_TestC2Ev
FNDA:2,_ZN56TEST_game_client_ext_api_setup_pthread_failure_TestShellD2Ev
FNDA:2,_ZN51TEST_game_client_ext_api_setup_pthread_failure_TestD2Ev
FNDA:2,__cxx_global_var_init.21
FNDA:2,_ZN49TEST_game_client_ext_api_finish_success_TestShellC1Ev
FNDA:2,_ZN49TEST_game_client_ext_api_finish_success_TestShellD1Ev
FNDA:2,__cxx_global_var_init.22
FNDA:2,_ZN44TEST_game_client_ext_api_finish_success_Test8testBodyEv
FNDA:2,_ZN44TEST_game_client_ext_api_finish_success_TestD1Ev
FNDA:2,_ZN44TEST_game_client_ext_api_finish_success_TestD0Ev
FNDA:2,_ZN49TEST_game_client_ext_api_finish_success_TestShellC2Ev
FNDA:0,_ZN49TEST_game_client_ext_api_finish_success_TestShellD0Ev
FNDA:2,_ZN49TEST_game_client_ext_api_finish_success_TestShell10createTestEv
FNDA:2,_ZN44TEST_game_client_ext_api_finish_success_TestC1Ev
FNDA:2,_ZN44TEST_game_client_ext_api_finish_success_TestC2Ev
FNDA:2,_ZN49TEST_game_client_ext_api_finish_success_TestShellD2Ev
FNDA:2,_ZN44TEST_game_client_ext_api_finish_success_TestD2Ev
FNDA:2,__cxx_global_var_init.25
FNDA:2,_ZN62TEST_game_client_ext_api_finish_pthread_join_failure_TestShellC1Ev
FNDA:2,_ZN62TEST_game_client_ext_api_finish_pthread_join_failure_TestShellD1Ev
FNDA:2,__cxx_global_var_init.26
FNDA:2,_ZN57TEST_game_client_ext_api_finish_pthread_join_failure_Test8testBodyEv
FNDA:2,_ZN57TEST_game_client_ext_api_finish_pthread_join_failure_TestD1Ev
FNDA:2,_ZN57TEST_game_client_ext_api_finish_pthread_join_failure_TestD0Ev
FNDA:2,_ZN62TEST_game_client_ext_api_finish_pthread_join_failure_TestShellC2Ev
FNDA:0,_ZN62TEST_game_client_ext_api_finish_pthread_join_failure_TestShellD0Ev
FNDA:2,_ZN62TEST_game_client_ext_api_finish_pthread_join_failure_TestShell10createTestEv
FNDA:2,_ZN57TEST_game_client_ext_api_finish_pthread_join_failure_TestC1Ev
FNDA:2,_ZN57TEST_game_client_ext_api_finish_pthread_join_failure_TestC2Ev
FNDA:2,_ZN62TEST_game_client_ext_api_finish_pthread_join_failure_TestShellD2Ev
FNDA:2,_ZN57TEST_game_client_ext_api_finish_pthread_join_failure_TestD2Ev
FNDA:2,__cxx_global_var_init.28
FNDA:2,_ZN53TEST_game_client_socket_open_socket_success_TestShellC1Ev
FNDA:2,_ZN53TEST_game_client_socket_open_socket_success_TestShellD1Ev
FNDA:2,__cxx_global_var_init.29
FNDA:2,_ZN48TEST_game_client_socket_open_socket_success_Test8testBodyEv
FNDA:2,_ZN48TEST_game_client_socket_open_socket_success_TestD1Ev
FNDA:2,_ZN48TEST_game_client_socket_open_socket_success_TestD0Ev
FNDA:2,_ZN53TEST_game_client_socket_open_socket_success_TestShellC2Ev
FNDA:0,_ZN53TEST_game_client_socket_open_socket_success_TestShellD0Ev
FNDA:2,_ZN53TEST_game_client_socket_open_socket_success_TestShell10createTestEv
FNDA:2,_ZN48TEST_game_client_socket_open_socket_success_TestC1Ev
FNDA:2,_ZN48TEST_game_client_socket_open_socket_success_TestC2Ev
FNDA:2,_ZN53TEST_game_client_socket_open_socket_success_TestShellD2Ev
FNDA:2,_ZN48TEST_game_client_socket_open_socket_success_TestD2Ev
FNDA:2,__cxx_global_var_init.37
FNDA:2,_ZN60TEST_game_client_socket_open_socket_socket_failure_TestShellC1Ev
FNDA:2,_ZN60TEST_game_client_socket_open_socket_socket_failure_TestShellD1Ev
FNDA:2,__cxx_global_var_init.38
FNDA:2,_ZN55TEST_game_client_socket_open_socket_socket_failure_Test8testBodyEv
FNDA:2,_ZN55TEST_game_client_socket_open_socket_socket_failure_TestD1Ev
FNDA:2,_ZN55TEST_game_client_socket_open_socket_socket_failure_TestD0Ev
FNDA:2,_ZN60TEST_game_client_socket_open_socket_socket_failure_TestShellC2Ev
FNDA:0,_ZN60TEST_game_client_socket_open_socket_socket_failure_TestShellD0Ev
FNDA:2,_ZN60TEST_game_client_socket_open_socket_socket_failure_TestShell10createTestEv
FNDA:2,_ZN55TEST_game_client_socket_open_socket_socket_failure_TestC1Ev
FNDA:2,_ZN55TEST_game_client_socket_open_socket_socket_failure_TestC2Ev
FNDA:2,_ZN60TEST_game_client_socket_open_socket_socket_failure_TestShellD2Ev
FNDA:2,_ZN55TEST_game_client_socket_open_socket_socket_failure_TestD2Ev
FNDA:2,__cxx_global_var_init.40
FNDA:2,_ZN61TEST_game_client_socket_open_socket_connect_failure_TestShellC1Ev
FNDA:2,_ZN61TEST_game_client_socket_open_socket_connect_failure_TestShellD1Ev
FNDA:2,__cxx_global_var_init.41
FNDA:2,_ZN56TEST_game_client_socket_open_socket_connect_failure_Test8testBodyEv
FNDA:2,_ZN56TEST_game_client_socket_open_socket_connect_failure_TestD1Ev
FNDA:2,_ZN56TEST_game_client_socket_open_socket_connect_failure_TestD0Ev
FNDA:2,_ZN61TEST_game_client_socket_open_socket_connect_failure_TestShellC2Ev
FNDA:0,_ZN61TEST_game_client_socket_open_socket_connect_failure_TestShellD0Ev
FNDA:2,_ZN61TEST_game_client_socket_open_socket_connect_failure_TestShell10createTestEv
FNDA:2,_ZN56TEST_game_client_socket_open_socket_connect_failure_TestC1Ev
FNDA:2,_ZN56TEST_game_client_socket_open_socket_connect_failure_TestC2Ev
FNDA:2,_ZN61TEST_game_client_socket_open_socket_connect_failure_TestShellD2Ev
FNDA:2,_ZN56TEST_game_client_socket_open_socket_connect_failure_TestD2Ev
FNDA:2,__cxx_global_var_init.45
FNDA:2,_ZN54TEST_game_client_socket_close_socket_success_TestShellC1Ev
FNDA:2,_ZN54TEST_game_client_socket_close_socket_success_TestShellD1Ev
FNDA:2,__cxx_global_var_init.46
FNDA:2,_ZN49TEST_game_client_socket_close_socket_success_Test8testBodyEv
FNDA:2,_ZN49TEST_game_client_socket_close_socket_success_TestD1Ev
FNDA:2,_ZN49TEST_game_client_socket_close_socket_success_TestD0Ev
FNDA:2,_ZN54TEST_game_client_socket_close_socket_success_TestShellC2Ev
FNDA:0,_ZN54TEST_game_client_socket_close_socket_success_TestShellD0Ev
FNDA:2,_ZN54TEST_game_client_socket_close_socket_success_TestShell10createTestEv
FNDA:2,_ZN49TEST_game_client_socket_close_socket_success_TestC1Ev
FNDA:2,_ZN49TEST_game_client_socket_close_socket_success_TestC2Ev
FNDA:2,_ZN54TEST_game_client_socket_close_socket_success_TestShellD2Ev
FNDA:2,_ZN49TEST_game_client_socket_close_socket_success_TestD2Ev
FNDA:2,__cxx_global_var_init.48
FNDA:2,_ZN54TEST_game_client_socket_close_socket_failure_TestShellC1Ev
FNDA:2,_ZN54TEST_game_client_socket_close_socket_failure_TestShellD1Ev
FNDA:2,__cxx_global_var_init.49
FNDA:2,_ZN49TEST_game_client_socket_close_socket_failure_Test8testBodyEv
FNDA:2,_ZN49TEST_game_client_socket_close_socket_failure_TestD1Ev
FNDA:2,_ZN49TEST_game_client_socket_close_socket_failure_TestD0Ev
FNDA:2,_ZN54TEST_game_client_socket_close_socket_failure_TestShellC2Ev
FNDA:0,_ZN54TEST_game_client_socket_close_socket_failure_TestShellD0Ev
FNDA:2,_ZN54TEST_game_client_socket_close_socket_failure_TestShell10createTestEv
FNDA:2,_ZN49TEST_game_client_socket_close_socket_failure_TestC1Ev
FNDA:2,_ZN49TEST_game_client_socket_close_socket_failure_TestC2Ev
FNDA:2,_ZN54TEST_game_client_socket_close_socket_failure_TestShellD2Ev
FNDA:2,_ZN49TEST_game_client_socket_close_socket_failure_TestD2Ev
FNDA:2,__cxx_global_var_init.51
FNDA:2,_ZN47TEST_game_client_main_loop_write_once_TestShellC1Ev
FNDA:2,_ZN47TEST_game_client_main_loop_write_once_TestShellD1Ev
FNDA:2,__cxx_global_var_init.52
FNDA:2,_ZN42TEST_game_client_main_loop_write_once_Test8testBodyEv
FNDA:2,_ZN42TEST_game_client_main_loop_write_once_TestD1Ev
FNDA:2,_ZN42TEST_game_client_main_loop_write_once_TestD0Ev
FNDA:2,_ZN47TEST_game_client_main_loop_write_once_TestShellC2Ev
FNDA:0,_ZN47TEST_game_client_main_loop_write_once_TestShellD0Ev
FNDA:2,_ZN47TEST_game_client_main_loop_write_once_TestShell10createTestEv
FNDA:2,_ZN42TEST_game_client_main_loop_write_once_TestC1Ev
FNDA:2,_ZN42TEST_game_client_main_loop_write_once_TestC2Ev
FNDA:2,_ZN47TEST_game_client_main_loop_write_once_TestShellD2Ev
FNDA:2,_ZN42TEST_game_client_main_loop_write_once_TestD2Ev
FNF:156
FNH:140
BRDA:27,0,0,8
BRDA:27,0,1,0
BRDA:27,1,2,8
BRDA:27,1,3,0
BRDA:28,0,0,8
BRDA:28,0,1,0
BRDA:28,1,2,8
BRDA:28,1,3,0
BRDA:52,0,0,10
BRDA:52,0,1,0
BRDA:52,1,2,10
BRDA:52,1,3,0
BRDA:53,0,0,10
BRDA:53,0,1,0
BRDA:53,1,2,10
BRDA:53,1,3,0
BRDA:63,0,0,2
BRDA:63,0,1,0
BRDA:63,1,2,2
BRDA:63,1,3,0
BRDA:64,0,0,2
BRDA:64,0,1,0
BRDA:64,1,2,2
BRDA:64,1,3,0
BRDA:68,10,0,2
BRDA:68,10,1,0
BRDA:72,0,0,2
BRDA:72,0,1,0
BRDA:72,1,2,2
BRDA:72,1,3,0
BRDA:72,2,4,2
BRDA:72,2,5,0
BRDA:73,0,0,2
BRDA:73,0,1,0
BRDA:73,1,2,2
BRDA:73,1,3,0
BRDA:74,0,0,2
BRDA:74,0,1,0
BRDA:74,1,2,2
BRDA:74,1,3,0
BRDA:77,0,0,0
BRDA:77,0,1,2
BRDA:77,1,2,-
BRDA:77,1,3,-
BRDA:77,3,4,-
BRDA:77,3,5,-
BRDA:77,5,6,-
BRDA:77,5,7,-
BRDA:77,6,8,-
BRDA:77,6,9,-
BRDA:77,7,10,-
BRDA:77,7,11,-
BRDA:77,8,12,-
BRDA:77,8,13,-
BRDA:77,13,14,2
BRDA:77,13,15,0
BRDA:78,0,0,0
BRDA:78,0,1,2
BRDA:78,1,2,-
BRDA:78,1,3,-
BRDA:78,3,4,-
BRDA:78,3,5,-
BRDA:78,5,6,-
BRDA:78,5,7,-
BRDA:78,6,8,-
BRDA:78,6,9,-
BRDA:78,7,10,-
BRDA:78,7,11,-
BRDA:78,8,12,-
BRDA:78,8,13,-
BRDA:78,13,14,2
BRDA:78,13,15,0
BRDA:79,0,0,0
BRDA:79,0,1,2
BRDA:79,1,2,-
BRDA:79,1,3,-
BRDA:79,3,4,-
BRDA:79,3,5,-
BRDA:79,5,6,-
BRDA:79,5,7,-
BRDA:79,6,8,-
BRDA:79,6,9,-
BRDA:79,7,10,-
BRDA:79,7,11,-
BRDA:79,8,12,-
BRDA:79,8,13,-
BRDA:79,13,14,2
BRDA:79,13,15,0
BRDA:80,0,0,2
BRDA:80,0,1,0
BRDA:83,10,0,2
BRDA:83,10,1,0
BRDA:86,0,0,2
BRDA:86,0,1,0
BRDA:86,1,2,2
BRDA:86,1,3,0
BRDA:86,2,4,2
BRDA:86,2,5,0
BRDA:87,0,0,2
BRDA:87,0,1,0
BRDA:87,1,2,2
BRDA:87,1,3,0
BRDA:88,0,0,2
BRDA:88,0,1,0
BRDA:88,1,2,2
BRDA:88,1,3,0
BRDA:89,0,0,2
BRDA:89,0,1,0
BRDA:89,1,2,2
BRDA:89,1,3,0
BRDA:89,2,4,2
BRDA:89,2,5,0
BRDA:90,0,0,2
BRDA:90,0,1,0
BRDA:90,1,2,2
BRDA:90,1,3,0
BRDA:92,0,0,0
BRDA:92,0,1,2
BRDA:92,2,2,2
BRDA:92,2,3,0
BRDA:92,3,4,2
BRDA:92,3,5,0
BRDA:92,5,6,0
BRDA:92,5,7,2
BRDA:92,6,8,-
BRDA:92,6,9,-
BRDA:92,7,10,-
BRDA:92,7,11,-
BRDA:92,8,12,-
BRDA:92,8,13,-
BRDA:92,10,14,-
BRDA:92,10,15,-
BRDA:92,11,16,-
BRDA:92,11,17,-
BRDA:92,12,18,-
BRDA:92,12,19,-
BRDA:92,15,20,-
BRDA:92,15,21,-
BRDA:92,18,22,0
BRDA:92,18,23,2
BRDA:92,19,24,0
BRDA:92,19,25,2
BRDA:94,0,0,2
BRDA:94,0,1,0
BRDA:97,10,0,2
BRDA:97,10,1,0
BRDA:102,0,0,2
BRDA:102,0,1,0
BRDA:102,1,2,2
BRDA:102,1,3,0
BRDA:102,2,4,2
BRDA:102,2,5,0
BRDA:103,0,0,2
BRDA:103,0,1,0
BRDA:103,1,2,2
BRDA:103,1,3,0
BRDA:104,0,0,2
BRDA:104,0,1,0
BRDA:104,1,2,2
BRDA:104,1,3,0
BRDA:107,0,0,0
BRDA:107,0,1,2
BRDA:107,1,2,-
BRDA:107,1,3,-
BRDA:107,3,4,-
BRDA:107,3,5,-
BRDA:107,4,6,-
BRDA:107,4,7,-
BRDA:107,5,8,-
BRDA:107,5,9,-
BRDA:107,6,10,-
BRDA:107,6,11,-
BRDA:107,11,12,2
BRDA:107,11,13,0
BRDA:108,0,0,0
BRDA:108,0,1,2
BRDA:108,1,2,-
BRDA:108,1,3,-
BRDA:108,3,4,-
BRDA:108,3,5,-
BRDA:108,4,6,-
BRDA:108,4,7,-
BRDA:108,5,8,-
BRDA:108,5,9,-
BRDA:108,6,10,-
BRDA:108,6,11,-
BRDA:108,11,12,2
BRDA:108,11,13,0
BRDA:109,0,0,0
BRDA:109,0,1,2
BRDA:109,1,2,-
BRDA:109,1,3,-
BRDA:109,3,4,-
BRDA:109,3,5,-
BRDA:109,4,6,-
BRDA:109,4,7,-
BRDA:109,5,8,-
BRDA:109,5,9,-
BRDA:109,6,10,-
BRDA:109,6,11,-
BRDA:109,11,12,2
BRDA:109,11,13,0
BRDA:112,10,0,2
BRDA:112,10,1,0
BRDA:117,0,0,2
BRDA:117,0,1,0
BRDA:117,1,2,2
BRDA:117,1,3,0
BRDA:117,2,4,2
BRDA:117,2,5,0
BRDA:118,0,0,2
BRDA:118,0,1,0
BRDA:118,1,2,2
BRDA:118,1,3,0
BRDA:119,0,0,2
BRDA:119,0,1,0
BRDA:119,1,2,2
BRDA:119,1,3,0
BRDA:122,0,0,0
BRDA:122,0,1,2
BRDA:122,1,2,-
BRDA:122,1,3,-
BRDA:122,3,4,-
BRDA:122,3,5,-
BRDA:122,4,6,-
BRDA:122,4,7,-
BRDA:122,5,8,-
BRDA:122,5,9,-
BRDA:122,6,10,-
BRDA:122,6,11,-
BRDA:122,11,12,2
BRDA:122,11,13,0
BRDA:123,0,0,0
BRDA:123,0,1,2
BRDA:123,1,2,-
BRDA:123,1,3,-
BRDA:123,3,4,-
BRDA:123,3,5,-
BRDA:123,4,6,-
BRDA:123,4,7,-
BRDA:123,5,8,-
BRDA:123,5,9,-
BRDA:123,6,10,-
BRDA:123,6,11,-
BRDA:123,11,12,2
BRDA:123,11,13,0
BRDA:124,0,0,0
BRDA:124,0,1,2
BRDA:124,1,2,-
BRDA:124,1,3,-
BRDA:124,3,4,-
BRDA:124,3,5,-
BRDA:124,4,6,-
BRDA:124,4,7,-
BRDA:124,5,8,-
BRDA:124,5,9,-
BRDA:124,6,10,-
BRDA:124,6,11,-
BRDA:124,11,12,2
BRDA:124,11,13,0
BRDA:127,10,0,2
BRDA:127,10,1,0
BRDA:131,0,0,2
BRDA:131,0,1,0
BRDA:131,1,2,2
BRDA:131,1,3,0
BRDA:131,2,4,2
BRDA:131,2,5,0
BRDA:132,0,0,2
BRDA:132,0,1,0
BRDA:132,1,2,2
BRDA:132,1,3,0
BRDA:133,0,0,2
BRDA:133,0,1,0
BRDA:133,1,2,2
BRDA:133,1,3,0
BRDA:134,0,0,2
BRDA:134,0,1,0
BRDA:134,1,2,2
BRDA:134,1,3,0
BRDA:135,0,0,2
BRDA:135,0,1,0
BRDA:135,1,2,2
BRDA:135,1,3,0
BRDA:138,0,0,2
BRDA:138,0,1,0
BRDA:138,1,2,2
BRDA:138,1,3,0
BRDA:138,2,4,2
BRDA:138,2,5,0
BRDA:139,0,0,2
BRDA:139,0,1,0
BRDA:139,1,2,2
BRDA:139,1,3,0
BRDA:140,0,0,2
BRDA:140,0,1,0
BRDA:140,1,2,2
BRDA:140,1,3,0
BRDA:143,0,0,0
BRDA:143,0,1,2
BRDA:143,1,2,-
BRDA:143,1,3,-
BRDA:143,3,4,-
BRDA:143,3,5,-
BRDA:143,5,6,-
BRDA:143,5,7,-
BRDA:143,6,8,-
BRDA:143,6,9,-
BRDA:143,7,10,-
BRDA:143,7,11,-
BRDA:143,8,12,-
BRDA:143,8,13,-
BRDA:143,13,14,2
BRDA:143,13,15,0
BRDA:146,10,0,2
BRDA:146,10,1,0
BRDA:150,0,0,2
BRDA:150,0,1,0
BRDA:150,1,2,2
BRDA:150,1,3,0
BRDA:150,2,4,2
BRDA:150,2,5,0
BRDA:151,0,0,2
BRDA:151,0,1,0
BRDA:151,1,2,2
BRDA:151,1,3,0
BRDA:152,0,0,2
BRDA:152,0,1,0
BRDA:152,1,2,2
BRDA:152,1,3,0
BRDA:153,0,0,2
BRDA:153,0,1,0
BRDA:153,1,2,2
BRDA:153,1,3,0
BRDA:154,0,0,2
BRDA:154,0,1,0
BRDA:154,1,2,2
BRDA:154,1,3,0
BRDA:155,0,0,2
BRDA:155,0,1,0
BRDA:155,1,2,2
BRDA:155,1,3,0
BRDA:155,2,4,2
BRDA:155,2,5,0
BRDA:156,0,0,2
BRDA:156,0,1,0
BRDA:156,1,2,2
BRDA:156,1,3,0
BRDA:158,0,0,0
BRDA:158,0,1,2
BRDA:158,2,2,2
BRDA:158,2,3,0
BRDA:158,3,4,2
BRDA:158,3,5,0
BRDA:158,5,6,0
BRDA:158,5,7,2
BRDA:158,6,8,-
BRDA:158,6,9,-
BRDA:158,7,10,-
BRDA:158,7,11,-
BRDA:158,8,12,-
BRDA:158,8,13,-
BRDA:158,10,14,-
BRDA:158,10,15,-
BRDA:158,11,16,-
BRDA:158,11,17,-
BRDA:158,12,18,-
BRDA:158,12,19,-
BRDA:158,15,20,-
BRDA:158,15,21,-
BRDA:158,18,22,0
BRDA:158,18,23,2
BRDA:158,19,24,0
BRDA:158,19,25,2
BRDA:161,10,0,2
BRDA:161,10,1,0
BRDA:165,0,0,2
BRDA:165,0,1,0
BRDA:165,1,2,2
BRDA:165,1,3,0
BRDA:165,2,4,2
BRDA:165,2,5,0
BRDA:166,0,0,2
BRDA:166,0,1,0
BRDA:166,1,2,2
BRDA:166,1,3,0
BRDA:167,0,0,2
BRDA:167,0,1,0
BRDA:167,1,2,2
BRDA:167,1,3,0
BRDA:168,0,0,2
BRDA:168,0,1,0
BRDA:168,1,2,2
BRDA:168,1,3,0
BRDA:169,0,0,2
BRDA:169,0,1,0
BRDA:169,1,2,2
BRDA:169,1,3,0
BRDA:170,0,0,2
BRDA:170,0,1,0
BRDA:170,1,2,2
BRDA:170,1,3,0
BRDA:170,2,4,2
BRDA:170,2,5,0
BRDA:171,0,0,2
BRDA:171,0,1,0
BRDA:171,1,2,2
BRDA:171,1,3,0
BRDA:172,0,0,2
BRDA:172,0,1,0
BRDA:172,1,2,2
BRDA:172,1,3,0
BRDA:173,0,0,2
BRDA:173,0,1,0
BRDA:173,1,2,2
BRDA:173,1,3,0
BRDA:173,2,4,2
BRDA:173,2,5,0
BRDA:174,0,0,2
BRDA:174,0,1,0
BRDA:174,1,2,2
BRDA:174,1,3,0
BRDA:175,0,0,2
BRDA:175,0,1,0
BRDA:175,1,2,2
BRDA:175,1,3,0
BRDA:176,0,0,2
BRDA:176,0,1,0
BRDA:176,1,2,2
BRDA:176,1,3,0
BRDA:176,2,4,2
BRDA:176,2,5,0
BRDA:177,0,0,2
BRDA:177,0,1,0
BRDA:177,1,2,2
BRDA:177,1,3,0
BRDA:179,0,0,0
BRDA:179,0,1,2
BRDA:179,2,2,2
BRDA:179,2,3,0
BRDA:179,3,4,2
BRDA:179,3,5,0
BRDA:179,5,6,0
BRDA:179,5,7,2
BRDA:179,6,8,-
BRDA:179,6,9,-
BRDA:179,7,10,-
BRDA:179,7,11,-
BRDA:179,8,12,-
BRDA:179,8,13,-
BRDA:179,10,14,-
BRDA:179,10,15,-
BRDA:179,11,16,-
BRDA:179,11,17,-
BRDA:179,12,18,-
BRDA:179,12,19,-
BRDA:179,15,20,-
BRDA:179,15,21,-
BRDA:179,18,22,0
BRDA:179,18,23,2
BRDA:179,19,24,0
BRDA:179,19,25,2
BRDA:180,0,0,0
BRDA:180,0,1,2
BRDA:180,1,2,-
BRDA:180,1,3,-
BRDA:180,3,4,-
BRDA:180,3,5,-
BRDA:180,4,6,-
BRDA:180,4,7,-
BRDA:180,5,8,-
BRDA:180,5,9,-
BRDA:180,6,10,-
BRDA:180,6,11,-
BRDA:180,11,12,2
BRDA:180,11,13,0
BRDA:183,10,0,2
BRDA:183,10,1,0
BRDA:188,0,0,2
BRDA:188,0,1,0
BRDA:188,1,2,2
BRDA:188,1,3,0
BRDA:188,2,4,2
BRDA:188,2,5,0
BRDA:189,0,0,2
BRDA:189,0,1,0
BRDA:189,1,2,2
BRDA:189,1,3,0
BRDA:190,0,0,2
BRDA:190,0,1,0
BRDA:190,1,2,2
BRDA:190,1,3,0
BRDA:194,0,0,0
BRDA:194,0,1,2
BRDA:194,1,2,-
BRDA:194,1,3,-
BRDA:194,3,4,-
BRDA:194,3,5,-
BRDA:194,4,6,-
BRDA:194,4,7,-
BRDA:194,5,8,-
BRDA:194,5,9,-
BRDA:194,6,10,-
BRDA:194,6,11,-
BRDA:194,11,12,2
BRDA:194,11,13,0
BRDA:197,10,0,2
BRDA:197,10,1,0
BRDA:202,0,0,2
BRDA:202,0,1,0
BRDA:202,1,2,2
BRDA:202,1,3,0
BRDA:202,2,4,2
BRDA:202,2,5,0
BRDA:203,0,0,2
BRDA:203,0,1,0
BRDA:203,1,2,2
BRDA:203,1,3,0
BRDA:204,0,0,2
BRDA:204,0,1,0
BRDA:204,1,2,2
BRDA:204,1,3,0
BRDA:208,0,0,0
BRDA:208,0,1,2
BRDA:208,1,2,-
BRDA:208,1,3,-
BRDA:208,3,4,-
BRDA:208,3,5,-
BRDA:208,4,6,-
BRDA:208,4,7,-
BRDA:208,5,8,-
BRDA:208,5,9,-
BRDA:208,6,10,-
BRDA:208,6,11,-
BRDA:208,11,12,2
BRDA:208,11,13,0
BRDA:211,10,0,2
BRDA:211,10,1,0
BRDA:214,0,0,2
BRDA:214,0,1,0
BRDA:214,1,2,2
BRDA:214,1,3,0
BRDA:214,2,4,2
BRDA:214,2,5,0
BRDA:215,0,0,2
BRDA:215,0,1,0
BRDA:215,1,2,2
BRDA:215,1,3,0
BRDA:216,0,0,2
BRDA:216,0,1,0
BRDA:216,1,2,2
BRDA:216,1,3,0
BRF:552
BRH:186
DA:12,8
DA:14,8
DA:18,8
DA:26,8
DA:27,8
DA:28,8
DA:29,8
DA:32,10
DA:37,10
DA:41,10
DA:46,10
DA:47,10
DA:52,10
DA:53,10
DA:54,10
DA:57,2
DA:62,2
DA:63,2
DA:64,2
DA:65,2
DA:68,2
DA:70,2
DA:72,2
DA:73,2
DA:74,2
DA:75,2
DA:77,2
DA:78,2
DA:79,2
DA:80,2
DA:81,2
DA:83,2
DA:85,2
DA:86,2
DA:87,2
DA:88,2
DA:89,2
DA:90,2
DA:92,2
DA:94,2
DA:95,2
DA:97,2
DA:99,2
DA:101,2
DA:102,2
DA:103,2
DA:104,2
DA:105,2
DA:107,2
DA:108,2
DA:109,2
DA:110,2
DA:112,2
DA:114,2
DA:116,2
DA:117,2
DA:118,2
DA:119,2
DA:120,2
DA:122,2
DA:123,2
DA:124,2
DA:125,2
DA:127,2
DA:129,2
DA:131,2
DA:132,2
DA:133,2
DA:134,2
DA:135,2
DA:137,2
DA:138,2
DA:139,2
DA:140,2
DA:141,2
DA:143,2
DA:144,2
DA:146,2
DA:148,2
DA:150,2
DA:151,2
DA:152,2
DA:153,2
DA:154,2
DA:155,2
DA:156,2
DA:158,2
DA:159,2
DA:161,2
DA:163,2
DA:165,2
DA:166,2
DA:167,2
DA:168,2
DA:169,2
DA:170,2
DA:171,2
DA:172,2
DA:173,2
DA:174,2
DA:175,2
DA:176,2
DA:177,2
DA:179,2
DA:180,2
DA:181,2
DA:183,2
DA:185,2
DA:186,2
DA:188,2
DA:189,2
DA:190,2
DA:192,2
DA:194,2
DA:195,2
DA:197,2
DA:199,2
DA:200,2
DA:202,2
DA:203,2
DA:204,2
DA:206,2
DA:208,2
DA:209,2
DA:211,2
DA:213,2
DA:214,2
DA:215,2
DA:216,2
DA:217,2
DA:218,2
DA:219,2
DA:220,2
LF:133
LH:133
end_of_record
TN:
SF:/Library/Developer/CommandLineTools/usr/include/c++/v1/exception
FN:100,_ZNSt9exceptionC2Ev
FN:100,_ZNSt9exceptionC1Ev
FNDA:14,_ZNSt9exceptionC1Ev
FNDA:14,_ZNSt9exceptionC2Ev
FNF:2
FNH:2
DA:100,14
LF:1
LH:1
end_of_record
SF:/usr/local/include/CppUTest/Utest.h
FN:62,_ZN14TestTerminatorC2Ev
FN:69,_ZN20NormalTestTerminatorC1Ev
FN:69,_ZN20NormalTestTerminatorC2Ev
FNDA:0,_ZN14TestTerminatorC2Ev
FNDA:0,_ZN20NormalTestTerminatorC1Ev
FNDA:0,_ZN20NormalTestTerminatorC2Ev
FNF:3
FNH:0
DA:62,0
DA:69,0
LF:2
LH:0
end_of_record
SF:/usr/local/include/CppUTestExt/MockActualCall.h
FN:47,_ZN14MockActualCall13withParameterERK12SimpleStringi
FN:53,_ZN14MockActualCall13withParameterERK12SimpleStringPv
FNDA:110,_ZN14MockActualCall13withParameterERK12SimpleStringi
FNDA:16,_ZN14MockActualCall13withParameterERK12SimpleStringPv
FNF:2
FNH:2
DA:47,110
DA:53,16
LF:2
LH:2
end_of_record
SF:/Users/mmallin/src/artillery_range/test/common_mocks.cpp
FN:14,SDL_Log
FN:23,pthread_create
FN:34,_pthread_join
FN:44,exit
FN:52,socket
FN:64,_connect
FN:77,_close
FN:87,_write
FN:97,_bind
FN:107,_getsockname
FN:114,_listen
FN:125,_pselect$1050
FN:139,_accept
FNDA:160,SDL_Log
FNDA:8,pthread_create
FNDA:8,_pthread_join
FNDA:14,exit
FNDA:14,socket
FNDA:4,_connect
FNDA:38,_close
FNDA:2,_write
FNDA:6,_bind
FNDA:2,_getsockname
FNDA:4,_listen
FNDA:48,_pselect$1050
FNDA:22,_accept
FNF:13
FNH:13
BRDA:27,0,0,8
BRDA:27,0,1,0
BRDA:27,1,2,8
BRDA:27,1,3,0
BRDA:27,2,4,8
BRDA:27,2,5,0
BRDA:28,0,0,8
BRDA:28,0,1,0
BRDA:28,1,2,8
BRDA:28,1,3,0
BRDA:29,0,0,8
BRDA:29,0,1,0
BRDA:29,1,2,8
BRDA:29,1,3,0
BRDA:37,0,0,8
BRDA:37,0,1,0
BRDA:37,1,2,8
BRDA:37,1,3,0
BRDA:37,2,4,8
BRDA:37,2,5,0
BRDA:38,0,0,8
BRDA:38,0,1,0
BRDA:38,1,2,8
BRDA:38,1,3,0
BRDA:39,0,0,8
BRDA:39,0,1,0
BRDA:39,1,2,8
BRDA:39,1,3,0
BRDA:46,0,0,14
BRDA:46,0,1,0
BRDA:46,1,2,14
BRDA:46,1,3,0
BRDA:46,2,4,14
BRDA:46,2,5,0
BRDA:47,0,0,14
BRDA:47,0,1,0
BRDA:47,1,2,14
BRDA:47,1,3,0
BRDA:55,0,0,14
BRDA:55,0,1,0
BRDA:55,1,2,14
BRDA:55,1,3,0
BRDA:55,2,4,14
BRDA:55,2,5,0
BRDA:56,0,0,14
BRDA:56,0,1,0
BRDA:56,1,2,14
BRDA:56,1,3,0
BRDA:57,0,0,14
BRDA:57,0,1,0
BRDA:57,1,2,14
BRDA:57,1,3,0
BRDA:58,0,0,14
BRDA:58,0,1,0
BRDA:58,1,2,14
BRDA:58,1,3,0
BRDA:59,0,0,14
BRDA:59,0,1,0
BRDA:59,1,2,14
BRDA:59,1,3,0
BRDA:68,0,0,4
BRDA:68,0,1,0
BRDA:68,1,2,4
BRDA:68,1,3,0
BRDA:68,2,4,4
BRDA:68,2,5,0
BRDA:69,0,0,4
BRDA:69,0,1,0
BRDA:69,1,2,4
BRDA:69,1,3,0
BRDA:70,0,0,4
BRDA:70,0,1,0
BRDA:70,1,2,4
BRDA:70,1,3,0
BRDA:72,0,0,0
BRDA:72,0,1,4
BRDA:72,1,2,-
BRDA:72,1,3,-
BRDA:72,3,4,-
BRDA:72,3,5,-
BRDA:72,4,6,-
BRDA:72,4,7,-
BRDA:72,5,8,-
BRDA:72,5,9,-
BRDA:72,6,10,-
BRDA:72,6,11,-
BRDA:72,11,12,4
BRDA:72,11,13,0
BRDA:80,0,0,38
BRDA:80,0,1,0
BRDA:80,1,2,38
BRDA:80,1,3,0
BRDA:80,2,4,38
BRDA:80,2,5,0
BRDA:81,0,0,38
BRDA:81,0,1,0
BRDA:81,1,2,38
BRDA:81,1,3,0
BRDA:82,0,0,38
BRDA:82,0,1,0
BRDA:82,1,2,38
BRDA:82,1,3,0
BRDA:90,0,0,2
BRDA:90,0,1,0
BRDA:90,1,2,2
BRDA:90,1,3,0
BRDA:90,2,4,2
BRDA:90,2,5,0
BRDA:91,0,0,2
BRDA:91,0,1,0
BRDA:91,1,2,2
BRDA:91,1,3,0
BRDA:92,0,0,2
BRDA:92,0,1,0
BRDA:92,1,2,2
BRDA:92,1,3,0
BRDA:100,0,0,6
BRDA:100,0,1,0
BRDA:100,1,2,6
BRDA:100,1,3,0
BRDA:100,2,4,6
BRDA:100,2,5,0
BRDA:101,0,0,6
BRDA:101,0,1,0
BRDA:101,1,2,6
BRDA:101,1,3,0
BRDA:102,0,0,6
BRDA:102,0,1,0
BRDA:102,1,2,6
BRDA:102,1,3,0
BRDA:117,0,0,4
BRDA:117,0,1,0
BRDA:117,1,2,4
BRDA:117,1,3,0
BRDA:117,2,4,4
BRDA:117,2,5,0
BRDA:118,0,0,4
BRDA:118,0,1,0
BRDA:118,1,2,4
BRDA:118,1,3,0
BRDA:119,0,0,4
BRDA:119,0,1,0
BRDA:119,1,2,4
BRDA:119,1,3,0
BRDA:133,0,0,48
BRDA:133,0,1,0
BRDA:133,1,2,48
BRDA:133,1,3,0
BRDA:133,2,4,48
BRDA:133,2,5,0
BRDA:134,0,0,48
BRDA:134,0,1,0
BRDA:134,1,2,48
BRDA:134,1,3,0
BRDA:144,0,0,22
BRDA:144,0,1,0
BRDA:144,1,2,22
BRDA:144,1,3,0
BRDA:144,2,4,22
BRDA:144,2,5,0
BRDA:145,0,0,22
BRDA:145,0,1,0
BRDA:145,1,2,22
BRDA:145,1,3,0
BRF:164
BRH:77
DA:18,160
DA:19,160
DA:20,160
DA:27,8
DA:28,8
DA:29,8
DA:30,8
DA:31,0
DA:37,8
DA:38,8
DA:39,8
DA:40,8
DA:41,0
DA:46,14
DA:47,14
DA:48,14
DA:49,0
DA:55,14
DA:56,14
DA:57,14
DA:58,14
DA:59,14
DA:60,14
DA:61,0
DA:67,4
DA:68,4
DA:69,4
DA:70,4
DA:72,4
DA:73,4
DA:74,0
DA:80,38
DA:81,38
DA:82,38
DA:83,38
DA:84,0
DA:90,2
DA:91,2
DA:92,2
DA:93,2
DA:94,0
DA:100,6
DA:101,6
DA:102,6
DA:103,6
DA:104,0
DA:110,2
DA:117,4
DA:118,4
DA:119,4
DA:120,4
DA:121,0
DA:133,48
DA:134,48
DA:135,48
DA:136,0
DA:144,22
DA:145,22
DA:146,22
DA:147,0
LF:60
LH:49
end_of_record
